* ----------------------------------------------------------------
* Running PROLOG for DE_full on Tue Mar 12 21:46:06 WET 2024
*    JOB_NAME                : DE_full
*    JOB_ID                  : 15329788
*    JOB_PARTITION           : hpc
*    JOB_USER                : alexsayal
*    JOB_ACCOUNT             : uccibit
*    JOB_QOS                 : normal
*    NODE_LIST               : hpc074
*    SLURM_NNODES            : 1
*    SLURM_NPROCS            : 1
*    SLURM_NTASKS            : 1
*    SLURM_CPUS_ON_NODE      : 26
*    SLURM_TASKS_PER_NODE    : 1
*    SLURM_JOB_CPUS_PER_NODE : 26
*    SLURM_MEM_PER_NODE      : 262144
*    SUBMIT_HOST             : cirrus08.a.incd.pt
*    WORK_DIR                : /users3/uccibit/alexsayal/BIDS-BRAINPLAYBACK-TASK2/code
*    JOB_SCRIPT              : /users3/uccibit/alexsayal/BIDS-BRAINPLAYBACK-TASK2/code/mvpa/dataextract_ls-a_full-batch.sh
* ----------------------------------------------------------------
Extracting data std for subject sub-01 and run 4
    onset  duration          trial_type
0       0        12               Noise
1      12        24           Sadness01
2      42        24           Sadness02
3      66        18               Noise
4      84        24      Peacefulness01
5     114        24      Peacefulness02
6     138        18               Noise
7     156        24     Transcendence01
8     186        24     Transcendence02
9     210        18               Noise
10    228        24        Tenderness01
11    258        24        Tenderness02
12    282        18               Noise
13    300        24            Wonder01
14    330        24            Wonder02
15    354        18               Noise
16    372        24  JoyfulActivation01
17    402        24  JoyfulActivation02
18    426        18               Noise
19    444        24             Power01
20    474        24             Power02
21    498        18               Noise
22    516        24         Nostalgia01
23    546        24         Nostalgia02
24    570        18               Noise
25    588        24           Tension01
26    618        24           Tension02
27    642        18               Noise
['Sadness01', 'Sadness02', 'Peacefulness01', 'Peacefulness02', 'Transcendence01', 'Transcendence02', 'Tenderness01', 'Tenderness02', 'Wonder01', 'Wonder02', 'JoyfulActivation01', 'JoyfulActivation02', 'Power01', 'Power02', 'Nostalgia01', 'Nostalgia02', 'Tension01', 'Tension02']
Creating design matrix
Creating GLM
Fitting GLM
Deleted existing image file
Deleted existing trial_types file
Done for subject sub-01 and run 4

Extracting data std for subject sub-05 and run 4
    onset  duration          trial_type
0       0        12               Noise
1      12        24           Sadness01
2      42        24           Sadness02
3      66        18               Noise
4      84        24        Tenderness01
5     114        24        Tenderness02
6     138        18               Noise
7     156        24     Transcendence01
8     186        24     Transcendence02
9     210        18               Noise
10    228        24           Tension01
11    258        24           Tension02
12    282        18               Noise
13    300        24             Power01
14    330        24             Power02
15    354        18               Noise
16    372        24  JoyfulActivation01
17    402        24  JoyfulActivation02
18    426        18               Noise
19    444        24         Nostalgia01
20    474        24         Nostalgia02
21    498        18               Noise
22    516        24      Peacefulness01
23    546        24      Peacefulness02
24    570        18               Noise
25    588        24            Wonder01
26    618        24            Wonder02
27    642        18               Noise
['Sadness01', 'Sadness02', 'Tenderness01', 'Tenderness02', 'Transcendence01', 'Transcendence02', 'Tension01', 'Tension02', 'Power01', 'Power02', 'JoyfulActivation01', 'JoyfulActivation02', 'Nostalgia01', 'Nostalgia02', 'Peacefulness01', 'Peacefulness02', 'Wonder01', 'Wonder02']
Creating design matrix
Creating GLM
Fitting GLM
Deleted existing image file
Deleted existing trial_types file
Done for subject sub-05 and run 4

Extracting data std for subject sub-02 and run 1
    onset  duration          trial_type
0       0        12               Noise
1      12        24      Peacefulness01
2      42        24      Peacefulness02
3      66        18               Noise
4      84        24        Tenderness01
5     114        24        Tenderness02
6     138        18               Noise
7     156        24     Transcendence01
8     186        24     Transcendence02
9     210        18               Noise
10    228        24  JoyfulActivation01
11    258        24  JoyfulActivation02
12    282        18               Noise
13    300        24             Power01
14    330        24             Power02
15    354        18               Noise
16    372        24         Nostalgia01
17    402        24         Nostalgia02
18    426        18               Noise
19    444        24           Tension01
20    474        24           Tension02
21    498        18               Noise
22    516        24           Sadness01
23    546        24           Sadness02
24    570        18               Noise
25    588        24            Wonder01
26    618        24            Wonder02
27    642        18               Noise
['Peacefulness01', 'Peacefulness02', 'Tenderness01', 'Tenderness02', 'Transcendence01', 'Transcendence02', 'JoyfulActivation01', 'JoyfulActivation02', 'Power01', 'Power02', 'Nostalgia01', 'Nostalgia02', 'Tension01', 'Tension02', 'Sadness01', 'Sadness02', 'Wonder01', 'Wonder02']
Creating design matrix
Creating GLM
Fitting GLM
Deleted existing image file
Deleted existing trial_types file
Done for subject sub-02 and run 1

Extracting data std for subject sub-05 and run 3
    onset  duration          trial_type
0       0        12               Noise
1      12        24             Power01
2      42        24             Power02
3      66        18               Noise
4      84        24            Wonder01
5     114        24            Wonder02
6     138        18               Noise
7     156        24           Sadness01
8     186        24           Sadness02
9     210        18               Noise
10    228        24     Transcendence01
11    258        24     Transcendence02
12    282        18               Noise
13    300        24           Tension01
14    330        24           Tension02
15    354        18               Noise
16    372        24         Nostalgia01
17    402        24         Nostalgia02
18    427        18               Noise
19    444        24  JoyfulActivation01
20    474        24  JoyfulActivation02
21    498        18               Noise
22    516        24        Tenderness01
23    546        24        Tenderness02
24    570        18               Noise
25    588        24      Peacefulness01
26    618        24      Peacefulness02
27    642        18               Noise
['Power01', 'Power02', 'Wonder01', 'Wonder02', 'Sadness01', 'Sadness02', 'Transcendence01', 'Transcendence02', 'Tension01', 'Tension02', 'Nostalgia01', 'Nostalgia02', 'JoyfulActivation01', 'JoyfulActivation02', 'Tenderness01', 'Tenderness02', 'Peacefulness01', 'Peacefulness02']
Creating design matrix
Creating GLM
Fitting GLM
Deleted existing image file
Deleted existing trial_types file
Done for subject sub-05 and run 3

Extracting data std for subject sub-01 and run 1
    onset  duration          trial_type
0       0        12               Noise
1      12        24        Tenderness01
2      42        24        Tenderness02
3      66        18               Noise
4      84        24            Wonder01
5     114        24            Wonder02
6     138        18               Noise
7     156        24         Nostalgia01
8     187        24         Nostalgia02
9     210        18               Noise
10    228        24      Peacefulness01
11    258        24      Peacefulness02
12    282        18               Noise
13    300        24     Transcendence01
14    330        24     Transcendence02
15    354        18               Noise
16    372        24           Sadness01
17    402        24           Sadness02
18    426        18               Noise
19    444        24             Power01
20    474        24             Power02
21    498        18               Noise
22    516        24           Tension01
23    546        24           Tension02
24    570        18               Noise
25    588        24  JoyfulActivation01
26    618        24  JoyfulActivation02
27    642        18               Noise
['Tenderness01', 'Tenderness02', 'Wonder01', 'Wonder02', 'Nostalgia01', 'Nostalgia02', 'Peacefulness01', 'Peacefulness02', 'Transcendence01', 'Transcendence02', 'Sadness01', 'Sadness02', 'Power01', 'Power02', 'Tension01', 'Tension02', 'JoyfulActivation01', 'JoyfulActivation02']
Creating design matrix
Creating GLM
Fitting GLM
Deleted existing image file
Deleted existing trial_types file
Done for subject sub-01 and run 1

Extracting data std for subject sub-05 and run 2
    onset  duration          trial_type
0       0        12               Noise
1      12        24           Tension01
2      42        24           Tension02
3      66        18               Noise
4      84        24      Peacefulness01
5     114        24      Peacefulness02
6     138        18               Noise
7     156        24  JoyfulActivation01
8     186        24  JoyfulActivation02
9     210        18               Noise
10    228        24        Tenderness01
11    258        24        Tenderness02
12    282        18               Noise
13    300        24             Power01
14    330        24             Power02
15    354        18               Noise
16    372        24           Sadness01
17    402        24           Sadness02
18    426        18               Noise
19    444        24            Wonder01
20    474        24            Wonder02
21    498        18               Noise
22    516        24         Nostalgia01
23    546        24         Nostalgia02
24    570        18               Noise
25    588        24     Transcendence01
26    618        24     Transcendence02
27    642        18               Noise
['Tension01', 'Tension02', 'Peacefulness01', 'Peacefulness02', 'JoyfulActivation01', 'JoyfulActivation02', 'Tenderness01', 'Tenderness02', 'Power01', 'Power02', 'Sadness01', 'Sadness02', 'Wonder01', 'Wonder02', 'Nostalgia01', 'Nostalgia02', 'Transcendence01', 'Transcendence02']
Creating design matrix
Creating GLM
Fitting GLM
Deleted existing image file
Deleted existing trial_types file
Done for subject sub-05 and run 2

Extracting data std for subject sub-03 and run 4
    onset  duration          trial_type
0       0        12               Noise
1      12        24     Transcendence01
2      42        24     Transcendence02
3      66        18               Noise
4      84        24        Tenderness01
5     114        24        Tenderness02
6     138        18               Noise
7     156        24  JoyfulActivation01
8     186        24  JoyfulActivation02
9     210        18               Noise
10    228        24           Sadness01
11    258        24           Sadness02
12    282        18               Noise
13    300        24            Wonder01
14    330        24            Wonder02
15    354        18               Noise
16    372        24           Tension01
17    402        24           Tension02
18    426        18               Noise
19    444        24      Peacefulness01
20    474        24      Peacefulness02
21    498        18               Noise
22    516        24             Power01
23    546        24             Power02
24    570        18               Noise
25    588        24         Nostalgia01
26    618        24         Nostalgia02
27    642        18               Noise
['Transcendence01', 'Transcendence02', 'Tenderness01', 'Tenderness02', 'JoyfulActivation01', 'JoyfulActivation02', 'Sadness01', 'Sadness02', 'Wonder01', 'Wonder02', 'Tension01', 'Tension02', 'Peacefulness01', 'Peacefulness02', 'Power01', 'Power02', 'Nostalgia01', 'Nostalgia02']
Creating design matrix
Creating GLM
Fitting GLM
Deleted existing image file
Deleted existing trial_types file
Done for subject sub-03 and run 4

Extracting data std for subject sub-04 and run 4
    onset  duration          trial_type
0       0        12               Noise
1      12        24  JoyfulActivation01
2      42        24  JoyfulActivation02
3      66        18               Noise
4      84        24        Tenderness01
5     114        24        Tenderness02
6     138        18               Noise
7     156        24            Wonder01
8     186        24            Wonder02
9     210        18               Noise
10    228        24           Tension01
11    258        24           Tension02
12    282        18               Noise
13    300        24      Peacefulness01
14    330        24      Peacefulness02
15    354        18               Noise
16    372        24     Transcendence01
17    402        24     Transcendence02
18    426        18               Noise
19    444        24         Nostalgia01
20    474        24         Nostalgia02
21    498        18               Noise
22    516        24             Power01
23    546        24             Power02
24    570        18               Noise
25    588        24           Sadness01
26    618        24           Sadness02
27    642        18               Noise
['JoyfulActivation01', 'JoyfulActivation02', 'Tenderness01', 'Tenderness02', 'Wonder01', 'Wonder02', 'Tension01', 'Tension02', 'Peacefulness01', 'Peacefulness02', 'Transcendence01', 'Transcendence02', 'Nostalgia01', 'Nostalgia02', 'Power01', 'Power02', 'Sadness01', 'Sadness02']
Creating design matrix
Creating GLM
Fitting GLM
Deleted existing image file
Deleted existing trial_types file
Done for subject sub-04 and run 4

Extracting data std for subject sub-01 and run 3
    onset  duration          trial_type
0       0        12               Noise
1      12        24           Sadness01
2      42        24           Sadness02
3      66        18               Noise
4      84        24  JoyfulActivation01
5     114        24  JoyfulActivation02
6     138        18               Noise
7     156        24        Tenderness01
8     186        24        Tenderness02
9     210        18               Noise
10    228        24           Tension01
11    258        24           Tension02
12    282        18               Noise
13    300        24             Power01
14    330        24             Power02
15    354        18               Noise
16    372        24         Nostalgia01
17    402        24         Nostalgia02
18    426        18               Noise
19    444        24            Wonder01
20    474        24            Wonder02
21    498        18               Noise
22    516        24      Peacefulness01
23    546        24      Peacefulness02
24    570        18               Noise
25    588        24     Transcendence01
26    618        24     Transcendence02
27    642        18               Noise
['Sadness01', 'Sadness02', 'JoyfulActivation01', 'JoyfulActivation02', 'Tenderness01', 'Tenderness02', 'Tension01', 'Tension02', 'Power01', 'Power02', 'Nostalgia01', 'Nostalgia02', 'Wonder01', 'Wonder02', 'Peacefulness01', 'Peacefulness02', 'Transcendence01', 'Transcendence02']
Creating design matrix
Creating GLM
Fitting GLM
Deleted existing image file
Deleted existing trial_types file
Done for subject sub-01 and run 3

Extracting data std for subject sub-04 and run 2
    onset  duration          trial_type
0       0        12               Noise
1      12        24             Power01
2      42        24             Power02
3      66        18               Noise
4      84        24         Nostalgia01
5     114        24         Nostalgia02
6     138        18               Noise
7     156        24     Transcendence01
8     186        24     Transcendence02
9     210        18               Noise
10    228        24  JoyfulActivation01
11    258        24  JoyfulActivation02
12    282        18               Noise
13    300        24           Tension01
14    330        24           Tension02
15    354        18               Noise
16    372        24           Sadness01
17    402        24           Sadness02
18    426        18               Noise
19    444        24            Wonder01
20    474        24            Wonder02
21    498        18               Noise
22    516        24        Tenderness01
23    546        24        Tenderness02
24    570        18               Noise
25    588        24      Peacefulness01
26    618        24      Peacefulness02
27    642        18               Noise
['Power01', 'Power02', 'Nostalgia01', 'Nostalgia02', 'Transcendence01', 'Transcendence02', 'JoyfulActivation01', 'JoyfulActivation02', 'Tension01', 'Tension02', 'Sadness01', 'Sadness02', 'Wonder01', 'Wonder02', 'Tenderness01', 'Tenderness02', 'Peacefulness01', 'Peacefulness02']
Creating design matrix
Creating GLM
Fitting GLM
Deleted existing image file
Deleted existing trial_types file
Done for subject sub-04 and run 2

Extracting data std for subject sub-03 and run 3
    onset  duration          trial_type
0       0        12               Noise
1      12        24        Tenderness01
2      42        24        Tenderness02
3      66        18               Noise
4      84        24           Tension01
5     114        24           Tension02
6     138        18               Noise
7     156        24         Nostalgia01
8     186        24         Nostalgia02
9     210        18               Noise
10    228        24     Transcendence01
11    258        24     Transcendence02
12    282        18               Noise
13    300        24  JoyfulActivation01
14    330        24  JoyfulActivation02
15    354        18               Noise
16    372        24           Sadness01
17    402        24           Sadness02
18    426        18               Noise
19    444        24      Peacefulness01
20    474        24      Peacefulness02
21    498        18               Noise
22    516        24             Power01
23    546        24             Power02
24    570        18               Noise
25    588        24            Wonder01
26    618        24            Wonder02
27    642        18               Noise
['Tenderness01', 'Tenderness02', 'Tension01', 'Tension02', 'Nostalgia01', 'Nostalgia02', 'Transcendence01', 'Transcendence02', 'JoyfulActivation01', 'JoyfulActivation02', 'Sadness01', 'Sadness02', 'Peacefulness01', 'Peacefulness02', 'Power01', 'Power02', 'Wonder01', 'Wonder02']
Creating design matrix
Creating GLM
Fitting GLM
Deleted existing image file
Deleted existing trial_types file
Done for subject sub-03 and run 3

Extracting data std for subject sub-05 and run 1
    onset  duration          trial_type
0       0        12               Noise
1      12        24      Peacefulness01
2      42        24      Peacefulness02
3      66        18               Noise
4      84        24           Tension01
5     114        24           Tension02
6     138        18               Noise
7     156        24        Tenderness01
8     186        24        Tenderness02
9     210        18               Noise
10    228        24     Transcendence01
11    258        24     Transcendence02
12    282        18               Noise
13    300        24  JoyfulActivation01
14    330        24  JoyfulActivation02
15    354        18               Noise
16    372        24         Nostalgia01
17    402        24         Nostalgia02
18    426        18               Noise
19    444        24            Wonder01
20    474        24            Wonder02
21    498        18               Noise
22    516        24             Power01
23    546        24             Power02
24    570        18               Noise
25    588        24           Sadness01
26    618        24           Sadness02
27    642        18               Noise
['Peacefulness01', 'Peacefulness02', 'Tension01', 'Tension02', 'Tenderness01', 'Tenderness02', 'Transcendence01', 'Transcendence02', 'JoyfulActivation01', 'JoyfulActivation02', 'Nostalgia01', 'Nostalgia02', 'Wonder01', 'Wonder02', 'Power01', 'Power02', 'Sadness01', 'Sadness02']
Creating design matrix
Creating GLM
Fitting GLM
Deleted existing image file
Deleted existing trial_types file
Done for subject sub-05 and run 1

Extracting data std for subject sub-03 and run 2
    onset  duration          trial_type
0       0        12               Noise
1      12        24         Nostalgia01
2      42        24         Nostalgia02
3      66        18               Noise
4      84        24           Sadness01
5     114        24           Sadness02
6     138        18               Noise
7     156        24           Tension01
8     186        24           Tension02
9     210        18               Noise
10    228        24  JoyfulActivation01
11    258        24  JoyfulActivation02
12    282        18               Noise
13    300        24             Power01
14    330        24             Power02
15    354        18               Noise
16    372        24            Wonder01
17    402        24            Wonder02
18    426        18               Noise
19    444        24     Transcendence01
20    474        24     Transcendence02
21    498        18               Noise
22    516        24        Tenderness01
23    546        24        Tenderness02
24    570        18               Noise
25    588        24      Peacefulness01
26    618        24      Peacefulness02
27    642        18               Noise
['Nostalgia01', 'Nostalgia02', 'Sadness01', 'Sadness02', 'Tension01', 'Tension02', 'JoyfulActivation01', 'JoyfulActivation02', 'Power01', 'Power02', 'Wonder01', 'Wonder02', 'Transcendence01', 'Transcendence02', 'Tenderness01', 'Tenderness02', 'Peacefulness01', 'Peacefulness02']
Creating design matrix
Creating GLM
Fitting GLM
Deleted existing image file
Deleted existing trial_types file
Done for subject sub-03 and run 2

Extracting data std for subject sub-06 and run 1
    onset  duration          trial_type
0       0        12               Noise
1      12        24     Transcendence01
2      42        24     Transcendence02
3      66        18               Noise
4      84        24           Tension01
5     114        24           Tension02
6     138        18               Noise
7     156        24           Sadness01
8     186        24           Sadness02
9     210        18               Noise
10    228        24        Tenderness01
11    258        24        Tenderness02
12    282        18               Noise
13    300        24         Nostalgia01
14    330        24         Nostalgia02
15    354        18               Noise
16    372        24            Wonder01
17    402        24            Wonder02
18    426        18               Noise
19    444        24      Peacefulness01
20    474        24      Peacefulness02
21    498        18               Noise
22    516        24  JoyfulActivation01
23    546        24  JoyfulActivation02
24    570        18               Noise
25    588        24             Power01
26    618        24             Power02
27    642        18               Noise
['Transcendence01', 'Transcendence02', 'Tension01', 'Tension02', 'Sadness01', 'Sadness02', 'Tenderness01', 'Tenderness02', 'Nostalgia01', 'Nostalgia02', 'Wonder01', 'Wonder02', 'Peacefulness01', 'Peacefulness02', 'JoyfulActivation01', 'JoyfulActivation02', 'Power01', 'Power02']
Creating design matrix
Creating GLM
Fitting GLM
Deleted existing image file
Deleted existing trial_types file
Done for subject sub-06 and run 1

Extracting data std for subject sub-01 and run 2
    onset  duration          trial_type
0       0        12               Noise
1      12        24     Transcendence01
2      42        24     Transcendence02
3      66        18               Noise
4      84        24           Sadness01
5     114        24           Sadness02
6     138        18               Noise
7     156        24           Tension01
8     186        24           Tension02
9     210        18               Noise
10    228        24  JoyfulActivation01
11    258        24  JoyfulActivation02
12    282        18               Noise
13    300        24             Power01
14    330        24             Power02
15    354        18               Noise
16    372        24        Tenderness01
17    402        24        Tenderness02
18    427        18               Noise
19    444        24            Wonder01
20    474        24            Wonder02
21    498        18               Noise
22    516        24         Nostalgia01
23    546        24         Nostalgia02
24    570        18               Noise
25    588        24      Peacefulness01
26    619        24      Peacefulness02
27    642        18               Noise
['Transcendence01', 'Transcendence02', 'Sadness01', 'Sadness02', 'Tension01', 'Tension02', 'JoyfulActivation01', 'JoyfulActivation02', 'Power01', 'Power02', 'Tenderness01', 'Tenderness02', 'Wonder01', 'Wonder02', 'Nostalgia01', 'Nostalgia02', 'Peacefulness01', 'Peacefulness02']
Creating design matrix
Creating GLM
Fitting GLM
Deleted existing image file
Deleted existing trial_types file
Done for subject sub-01 and run 2

Extracting data std for subject sub-04 and run 3
    onset  duration          trial_type
0       0        12               Noise
1      12        24           Sadness01
2      42        24           Sadness02
3      66        18               Noise
4      84        24      Peacefulness01
5     114        24      Peacefulness02
6     138        18               Noise
7     156        24            Wonder01
8     186        24            Wonder02
9     210        18               Noise
10    228        24     Transcendence01
11    258        24     Transcendence02
12    282        18               Noise
13    300        24           Tension01
14    330        24           Tension02
15    354        18               Noise
16    372        24        Tenderness01
17    402        24        Tenderness02
18    426        18               Noise
19    444        24  JoyfulActivation01
20    474        24  JoyfulActivation02
21    498        18               Noise
22    516        24         Nostalgia01
23    546        24         Nostalgia02
24    570        18               Noise
25    588        24             Power01
26    618        24             Power02
27    642        18               Noise
['Sadness01', 'Sadness02', 'Peacefulness01', 'Peacefulness02', 'Wonder01', 'Wonder02', 'Transcendence01', 'Transcendence02', 'Tension01', 'Tension02', 'Tenderness01', 'Tenderness02', 'JoyfulActivation01', 'JoyfulActivation02', 'Nostalgia01', 'Nostalgia02', 'Power01', 'Power02']
Creating design matrix
Creating GLM
Fitting GLM
Deleted existing image file
Deleted existing trial_types file
Done for subject sub-04 and run 3

Extracting data std for subject sub-03 and run 1
    onset  duration          trial_type
0       0        12               Noise
1      12        24     Transcendence01
2      42        24     Transcendence02
3      66        18               Noise
4      84        24        Tenderness01
5     114        24        Tenderness02
6     138        18               Noise
7     156        24           Sadness01
8     186        24           Sadness02
9     210        18               Noise
10    228        24            Wonder01
11    258        24            Wonder02
12    282        18               Noise
13    300        24             Power01
14    330        24             Power02
15    354        18               Noise
16    372        24           Tension01
17    402        24           Tension02
18    426        18               Noise
19    444        24  JoyfulActivation01
20    474        24  JoyfulActivation02
21    498        18               Noise
22    516        24         Nostalgia01
23    546        24         Nostalgia02
24    570        18               Noise
25    588        24      Peacefulness01
26    618        24      Peacefulness02
27    642        18               Noise
['Transcendence01', 'Transcendence02', 'Tenderness01', 'Tenderness02', 'Sadness01', 'Sadness02', 'Wonder01', 'Wonder02', 'Power01', 'Power02', 'Tension01', 'Tension02', 'JoyfulActivation01', 'JoyfulActivation02', 'Nostalgia01', 'Nostalgia02', 'Peacefulness01', 'Peacefulness02']
Creating design matrix
Creating GLM
Fitting GLM
Deleted existing image file
Deleted existing trial_types file
Done for subject sub-03 and run 1

Extracting data std for subject sub-06 and run 3
    onset  duration          trial_type
0       0        12               Noise
1      12        24     Transcendence01
2      42        24     Transcendence02
3      66        18               Noise
4      84        24             Power01
5     114        24             Power02
6     138        18               Noise
7     156        24           Tension01
8     186        24           Tension02
9     210        18               Noise
10    228        24  JoyfulActivation01
11    258        24  JoyfulActivation02
12    282        18               Noise
13    300        24         Nostalgia01
14    330        24         Nostalgia02
15    354        18               Noise
16    372        24        Tenderness01
17    402        24        Tenderness02
18    426        18               Noise
19    444        24            Wonder01
20    474        24            Wonder02
21    498        18               Noise
22    516        24           Sadness01
23    546        24           Sadness02
24    570        18               Noise
25    588        24      Peacefulness01
26    618        24      Peacefulness02
27    642        18               Noise
['Transcendence01', 'Transcendence02', 'Power01', 'Power02', 'Tension01', 'Tension02', 'JoyfulActivation01', 'JoyfulActivation02', 'Nostalgia01', 'Nostalgia02', 'Tenderness01', 'Tenderness02', 'Wonder01', 'Wonder02', 'Sadness01', 'Sadness02', 'Peacefulness01', 'Peacefulness02']
Creating design matrix
Creating GLM
Fitting GLM
Deleted existing image file
Deleted existing trial_types file
Done for subject sub-06 and run 3

Extracting data std for subject sub-04 and run 1
    onset  duration          trial_type
0       0        12               Noise
1      12        24            Wonder01
2      42        24            Wonder02
3      66        18               Noise
4      84        24           Tension01
5     114        24           Tension02
6     138        18               Noise
7     156        24  JoyfulActivation01
8     186        24  JoyfulActivation02
9     210        18               Noise
10    228        24         Nostalgia01
11    258        24         Nostalgia02
12    282        18               Noise
13    300        24     Transcendence01
14    330        24     Transcendence02
15    354        18               Noise
16    372        24           Sadness01
17    402        24           Sadness02
18    426        18               Noise
19    444        24        Tenderness01
20    474        24        Tenderness02
21    498        18               Noise
22    516        24             Power01
23    546        24             Power02
24    570        18               Noise
25    588        24      Peacefulness01
26    618        24      Peacefulness02
27    642        18               Noise
['Wonder01', 'Wonder02', 'Tension01', 'Tension02', 'JoyfulActivation01', 'JoyfulActivation02', 'Nostalgia01', 'Nostalgia02', 'Transcendence01', 'Transcendence02', 'Sadness01', 'Sadness02', 'Tenderness01', 'Tenderness02', 'Power01', 'Power02', 'Peacefulness01', 'Peacefulness02']
Creating design matrix
Creating GLM
Fitting GLM
Deleted existing image file
Deleted existing trial_types file
Done for subject sub-04 and run 1

Extracting data std for subject sub-06 and run 2
    onset  duration          trial_type
0       0        12               Noise
1      12        24      Peacefulness01
2      42        24      Peacefulness02
3      66        18               Noise
4      84        24             Power01
5     114        24             Power02
6     138        18               Noise
7     156        24           Tension01
8     186        24           Tension02
9     210        18               Noise
10    228        24         Nostalgia01
11    258        24         Nostalgia02
12    282        18               Noise
13    300        24        Tenderness01
14    330        24        Tenderness02
15    354        18               Noise
16    372        24     Transcendence01
17    402        24     Transcendence02
18    426        18               Noise
19    444        24            Wonder01
20    474        24            Wonder02
21    498        18               Noise
22    516        24  JoyfulActivation01
23    546        24  JoyfulActivation02
24    570        18               Noise
25    588        24           Sadness01
26    618        24           Sadness02
27    642        18               Noise
['Peacefulness01', 'Peacefulness02', 'Power01', 'Power02', 'Tension01', 'Tension02', 'Nostalgia01', 'Nostalgia02', 'Tenderness01', 'Tenderness02', 'Transcendence01', 'Transcendence02', 'Wonder01', 'Wonder02', 'JoyfulActivation01', 'JoyfulActivation02', 'Sadness01', 'Sadness02']
Creating design matrix
Creating GLM
Fitting GLM
Deleted existing image file
Deleted existing trial_types file
Done for subject sub-06 and run 2

Extracting data std for subject sub-02 and run 4
    onset  duration          trial_type
0       0        12               Noise
1      12        24      Peacefulness01
2      42        24      Peacefulness02
3      66        18               Noise
4      84        24        Tenderness01
5     114        24        Tenderness02
6     138        18               Noise
7     156        24         Nostalgia01
8     186        24         Nostalgia02
9     210        18               Noise
10    228        24           Tension01
11    258        24           Tension02
12    282        18               Noise
13    300        24           Sadness01
14    330        24           Sadness02
15    354        18               Noise
16    372        24             Power01
17    402        24             Power02
18    426        18               Noise
19    444        24     Transcendence01
20    474        24     Transcendence02
21    498        18               Noise
22    516        24  JoyfulActivation01
23    546        24  JoyfulActivation02
24    570        18               Noise
25    588        24            Wonder01
26    618        24            Wonder02
27    642        18               Noise
['Peacefulness01', 'Peacefulness02', 'Tenderness01', 'Tenderness02', 'Nostalgia01', 'Nostalgia02', 'Tension01', 'Tension02', 'Sadness01', 'Sadness02', 'Power01', 'Power02', 'Transcendence01', 'Transcendence02', 'JoyfulActivation01', 'JoyfulActivation02', 'Wonder01', 'Wonder02']
Creating design matrix
Creating GLM
Fitting GLM
Deleted existing image file
Deleted existing trial_types file
Done for subject sub-02 and run 4

Extracting data std for subject sub-07 and run 1
    onset  duration          trial_type
0       0        12               Noise
1      12        24            Wonder01
2      42        24            Wonder02
3      66        18               Noise
4      84        24           Tension01
5     114        24           Tension02
6     138        18               Noise
7     156        24      Peacefulness01
8     186        24      Peacefulness02
9     210        18               Noise
10    228        24  JoyfulActivation01
11    258        24  JoyfulActivation02
12    282        18               Noise
13    300        24             Power01
14    330        24             Power02
15    354        18               Noise
16    372        24     Transcendence01
17    402        24     Transcendence02
18    426        18               Noise
19    444        24           Sadness01
20    474        24           Sadness02
21    498        18               Noise
22    516        24         Nostalgia01
23    546        24         Nostalgia02
24    570        18               Noise
25    588        24        Tenderness01
26    618        24        Tenderness02
27    642        18               Noise
['Wonder01', 'Wonder02', 'Tension01', 'Tension02', 'Peacefulness01', 'Peacefulness02', 'JoyfulActivation01', 'JoyfulActivation02', 'Power01', 'Power02', 'Transcendence01', 'Transcendence02', 'Sadness01', 'Sadness02', 'Nostalgia01', 'Nostalgia02', 'Tenderness01', 'Tenderness02']
Creating design matrix
Creating GLM
Fitting GLM
Deleted existing image file
Deleted existing trial_types file
Done for subject sub-07 and run 1

Extracting data std for subject sub-02 and run 3
    onset  duration          trial_type
0       0        12               Noise
1      12        24     Transcendence01
2      42        24     Transcendence02
3      66        18               Noise
4      84        24           Sadness01
5     114        24           Sadness02
6     138        18               Noise
7     156        24         Nostalgia01
8     186        24         Nostalgia02
9     210        18               Noise
10    228        24            Wonder01
11    258        24            Wonder02
12    282        18               Noise
13    300        24      Peacefulness01
14    330        24      Peacefulness02
15    354        18               Noise
16    372        24        Tenderness01
17    402        24        Tenderness02
18    426        18               Noise
19    444        24  JoyfulActivation01
20    474        24  JoyfulActivation02
21    498        18               Noise
22    516        24           Tension01
23    546        24           Tension02
24    570        18               Noise
25    588        24             Power01
26    618        24             Power02
27    642        18               Noise
['Transcendence01', 'Transcendence02', 'Sadness01', 'Sadness02', 'Nostalgia01', 'Nostalgia02', 'Wonder01', 'Wonder02', 'Peacefulness01', 'Peacefulness02', 'Tenderness01', 'Tenderness02', 'JoyfulActivation01', 'JoyfulActivation02', 'Tension01', 'Tension02', 'Power01', 'Power02']
Creating design matrix
Creating GLM
Fitting GLM
Deleted existing image file
Deleted existing trial_types file
Done for subject sub-02 and run 3

Extracting data std for subject sub-06 and run 4
    onset  duration          trial_type
0       0        12               Noise
1      12        24             Power01
2      42        24             Power02
3      66        18               Noise
4      84        24           Sadness01
5     114        24           Sadness02
6     138        18               Noise
7     156        24        Tenderness01
8     186        24        Tenderness02
9     210        18               Noise
10    228        24     Transcendence01
11    258        24     Transcendence02
12    282        18               Noise
13    300        24      Peacefulness01
14    330        24      Peacefulness02
15    354        18               Noise
16    372        24            Wonder01
17    402        24            Wonder02
18    426        18               Noise
19    444        24           Tension01
20    474        24           Tension02
21    498        18               Noise
22    516        24         Nostalgia01
23    546        24         Nostalgia02
24    570        18               Noise
25    588        24  JoyfulActivation01
26    618        24  JoyfulActivation02
27    642        18               Noise
['Power01', 'Power02', 'Sadness01', 'Sadness02', 'Tenderness01', 'Tenderness02', 'Transcendence01', 'Transcendence02', 'Peacefulness01', 'Peacefulness02', 'Wonder01', 'Wonder02', 'Tension01', 'Tension02', 'Nostalgia01', 'Nostalgia02', 'JoyfulActivation01', 'JoyfulActivation02']
Creating design matrix
Creating GLM
Fitting GLM
Deleted existing image file
Deleted existing trial_types file
Done for subject sub-06 and run 4

Extracting data std for subject sub-02 and run 2
    onset  duration          trial_type
0       0        12               Noise
1      12        24  JoyfulActivation01
2      42        24  JoyfulActivation02
3      66        18               Noise
4      84        24     Transcendence01
5     114        24     Transcendence02
6     138        18               Noise
7     156        24         Nostalgia01
8     186        24         Nostalgia02
9     210        18               Noise
10    228        24      Peacefulness01
11    258        24      Peacefulness02
12    282        18               Noise
13    300        24             Power01
14    330        24             Power02
15    354        18               Noise
16    372        24           Sadness01
17    402        24           Sadness02
18    426        18               Noise
19    444        24            Wonder01
20    474        24            Wonder02
21    498        18               Noise
22    516        24           Tension01
23    546        24           Tension02
24    570        18               Noise
25    588        24        Tenderness01
26    618        24        Tenderness02
27    642        18               Noise
['JoyfulActivation01', 'JoyfulActivation02', 'Transcendence01', 'Transcendence02', 'Nostalgia01', 'Nostalgia02', 'Peacefulness01', 'Peacefulness02', 'Power01', 'Power02', 'Sadness01', 'Sadness02', 'Wonder01', 'Wonder02', 'Tension01', 'Tension02', 'Tenderness01', 'Tenderness02']
Creating design matrix
Creating GLM
Fitting GLM
Deleted existing image file
Deleted existing trial_types file
Done for subject sub-02 and run 2

Extracting data std for subject sub-07 and run 2
    onset  duration          trial_type
0       0        12               Noise
1      12        24           Sadness01
2      42        24           Sadness02
3      66        18               Noise
4      84        24        Tenderness01
5     114        24        Tenderness02
6     138        18               Noise
7     156        24     Transcendence01
8     186        24     Transcendence02
9     210        18               Noise
10    228        24  JoyfulActivation01
11    258        24  JoyfulActivation02
12    282        18               Noise
13    300        24             Power01
14    330        24             Power02
15    354        18               Noise
16    372        24           Tension01
17    402        24           Tension02
18    426        18               Noise
19    444        24      Peacefulness01
20    474        24      Peacefulness02
21    498        18               Noise
22    516        24         Nostalgia01
23    546        24         Nostalgia02
24    570        18               Noise
25    588        24            Wonder01
26    618        24            Wonder02
27    642        18               Noise
['Sadness01', 'Sadness02', 'Tenderness01', 'Tenderness02', 'Transcendence01', 'Transcendence02', 'JoyfulActivation01', 'JoyfulActivation02', 'Power01', 'Power02', 'Tension01', 'Tension02', 'Peacefulness01', 'Peacefulness02', 'Nostalgia01', 'Nostalgia02', 'Wonder01', 'Wonder02']
Creating design matrix
Creating GLM
Fitting GLM
Deleted existing image file
Deleted existing trial_types file
Done for subject sub-07 and run 2

Extracting data std for subject sub-08 and run 1
    onset  duration          trial_type
0       0        12               Noise
1      12        24            Wonder01
2      42        24            Wonder02
3      66        18               Noise
4      84        24         Nostalgia01
5     114        24         Nostalgia02
6     138        18               Noise
7     156        24     Transcendence01
8     186        24     Transcendence02
9     210        18               Noise
10    228        24  JoyfulActivation01
11    258        24  JoyfulActivation02
12    282        18               Noise
13    300        24      Peacefulness01
14    330        24      Peacefulness02
15    354        18               Noise
16    372        24             Power01
17    402        24             Power02
18    426        18               Noise
19    444        24        Tenderness01
20    474        24        Tenderness02
21    498        18               Noise
22    516        24           Tension01
23    546        24           Tension02
24    570        18               Noise
25    588        24           Sadness01
26    618        24           Sadness02
27    642        18               Noise
['Wonder01', 'Wonder02', 'Nostalgia01', 'Nostalgia02', 'Transcendence01', 'Transcendence02', 'JoyfulActivation01', 'JoyfulActivation02', 'Peacefulness01', 'Peacefulness02', 'Power01', 'Power02', 'Tenderness01', 'Tenderness02', 'Tension01', 'Tension02', 'Sadness01', 'Sadness02']
Creating design matrix
Creating GLM
Fitting GLM
Deleted existing image file
Deleted existing trial_types file
Done for subject sub-08 and run 1

Extracting data std for subject sub-10 and run 4
    onset  duration          trial_type
0       0        12               Noise
1      12        24           Sadness01
2      42        24           Sadness02
3      66        18               Noise
4      84        24             Power01
5     114        24             Power02
6     138        18               Noise
7     156        24      Peacefulness01
8     186        24      Peacefulness02
9     210        18               Noise
10    228        24            Wonder01
11    258        24            Wonder02
12    282        18               Noise
13    300        24  JoyfulActivation01
14    330        24  JoyfulActivation02
15    354        18               Noise
16    372        24         Nostalgia01
17    402        24         Nostalgia02
18    426        18               Noise
19    444        24           Tension01
20    474        24           Tension02
21    498        18               Noise
22    516        24     Transcendence01
23    546        24     Transcendence02
24    570        18               Noise
25    588        24        Tenderness01
26    618        24        Tenderness02
27    642        18               Noise
['Sadness01', 'Sadness02', 'Power01', 'Power02', 'Peacefulness01', 'Peacefulness02', 'Wonder01', 'Wonder02', 'JoyfulActivation01', 'JoyfulActivation02', 'Nostalgia01', 'Nostalgia02', 'Tension01', 'Tension02', 'Transcendence01', 'Transcendence02', 'Tenderness01', 'Tenderness02']
Creating design matrix
Creating GLM
Fitting GLM
Deleted existing image file
Deleted existing trial_types file
Done for subject sub-10 and run 4

Extracting data std for subject sub-08 and run 2
    onset  duration          trial_type
0       0        12               Noise
1      12        24         Nostalgia01
2      42        24         Nostalgia02
3      66        18               Noise
4      84        24  JoyfulActivation01
5     114        24  JoyfulActivation02
6     138        18               Noise
7     156        24           Sadness01
8     186        24           Sadness02
9     210        18               Noise
10    228        24             Power01
11    258        24             Power02
12    282        18               Noise
13    300        24            Wonder01
14    330        24            Wonder02
15    354        18               Noise
16    372        24      Peacefulness01
17    402        24      Peacefulness02
18    426        18               Noise
19    444        24        Tenderness01
20    474        24        Tenderness02
21    498        18               Noise
22    516        24     Transcendence01
23    546        24     Transcendence02
24    570        18               Noise
25    588        24           Tension01
26    618        24           Tension02
27    642        18               Noise
['Nostalgia01', 'Nostalgia02', 'JoyfulActivation01', 'JoyfulActivation02', 'Sadness01', 'Sadness02', 'Power01', 'Power02', 'Wonder01', 'Wonder02', 'Peacefulness01', 'Peacefulness02', 'Tenderness01', 'Tenderness02', 'Transcendence01', 'Transcendence02', 'Tension01', 'Tension02']
Creating design matrix
Creating GLM
Fitting GLM
Deleted existing image file
Deleted existing trial_types file
Done for subject sub-08 and run 2

Extracting data std for subject sub-11 and run 1
    onset  duration          trial_type
0       0        12               Noise
1      12        24      Peacefulness01
2      42        24      Peacefulness02
3      66        18               Noise
4      84        24           Sadness01
5     114        24           Sadness02
6     138        18               Noise
7     156        24  JoyfulActivation01
8     186        24  JoyfulActivation02
9     210        18               Noise
10    228        24         Nostalgia01
11    258        24         Nostalgia02
12    282        18               Noise
13    300        24             Power01
14    330        24             Power02
15    354        18               Noise
16    372        24        Tenderness01
17    402        24        Tenderness02
18    426        18               Noise
19    444        24            Wonder01
20    474        24            Wonder02
21    498        18               Noise
22    516        24     Transcendence01
23    546        24     Transcendence02
24    570        18               Noise
25    588        24           Tension01
26    618        24           Tension02
27    642        18               Noise
['Peacefulness01', 'Peacefulness02', 'Sadness01', 'Sadness02', 'JoyfulActivation01', 'JoyfulActivation02', 'Nostalgia01', 'Nostalgia02', 'Power01', 'Power02', 'Tenderness01', 'Tenderness02', 'Wonder01', 'Wonder02', 'Transcendence01', 'Transcendence02', 'Tension01', 'Tension02']
Creating design matrix
Creating GLM
Fitting GLM
Deleted existing image file
Deleted existing trial_types file
Done for subject sub-11 and run 1

Extracting data std for subject sub-10 and run 1
    onset  duration          trial_type
0       0        12               Noise
1      12        24     Transcendence01
2      42        24     Transcendence02
3      66        18               Noise
4      84        24  JoyfulActivation01
5     114        24  JoyfulActivation02
6     138        18               Noise
7     156        24      Peacefulness01
8     186        24      Peacefulness02
9     210        18               Noise
10    228        24         Nostalgia01
11    258        24         Nostalgia02
12    282        18               Noise
13    300        24           Tension01
14    330        24           Tension02
15    354        18               Noise
16    372        24           Sadness01
17    402        24           Sadness02
18    426        18               Noise
19    444        24        Tenderness01
20    474        24        Tenderness02
21    498        18               Noise
22    516        24            Wonder01
23    546        24            Wonder02
24    570        18               Noise
25    588        24             Power01
26    618        24             Power02
27    642        18               Noise
['Transcendence01', 'Transcendence02', 'JoyfulActivation01', 'JoyfulActivation02', 'Peacefulness01', 'Peacefulness02', 'Nostalgia01', 'Nostalgia02', 'Tension01', 'Tension02', 'Sadness01', 'Sadness02', 'Tenderness01', 'Tenderness02', 'Wonder01', 'Wonder02', 'Power01', 'Power02']
Creating design matrix
Creating GLM
Fitting GLM
Deleted existing image file
Deleted existing trial_types file
Done for subject sub-10 and run 1

Extracting data std for subject sub-11 and run 2
    onset  duration          trial_type
0       0        12               Noise
1      12        24           Sadness01
2      42        24           Sadness02
3      66        18               Noise
4      84        24            Wonder01
5     114        24            Wonder02
6     138        18               Noise
7     156        24      Peacefulness01
8     186        24      Peacefulness02
9     210        18               Noise
10    228        24         Nostalgia01
11    258        24         Nostalgia02
12    282        18               Noise
13    300        24             Power01
14    330        24             Power02
15    354        18               Noise
16    372        24     Transcendence01
17    402        24     Transcendence02
18    426        18               Noise
19    444        24           Tension01
20    474        24           Tension02
21    498        18               Noise
22    516        24        Tenderness01
23    546        24        Tenderness02
24    570        18               Noise
25    588        24  JoyfulActivation01
26    618        24  JoyfulActivation02
27    642        18               Noise
['Sadness01', 'Sadness02', 'Wonder01', 'Wonder02', 'Peacefulness01', 'Peacefulness02', 'Nostalgia01', 'Nostalgia02', 'Power01', 'Power02', 'Transcendence01', 'Transcendence02', 'Tension01', 'Tension02', 'Tenderness01', 'Tenderness02', 'JoyfulActivation01', 'JoyfulActivation02']
Creating design matrix
Creating GLM
Fitting GLM
Deleted existing image file
Deleted existing trial_types file
Done for subject sub-11 and run 2

Extracting data std for subject sub-07 and run 3
    onset  duration          trial_type
0       0        12               Noise
1      12        24      Peacefulness01
2      42        24      Peacefulness02
3      66        18               Noise
4      84        24     Transcendence01
5     114        24     Transcendence02
6     138        18               Noise
7     156        24             Power01
8     186        24             Power02
9     210        18               Noise
10    228        24  JoyfulActivation01
11    258        24  JoyfulActivation02
12    282        18               Noise
13    300        24           Sadness01
14    330        24           Sadness02
15    354        18               Noise
16    372        24        Tenderness01
17    402        24        Tenderness02
18    426        18               Noise
19    444        24         Nostalgia01
20    474        24         Nostalgia02
21    498        18               Noise
22    516        24            Wonder01
23    546        24            Wonder02
24    570        18               Noise
25    588        24           Tension01
26    618        24           Tension02
27    642        18               Noise
['Peacefulness01', 'Peacefulness02', 'Transcendence01', 'Transcendence02', 'Power01', 'Power02', 'JoyfulActivation01', 'JoyfulActivation02', 'Sadness01', 'Sadness02', 'Tenderness01', 'Tenderness02', 'Nostalgia01', 'Nostalgia02', 'Wonder01', 'Wonder02', 'Tension01', 'Tension02']
Creating design matrix
Creating GLM
Fitting GLM
Deleted existing image file
Deleted existing trial_types file
Done for subject sub-07 and run 3

Extracting data std for subject sub-11 and run 3
    onset  duration          trial_type
0       0        12               Noise
1      12        24      Peacefulness01
2      42        24      Peacefulness02
3      66        18               Noise
4      84        24             Power01
5     114        24             Power02
6     138        18               Noise
7     156        24            Wonder01
8     186        24            Wonder02
9     210        18               Noise
10    228        24         Nostalgia01
11    258        24         Nostalgia02
12    282        18               Noise
13    300        24           Tension01
14    330        24           Tension02
15    354        18               Noise
16    372        24        Tenderness01
17    402        24        Tenderness02
18    426        18               Noise
19    444        24  JoyfulActivation01
20    474        24  JoyfulActivation02
21    498        18               Noise
22    516        24     Transcendence01
23    546        24     Transcendence02
24    570        18               Noise
25    588        24           Sadness01
26    618        24           Sadness02
27    642        18               Noise
['Peacefulness01', 'Peacefulness02', 'Power01', 'Power02', 'Wonder01', 'Wonder02', 'Nostalgia01', 'Nostalgia02', 'Tension01', 'Tension02', 'Tenderness01', 'Tenderness02', 'JoyfulActivation01', 'JoyfulActivation02', 'Transcendence01', 'Transcendence02', 'Sadness01', 'Sadness02']
Creating design matrix
Creating GLM
Fitting GLM
Deleted existing image file
Deleted existing trial_types file
Done for subject sub-11 and run 3

Extracting data std for subject sub-09 and run 3
    onset  duration          trial_type
0       0        12               Noise
1      12        24           Sadness01
2      42        24           Sadness02
3      66        18               Noise
4      84        24         Nostalgia01
5     114        24         Nostalgia02
6     138        18               Noise
7     156        24            Wonder01
8     186        24            Wonder02
9     210        18               Noise
10    228        24        Tenderness01
11    258        24        Tenderness02
12    282        18               Noise
13    300        24     Transcendence01
14    330        24     Transcendence02
15    354        18               Noise
16    372        24           Tension01
17    402        24           Tension02
18    427        18               Noise
19    444        24      Peacefulness01
20    474        24      Peacefulness02
21    498        18               Noise
22    516        24             Power01
23    546        24             Power02
24    570        18               Noise
25    588        24  JoyfulActivation01
26    618        24  JoyfulActivation02
27    642        18               Noise
['Sadness01', 'Sadness02', 'Nostalgia01', 'Nostalgia02', 'Wonder01', 'Wonder02', 'Tenderness01', 'Tenderness02', 'Transcendence01', 'Transcendence02', 'Tension01', 'Tension02', 'Peacefulness01', 'Peacefulness02', 'Power01', 'Power02', 'JoyfulActivation01', 'JoyfulActivation02']
Creating design matrix
Creating GLM
Fitting GLM
Deleted existing image file
Deleted existing trial_types file
Done for subject sub-09 and run 3

Extracting data std for subject sub-12 and run 2
    onset  duration          trial_type
0       0        12               Noise
1      12        24      Peacefulness01
2      42        24      Peacefulness02
3      66        18               Noise
4      84        24         Nostalgia01
5     114        24         Nostalgia02
6     138        18               Noise
7     156        24  JoyfulActivation01
8     186        24  JoyfulActivation02
9     210        18               Noise
10    228        24           Sadness01
11    258        24           Sadness02
12    282        18               Noise
13    300        24           Tension01
14    330        24           Tension02
15    354        18               Noise
16    372        24        Tenderness01
17    402        24        Tenderness02
18    426        18               Noise
19    444        24     Transcendence01
20    474        24     Transcendence02
21    498        18               Noise
22    516        24             Power01
23    546        24             Power02
24    570        18               Noise
25    588        24            Wonder01
26    618        24            Wonder02
27    642        18               Noise
['Peacefulness01', 'Peacefulness02', 'Nostalgia01', 'Nostalgia02', 'JoyfulActivation01', 'JoyfulActivation02', 'Sadness01', 'Sadness02', 'Tension01', 'Tension02', 'Tenderness01', 'Tenderness02', 'Transcendence01', 'Transcendence02', 'Power01', 'Power02', 'Wonder01', 'Wonder02']
Creating design matrix
Creating GLM
Fitting GLM
Deleted existing image file
Deleted existing trial_types file
Done for subject sub-12 and run 2

Extracting data std for subject sub-07 and run 4
    onset  duration          trial_type
0       0        12               Noise
1      12        24         Nostalgia01
2      42        24         Nostalgia02
3      66        18               Noise
4      84        24     Transcendence01
5     114        24     Transcendence02
6     138        18               Noise
7     156        24        Tenderness01
8     186        24        Tenderness02
9     210        18               Noise
10    228        24            Wonder01
11    258        24            Wonder02
12    282        18               Noise
13    300        24           Tension01
14    330        24           Tension02
15    354        18               Noise
16    372        24      Peacefulness01
17    402        24      Peacefulness02
18    426        18               Noise
19    444        24  JoyfulActivation01
20    474        24  JoyfulActivation02
21    498        18               Noise
22    516        24             Power01
23    546        24             Power02
24    570        18               Noise
25    588        24           Sadness01
26    618        24           Sadness02
27    642        18               Noise
['Nostalgia01', 'Nostalgia02', 'Transcendence01', 'Transcendence02', 'Tenderness01', 'Tenderness02', 'Wonder01', 'Wonder02', 'Tension01', 'Tension02', 'Peacefulness01', 'Peacefulness02', 'JoyfulActivation01', 'JoyfulActivation02', 'Power01', 'Power02', 'Sadness01', 'Sadness02']
Creating design matrix
Creating GLM
Fitting GLM
Deleted existing image file
Deleted existing trial_types file
Done for subject sub-07 and run 4

Extracting data std for subject sub-12 and run 1
    onset  duration          trial_type
0       0        12               Noise
1      12        24     Transcendence01
2      42        24     Transcendence02
3      66        18               Noise
4      84        24           Sadness01
5     114        24           Sadness02
6     138        18               Noise
7     156        24           Tension01
8     186        24           Tension02
9     210        18               Noise
10    228        24         Nostalgia01
11    258        24         Nostalgia02
12    282        18               Noise
13    300        24        Tenderness01
14    330        24        Tenderness02
15    354        18               Noise
16    372        24  JoyfulActivation01
17    402        24  JoyfulActivation02
18    426        18               Noise
19    444        24            Wonder01
20    474        24            Wonder02
21    498        18               Noise
22    516        24             Power01
23    546        24             Power02
24    570        18               Noise
25    588        24      Peacefulness01
26    618        24      Peacefulness02
27    642        18               Noise
['Transcendence01', 'Transcendence02', 'Sadness01', 'Sadness02', 'Tension01', 'Tension02', 'Nostalgia01', 'Nostalgia02', 'Tenderness01', 'Tenderness02', 'JoyfulActivation01', 'JoyfulActivation02', 'Wonder01', 'Wonder02', 'Power01', 'Power02', 'Peacefulness01', 'Peacefulness02']
Creating design matrix
Creating GLM
Fitting GLM
Deleted existing image file
Deleted existing trial_types file
Done for subject sub-12 and run 1

Extracting data std for subject sub-09 and run 1
    onset  duration          trial_type
0       0        12               Noise
1      12        24     Transcendence01
2      42        24     Transcendence02
3      66        18               Noise
4      84        24            Wonder01
5     114        24            Wonder02
6     138        18               Noise
7     156        24           Tension01
8     186        24           Tension02
9     210        18               Noise
10    228        24           Sadness01
11    258        24           Sadness02
12    282        18               Noise
13    300        24             Power01
14    330        24             Power02
15    354        18               Noise
16    372        24         Nostalgia01
17    402        24         Nostalgia02
18    426        18               Noise
19    444        24        Tenderness01
20    474        24        Tenderness02
21    498        18               Noise
22    516        24  JoyfulActivation01
23    546        24  JoyfulActivation02
24    570        18               Noise
25    588        24      Peacefulness01
26    618        24      Peacefulness02
27    642        18               Noise
['Transcendence01', 'Transcendence02', 'Wonder01', 'Wonder02', 'Tension01', 'Tension02', 'Sadness01', 'Sadness02', 'Power01', 'Power02', 'Nostalgia01', 'Nostalgia02', 'Tenderness01', 'Tenderness02', 'JoyfulActivation01', 'JoyfulActivation02', 'Peacefulness01', 'Peacefulness02']
Creating design matrix
Creating GLM
Fitting GLM
Deleted existing image file
Deleted existing trial_types file
Done for subject sub-09 and run 1

Extracting data std for subject sub-13 and run 2
    onset  duration          trial_type
0       0        12               Noise
1      12        24            Wonder01
2      42        24            Wonder02
3      66        18               Noise
4      84        24             Power01
5     114        24             Power02
6     138        18               Noise
7     156        24     Transcendence01
8     186        24     Transcendence02
9     210        18               Noise
10    228        24           Tension01
11    258        24           Tension02
12    282        18               Noise
13    300        24           Sadness01
14    330        24           Sadness02
15    354        18               Noise
16    372        24  JoyfulActivation01
17    402        24  JoyfulActivation02
18    426        18               Noise
19    444        24        Tenderness01
20    474        24        Tenderness02
21    498        18               Noise
22    516        24         Nostalgia01
23    546        24         Nostalgia02
24    570        18               Noise
25    588        24      Peacefulness01
26    618        24      Peacefulness02
27    642        18               Noise
['Wonder01', 'Wonder02', 'Power01', 'Power02', 'Transcendence01', 'Transcendence02', 'Tension01', 'Tension02', 'Sadness01', 'Sadness02', 'JoyfulActivation01', 'JoyfulActivation02', 'Tenderness01', 'Tenderness02', 'Nostalgia01', 'Nostalgia02', 'Peacefulness01', 'Peacefulness02']
Creating design matrix
Creating GLM
Fitting GLM
Deleted existing image file
Deleted existing trial_types file
Done for subject sub-13 and run 2

Extracting data std for subject sub-08 and run 3
    onset  duration          trial_type
0       0        12               Noise
1      12        24        Tenderness01
2      42        24        Tenderness02
3      66        18               Noise
4      84        24         Nostalgia01
5     114        24         Nostalgia02
6     138        18               Noise
7     156        24  JoyfulActivation01
8     186        24  JoyfulActivation02
9     210        18               Noise
10    228        24     Transcendence01
11    258        24     Transcendence02
12    282        18               Noise
13    300        24             Power01
14    330        24             Power02
15    354        18               Noise
16    372        24      Peacefulness01
17    402        24      Peacefulness02
18    426        18               Noise
19    444        24            Wonder01
20    474        24            Wonder02
21    498        18               Noise
22    516        24           Sadness01
23    546        24           Sadness02
24    570        18               Noise
25    588        24           Tension01
26    618        24           Tension02
27    643        17               Noise
['Tenderness01', 'Tenderness02', 'Nostalgia01', 'Nostalgia02', 'JoyfulActivation01', 'JoyfulActivation02', 'Transcendence01', 'Transcendence02', 'Power01', 'Power02', 'Peacefulness01', 'Peacefulness02', 'Wonder01', 'Wonder02', 'Sadness01', 'Sadness02', 'Tension01', 'Tension02']
Creating design matrix
Creating GLM
Fitting GLM
Deleted existing image file
Deleted existing trial_types file
Done for subject sub-08 and run 3

Extracting data std for subject sub-11 and run 4
    onset  duration          trial_type
0       0        12               Noise
1      12        24  JoyfulActivation01
2      42        24  JoyfulActivation02
3      66        18               Noise
4      84        24            Wonder01
5     114        24            Wonder02
6     138        18               Noise
7     156        24         Nostalgia01
8     186        24         Nostalgia02
9     210        18               Noise
10    228        24      Peacefulness01
11    258        24      Peacefulness02
12    282        18               Noise
13    300        24        Tenderness01
14    330        24        Tenderness02
15    354        18               Noise
16    372        24             Power01
17    402        24             Power02
18    426        18               Noise
19    444        24     Transcendence01
20    474        24     Transcendence02
21    498        18               Noise
22    516        24           Tension01
23    546        24           Tension02
24    570        18               Noise
25    588        24           Sadness01
26    618        24           Sadness02
27    642        18               Noise
['JoyfulActivation01', 'JoyfulActivation02', 'Wonder01', 'Wonder02', 'Nostalgia01', 'Nostalgia02', 'Peacefulness01', 'Peacefulness02', 'Tenderness01', 'Tenderness02', 'Power01', 'Power02', 'Transcendence01', 'Transcendence02', 'Tension01', 'Tension02', 'Sadness01', 'Sadness02']
Creating design matrix
Creating GLM
Fitting GLM
Deleted existing image file
Deleted existing trial_types file
Done for subject sub-11 and run 4

Extracting data std for subject sub-08 and run 4
    onset  duration          trial_type
0       0        12               Noise
1      12        24        Tenderness01
2      42        24        Tenderness02
3      66        18               Noise
4      84        24             Power01
5     114        24             Power02
6     138        18               Noise
7     156        24         Nostalgia01
8     186        24         Nostalgia02
9     210        18               Noise
10    228        24            Wonder01
11    258        24            Wonder02
12    282        18               Noise
13    300        24           Sadness01
14    330        24           Sadness02
15    354        18               Noise
16    372        24           Tension01
17    402        24           Tension02
18    426        18               Noise
19    444        24  JoyfulActivation01
20    474        24  JoyfulActivation02
21    498        18               Noise
22    516        24     Transcendence01
23    546        24     Transcendence02
24    570        18               Noise
25    588        24      Peacefulness01
26    618        24      Peacefulness02
27    642        18               Noise
['Tenderness01', 'Tenderness02', 'Power01', 'Power02', 'Nostalgia01', 'Nostalgia02', 'Wonder01', 'Wonder02', 'Sadness01', 'Sadness02', 'Tension01', 'Tension02', 'JoyfulActivation01', 'JoyfulActivation02', 'Transcendence01', 'Transcendence02', 'Peacefulness01', 'Peacefulness02']
Creating design matrix
Creating GLM
Fitting GLM
Deleted existing image file
Deleted existing trial_types file
Done for subject sub-08 and run 4

Extracting data std for subject sub-12 and run 4
    onset  duration          trial_type
0       0        12               Noise
1      12        24        Tenderness01
2      42        24        Tenderness02
3      66        18               Noise
4      84        24     Transcendence01
5     114        24     Transcendence02
6     138        18               Noise
7     156        24           Tension01
8     186        24           Tension02
9     210        18               Noise
10    228        24  JoyfulActivation01
11    258        24  JoyfulActivation02
12    282        18               Noise
13    300        24         Nostalgia01
14    330        24         Nostalgia02
15    354        18               Noise
16    372        24           Sadness01
17    402        24           Sadness02
18    426        18               Noise
19    444        24             Power01
20    474        24             Power02
21    498        18               Noise
22    516        24      Peacefulness01
23    546        24      Peacefulness02
24    570        18               Noise
25    588        24            Wonder01
26    618        24            Wonder02
27    642        18               Noise
['Tenderness01', 'Tenderness02', 'Transcendence01', 'Transcendence02', 'Tension01', 'Tension02', 'JoyfulActivation01', 'JoyfulActivation02', 'Nostalgia01', 'Nostalgia02', 'Sadness01', 'Sadness02', 'Power01', 'Power02', 'Peacefulness01', 'Peacefulness02', 'Wonder01', 'Wonder02']
Creating design matrix
Creating GLM
Fitting GLM
Deleted existing image file
Deleted existing trial_types file
Done for subject sub-12 and run 4

Extracting data std for subject sub-09 and run 2
    onset  duration          trial_type
0       0        12               Noise
1      12        24      Peacefulness01
2      42        24      Peacefulness02
3      66        18               Noise
4      84        24  JoyfulActivation01
5     114        24  JoyfulActivation02
6     138        18               Noise
7     156        24           Sadness01
8     186        24           Sadness02
9     210        18               Noise
10    228        24            Wonder01
11    258        24            Wonder02
12    282        18               Noise
13    300        24        Tenderness01
14    330        24        Tenderness02
15    354        18               Noise
16    372        24         Nostalgia01
17    402        24         Nostalgia02
18    426        18               Noise
19    444        24     Transcendence01
20    474        24     Transcendence02
21    498        18               Noise
22    516        24           Tension01
23    546        24           Tension02
24    570        18               Noise
25    588        24             Power01
26    618        24             Power02
27    642        18               Noise
['Peacefulness01', 'Peacefulness02', 'JoyfulActivation01', 'JoyfulActivation02', 'Sadness01', 'Sadness02', 'Wonder01', 'Wonder02', 'Tenderness01', 'Tenderness02', 'Nostalgia01', 'Nostalgia02', 'Transcendence01', 'Transcendence02', 'Tension01', 'Tension02', 'Power01', 'Power02']
Creating design matrix
Creating GLM
Fitting GLM
Deleted existing image file
Deleted existing trial_types file
Done for subject sub-09 and run 2

Extracting data std for subject sub-13 and run 3
    onset  duration          trial_type
0       0        12               Noise
1      12        24            Wonder01
2      42        24            Wonder02
3      66        18               Noise
4      84        24     Transcendence01
5     114        24     Transcendence02
6     138        18               Noise
7     156        24        Tenderness01
8     186        24        Tenderness02
9     210        18               Noise
10    228        24           Tension01
11    258        24           Tension02
12    282        18               Noise
13    300        24      Peacefulness01
14    330        24      Peacefulness02
15    354        18               Noise
16    372        24         Nostalgia01
17    402        24         Nostalgia02
18    426        18               Noise
19    444        24  JoyfulActivation01
20    474        24  JoyfulActivation02
21    498        18               Noise
22    516        24             Power01
23    546        24             Power02
24    570        18               Noise
25    588        24           Sadness01
26    618        24           Sadness02
27    642        18               Noise
['Wonder01', 'Wonder02', 'Transcendence01', 'Transcendence02', 'Tenderness01', 'Tenderness02', 'Tension01', 'Tension02', 'Peacefulness01', 'Peacefulness02', 'Nostalgia01', 'Nostalgia02', 'JoyfulActivation01', 'JoyfulActivation02', 'Power01', 'Power02', 'Sadness01', 'Sadness02']
Creating design matrix
Creating GLM
Fitting GLM
Deleted existing image file
Deleted existing trial_types file
Done for subject sub-13 and run 3

Extracting data std for subject sub-10 and run 2
    onset  duration          trial_type
0       0        12               Noise
1      12        24     Transcendence01
2      42        24     Transcendence02
3      66        18               Noise
4      84        24      Peacefulness01
5     114        24      Peacefulness02
6     138        18               Noise
7     156        24            Wonder01
8     186        24            Wonder02
9     210        18               Noise
10    228        24           Sadness01
11    258        24           Sadness02
12    282        18               Noise
13    300        24             Power01
14    330        24             Power02
15    354        18               Noise
16    372        24        Tenderness01
17    402        24        Tenderness02
18    426        18               Noise
19    444        24  JoyfulActivation01
20    474        24  JoyfulActivation02
21    498        18               Noise
22    516        24           Tension01
23    546        24           Tension02
24    570        18               Noise
25    588        24         Nostalgia01
26    618        24         Nostalgia02
27    642        18               Noise
['Transcendence01', 'Transcendence02', 'Peacefulness01', 'Peacefulness02', 'Wonder01', 'Wonder02', 'Sadness01', 'Sadness02', 'Power01', 'Power02', 'Tenderness01', 'Tenderness02', 'JoyfulActivation01', 'JoyfulActivation02', 'Tension01', 'Tension02', 'Nostalgia01', 'Nostalgia02']
Creating design matrix
Creating GLM
Fitting GLM
Deleted existing image file
Deleted existing trial_types file
Done for subject sub-10 and run 2

Extracting data std for subject sub-12 and run 3
    onset  duration          trial_type
0       0        12               Noise
1      12        24  JoyfulActivation01
2      42        24  JoyfulActivation02
3      66        18               Noise
4      84        24             Power01
5     114        24             Power02
6     138        18               Noise
7     156        24         Nostalgia01
8     186        24         Nostalgia02
9     210        18               Noise
10    228        24     Transcendence01
11    258        24     Transcendence02
12    282        18               Noise
13    300        24           Sadness01
14    330        24           Sadness02
15    354        18               Noise
16    372        24        Tenderness01
17    402        24        Tenderness02
18    426        18               Noise
19    444        24           Tension01
20    474        24           Tension02
21    498        18               Noise
22    516        24            Wonder01
23    546        24            Wonder02
24    570        18               Noise
25    588        24      Peacefulness01
26    618        24      Peacefulness02
27    642        18               Noise
['JoyfulActivation01', 'JoyfulActivation02', 'Power01', 'Power02', 'Nostalgia01', 'Nostalgia02', 'Transcendence01', 'Transcendence02', 'Sadness01', 'Sadness02', 'Tenderness01', 'Tenderness02', 'Tension01', 'Tension02', 'Wonder01', 'Wonder02', 'Peacefulness01', 'Peacefulness02']
Creating design matrix
Creating GLM
Fitting GLM
Deleted existing image file
Deleted existing trial_types file
Done for subject sub-12 and run 3

All done!
Extracting data std for subject sub-09 and run 4
    onset  duration          trial_type
0       0        12               Noise
1      12        24           Sadness01
2      42        24           Sadness02
3      66        18               Noise
4      84        24  JoyfulActivation01
5     114        24  JoyfulActivation02
6     138        18               Noise
7     156        24             Power01
8     186        24             Power02
9     210        18               Noise
10    228        24         Nostalgia01
11    258        24         Nostalgia02
12    282        18               Noise
13    300        24            Wonder01
14    330        24            Wonder02
15    354        18               Noise
16    372        24        Tenderness01
17    402        24        Tenderness02
18    426        18               Noise
19    444        24     Transcendence01
20    474        24     Transcendence02
21    498        18               Noise
22    516        24           Tension01
23    546        24           Tension02
24    570        18               Noise
25    588        24      Peacefulness01
26    618        24      Peacefulness02
27    642        18               Noise
['Sadness01', 'Sadness02', 'JoyfulActivation01', 'JoyfulActivation02', 'Power01', 'Power02', 'Nostalgia01', 'Nostalgia02', 'Wonder01', 'Wonder02', 'Tenderness01', 'Tenderness02', 'Transcendence01', 'Transcendence02', 'Tension01', 'Tension02', 'Peacefulness01', 'Peacefulness02']
Creating design matrix
Creating GLM
Fitting GLM
Deleted existing image file
Deleted existing trial_types file
Done for subject sub-09 and run 4

Extracting data std for subject sub-13 and run 1
    onset  duration          trial_type
0       0        12               Noise
1      12        24         Nostalgia01
2      42        24         Nostalgia02
3      66        18               Noise
4      84        24  JoyfulActivation01
5     114        24  JoyfulActivation02
6     138        18               Noise
7     156        24            Wonder01
8     186        24            Wonder02
9     210        18               Noise
10    228        24           Sadness01
11    258        24           Sadness02
12    282        18               Noise
13    300        24     Transcendence01
14    330        24     Transcendence02
15    354        18               Noise
16    372        24             Power01
17    402        24             Power02
18    426        18               Noise
19    444        24           Tension01
20    474        24           Tension02
21    498        18               Noise
22    516        24        Tenderness01
23    546        24        Tenderness02
24    570        18               Noise
25    588        24      Peacefulness01
26    618        24      Peacefulness02
27    642        18               Noise
['Nostalgia01', 'Nostalgia02', 'JoyfulActivation01', 'JoyfulActivation02', 'Wonder01', 'Wonder02', 'Sadness01', 'Sadness02', 'Transcendence01', 'Transcendence02', 'Power01', 'Power02', 'Tension01', 'Tension02', 'Tenderness01', 'Tenderness02', 'Peacefulness01', 'Peacefulness02']
Creating design matrix
Creating GLM
Fitting GLM
Deleted existing image file
Deleted existing trial_types file
Done for subject sub-13 and run 1

Extracting data std for subject sub-10 and run 3
    onset  duration          trial_type
0       0        12               Noise
1      12        24           Tension01
2      42        24           Tension02
3      66        18               Noise
4      84        24            Wonder01
5     114        24            Wonder02
6     138        18               Noise
7     156        24        Tenderness01
8     186        24        Tenderness02
9     210        18               Noise
10    228        24         Nostalgia01
11    258        24         Nostalgia02
12    282        18               Noise
13    300        24           Sadness01
14    330        24           Sadness02
15    354        18               Noise
16    372        24             Power01
17    402        24             Power02
18    426        18               Noise
19    444        24      Peacefulness01
20    474        24      Peacefulness02
21    498        18               Noise
22    516        24  JoyfulActivation01
23    546        24  JoyfulActivation02
24    570        18               Noise
25    588        24     Transcendence01
26    618        24     Transcendence02
27    642        18               Noise
['Tension01', 'Tension02', 'Wonder01', 'Wonder02', 'Tenderness01', 'Tenderness02', 'Nostalgia01', 'Nostalgia02', 'Sadness01', 'Sadness02', 'Power01', 'Power02', 'Peacefulness01', 'Peacefulness02', 'JoyfulActivation01', 'JoyfulActivation02', 'Transcendence01', 'Transcendence02']
Creating design matrix
Creating GLM
Fitting GLM
Deleted existing image file
Deleted existing trial_types file
Done for subject sub-10 and run 3

Extracting data std for subject sub-13 and run 4
    onset  duration          trial_type
0       0        12               Noise
1      12        24            Wonder01
2      42        24            Wonder02
3      66        18               Noise
4      84        24      Peacefulness01
5     114        24      Peacefulness02
6     138        18               Noise
7     156        24         Nostalgia01
8     186        24         Nostalgia02
9     210        18               Noise
10    228        24             Power01
11    258        24             Power02
12    282        18               Noise
13    300        24           Sadness01
14    330        24           Sadness02
15    354        18               Noise
16    372        24     Transcendence01
17    402        24     Transcendence02
18    426        18               Noise
19    444        24        Tenderness01
20    474        24        Tenderness02
21    498        18               Noise
22    516        24           Tension01
23    546        24           Tension02
24    570        18               Noise
25    588        24  JoyfulActivation01
26    618        24  JoyfulActivation02
27    642        18               Noise
['Wonder01', 'Wonder02', 'Peacefulness01', 'Peacefulness02', 'Nostalgia01', 'Nostalgia02', 'Power01', 'Power02', 'Sadness01', 'Sadness02', 'Transcendence01', 'Transcendence02', 'Tenderness01', 'Tenderness02', 'Tension01', 'Tension02', 'JoyfulActivation01', 'JoyfulActivation02']
Creating design matrix
Creating GLM
Fitting GLM
Deleted existing image file
Deleted existing trial_types file
Done for subject sub-13 and run 4

Finished with job 15329788
