* ----------------------------------------------------------------
* Running PROLOG for fmriprep-14 on Wed Apr 17 11:36:39 WEST 2024
*    JOB_NAME                : fmriprep-14
*    JOB_ID                  : 15941147
*    JOB_PARTITION           : hpc
*    JOB_USER                : alexsayal
*    JOB_ACCOUNT             : uccibit
*    JOB_QOS                 : normal
*    NODE_LIST               : hpc069
*    SLURM_NNODES            : 1
*    SLURM_NPROCS            : 1
*    SLURM_NTASKS            : 1
*    SLURM_CPUS_ON_NODE      : 28
*    SLURM_TASKS_PER_NODE    : 1
*    SLURM_JOB_CPUS_PER_NODE : 28
*    SLURM_MEM_PER_NODE      : 88064
*    SUBMIT_HOST             : cirrus08.a.incd.pt
*    WORK_DIR                : /users3/uccibit/alexsayal/BIDS-BRAINPLAYBACK-TASK2/code
*    JOB_SCRIPT              : /users3/uccibit/alexsayal/BIDS-BRAINPLAYBACK-TASK2/code/fmriprep/fmriprep-batch.sh
* ----------------------------------------------------------------
240417-10:37:29,393 nipype.workflow IMPORTANT:
	 Running fMRIPrep version 23.1.2

         License NOTICE ##################################################
         fMRIPrep 23.1.2
         Copyright 2023 The NiPreps Developers.
         
         This product includes software developed by
         the NiPreps Community (https://nipreps.org/).
         
         Portions of this software were developed at the Department of
         Psychology at Stanford University, Stanford, CA, US.
         
         This software is also distributed as a Docker container image.
         The bootstrapping file for the image ("Dockerfile") is licensed
         under the MIT License.
         
         This software may be distributed through an add-on package called
         "Docker Wrapper" that is under the BSD 3-clause License.
         #################################################################
240417-10:37:29,414 nipype.workflow WARNING:
	 Previous output generated by version 0+unknown found.
240417-10:37:29,944 nipype.workflow IMPORTANT:
	 Building fMRIPrep's workflow:
           * BIDS dataset path: /data.
           * Participant list: ['14'].
           * Run identifier: 20240417-103700_8aec51dc-6ee8-4c97-8e0d-cbfe66131c30.
           * Output spaces: MNI152NLin2009cAsym:res-2.
           * Pre-run FreeSurfer's SUBJECTS_DIR: /out/sourcedata/freesurfer.
240417-10:37:33,108 nipype.workflow INFO:
	 B0 field inhomogeneity map will be estimated with  the following 2 estimators: [<EstimatorType.PEPOLAR: 2>, <EstimatorType.PEPOLAR: 2>].
240417-10:37:33,488 nipype.workflow INFO:
	 No single-band-reference found for sub-14_ses-01_task-02a_run-1_bold.nii.gz.
240417-10:37:33,490 nipype.workflow INFO:
	 Found usable B0-map (fieldmap) estimator(s) <auto_00000> to correct </data/sub-14/ses-01/func/sub-14_ses-01_task-02a_run-1_bold.nii.gz> for susceptibility-derived distortions.
240417-10:37:33,741 nipype.workflow IMPORTANT:
	 BOLD series will be slice-timing corrected to an offset of 0.445s.
240417-10:37:41,887 nipype.workflow INFO:
	 No single-band-reference found for sub-14_ses-01_task-02a_run-2_bold.nii.gz.
240417-10:37:41,889 nipype.workflow INFO:
	 Found usable B0-map (fieldmap) estimator(s) <auto_00001> to correct </data/sub-14/ses-01/func/sub-14_ses-01_task-02a_run-2_bold.nii.gz> for susceptibility-derived distortions.
240417-10:37:42,50 nipype.workflow IMPORTANT:
	 BOLD series will be slice-timing corrected to an offset of 0.445s.
240417-10:37:42,335 nipype.workflow INFO:
	 No single-band-reference found for sub-14_ses-01_task-02a_run-3_bold.nii.gz.
240417-10:37:42,337 nipype.workflow INFO:
	 Found usable B0-map (fieldmap) estimator(s) <auto_00001> to correct </data/sub-14/ses-01/func/sub-14_ses-01_task-02a_run-3_bold.nii.gz> for susceptibility-derived distortions.
240417-10:37:42,478 nipype.workflow IMPORTANT:
	 BOLD series will be slice-timing corrected to an offset of 0.445s.
240417-10:37:42,760 nipype.workflow INFO:
	 No single-band-reference found for sub-14_ses-01_task-02a_run-4_bold.nii.gz.
240417-10:37:42,762 nipype.workflow INFO:
	 Found usable B0-map (fieldmap) estimator(s) <auto_00001> to correct </data/sub-14/ses-01/func/sub-14_ses-01_task-02a_run-4_bold.nii.gz> for susceptibility-derived distortions.
240417-10:37:42,903 nipype.workflow IMPORTANT:
	 BOLD series will be slice-timing corrected to an offset of 0.446s.
240417-10:37:46,692 nipype.workflow INFO:
	 Setting-up fieldmap "auto_00000" (EstimatorType.PEPOLAR) with <sub-14_ses-01_dir-AP_run-1_epi.nii.gz, sub-14_ses-01_dir-PA_run-1_epi.nii.gz>
240417-10:37:46,716 nipype.workflow INFO:
	 Setting-up fieldmap "auto_00001" (EstimatorType.PEPOLAR) with <sub-14_ses-01_dir-AP_run-2_epi.nii.gz, sub-14_ses-01_dir-PA_run-2_epi.nii.gz>
240417-10:37:53,998 nipype.workflow INFO:
	 fMRIPrep workflow graph with 1181 nodes built successfully.
240417-10:38:22,664 nipype.workflow IMPORTANT:
	 fMRIPrep started!
240417-10:38:27,707 nipype.workflow WARNING:
	 Some nodes exceed the total amount of memory available (85.00GB).
240417-10:38:35,345 nipype.workflow INFO:
	 [Node] Setting-up "fmriprep_23_1_wf.single_subject_14_wf.anat_preproc_wf.brain_extraction_wf.full_wm" in "/work/fmriprep_23_1_wf/single_subject_14_wf/anat_preproc_wf/brain_extraction_wf/full_wm".
240417-10:38:35,345 nipype.workflow INFO:
	 [Node] Setting-up "fmriprep_23_1_wf.single_subject_14_wf.func_preproc_ses_01_task_02a_run_1_wf.bold_source" in "/work/fmriprep_23_1_wf/single_subject_14_wf/func_preproc_ses_01_task_02a_run_1_wf/bold_source".
240417-10:38:35,345 nipype.workflow INFO:
	 [Node] Setting-up "fmriprep_23_1_wf.single_subject_14_wf.func_preproc_ses_01_task_02a_run_1_wf.func_derivatives_wf.raw_sources" in "/work/fmriprep_23_1_wf/single_subject_14_wf/func_preproc_ses_01_task_02a_run_1_wf/func_derivatives_wf/raw_sources".
240417-10:38:35,345 nipype.workflow INFO:
	 [Node] Setting-up "fmriprep_23_1_wf.single_subject_14_wf.func_preproc_ses_01_task_02a_run_2_wf.func_derivatives_wf.raw_sources" in "/work/fmriprep_23_1_wf/single_subject_14_wf/func_preproc_ses_01_task_02a_run_2_wf/func_derivatives_wf/raw_sources".
240417-10:38:35,345 nipype.workflow INFO:
	 [Node] Setting-up "fmriprep_23_1_wf.single_subject_14_wf.func_preproc_ses_01_task_02a_run_2_wf.bold_source" in "/work/fmriprep_23_1_wf/single_subject_14_wf/func_preproc_ses_01_task_02a_run_2_wf/bold_source".
240417-10:38:35,345 nipype.workflow INFO:
	 [Node] Setting-up "fmriprep_23_1_wf.single_subject_14_wf.func_preproc_ses_01_task_02a_run_3_wf.bold_source" in "/work/fmriprep_23_1_wf/single_subject_14_wf/func_preproc_ses_01_task_02a_run_3_wf/bold_source".
240417-10:38:35,345 nipype.workflow INFO:
	 [Node] Setting-up "fmriprep_23_1_wf.single_subject_14_wf.func_preproc_ses_01_task_02a_run_3_wf.func_derivatives_wf.raw_sources" in "/work/fmriprep_23_1_wf/single_subject_14_wf/func_preproc_ses_01_task_02a_run_3_wf/func_derivatives_wf/raw_sources".
240417-10:38:35,345 nipype.workflow INFO:
	 [Node] Setting-up "fmriprep_23_1_wf.single_subject_14_wf.func_preproc_ses_01_task_02a_run_4_wf.bold_source" in "/work/fmriprep_23_1_wf/single_subject_14_wf/func_preproc_ses_01_task_02a_run_4_wf/bold_source".
240417-10:38:35,345 nipype.workflow INFO:
	 [Node] Setting-up "fmriprep_23_1_wf.single_subject_14_wf.func_preproc_ses_01_task_02a_run_4_wf.func_derivatives_wf.raw_sources" in "/work/fmriprep_23_1_wf/single_subject_14_wf/func_preproc_ses_01_task_02a_run_4_wf/func_derivatives_wf/raw_sources".
240417-10:38:35,346 nipype.workflow INFO:
	 [Node] Setting-up "fmriprep_23_1_wf.single_subject_14_wf.fmap_preproc_wf.out_merge_fmap_id" in "/work/fmriprep_23_1_wf/single_subject_14_wf/fmap_preproc_wf/out_merge_fmap_id".
240417-10:38:35,347 nipype.workflow INFO:
	 [Node] Setting-up "fmriprep_23_1_wf.single_subject_14_wf.fmap_preproc_wf.out_merge_method" in "/work/fmriprep_23_1_wf/single_subject_14_wf/fmap_preproc_wf/out_merge_method".
240417-10:38:35,389 nipype.workflow INFO:
	 [Node] Executing "bold_source" <nipype.interfaces.utility.base.Select>
240417-10:38:35,389 nipype.workflow INFO:
	 [Node] Executing "bold_source" <nipype.interfaces.utility.base.Select>
240417-10:38:35,390 nipype.workflow INFO:
	 [Node] Executing "raw_sources" <nipype.interfaces.utility.wrappers.Function>
240417-10:38:35,390 nipype.workflow INFO:
	 [Node] Executing "out_merge_fmap_id" <nipype.interfaces.utility.base.Merge>
240417-10:38:35,391 nipype.workflow INFO:
	 [Node] Executing "raw_sources" <nipype.interfaces.utility.wrappers.Function>
240417-10:38:35,391 nipype.workflow INFO:
	 [Node] Executing "bold_source" <nipype.interfaces.utility.base.Select>
240417-10:38:35,392 nipype.workflow INFO:
	 [Node] Executing "full_wm" <nipype.interfaces.utility.wrappers.Function>
240417-10:38:35,392 nipype.workflow INFO:
	 [Node] Executing "raw_sources" <nipype.interfaces.utility.wrappers.Function>
240417-10:38:35,393 nipype.workflow INFO:
	 [Node] Executing "bold_source" <nipype.interfaces.utility.base.Select>
240417-10:38:35,401 nipype.workflow INFO:
	 [Node] Executing "raw_sources" <nipype.interfaces.utility.wrappers.Function>
240417-10:38:35,402 nipype.workflow INFO:
	 [Node] Executing "out_merge_method" <nipype.interfaces.utility.base.Merge>
240417-10:38:35,430 nipype.workflow INFO:
	 [Node] Finished "bold_source", elapsed time 0.000529s.
240417-10:38:35,430 nipype.workflow INFO:
	 [Node] Finished "bold_source", elapsed time 0.000461s.
240417-10:38:35,430 nipype.workflow INFO:
	 [Node] Finished "out_merge_method", elapsed time 0.00034s.
240417-10:38:35,430 nipype.workflow INFO:
	 [Node] Finished "bold_source", elapsed time 0.000489s.
240417-10:38:35,430 nipype.workflow INFO:
	 [Node] Finished "raw_sources", elapsed time 0.000703s.
240417-10:38:35,430 nipype.workflow INFO:
	 [Node] Finished "raw_sources", elapsed time 0.000747s.
240417-10:38:35,431 nipype.workflow INFO:
	 [Node] Finished "raw_sources", elapsed time 0.000727s.
240417-10:38:35,432 nipype.workflow INFO:
	 [Node] Finished "out_merge_fmap_id", elapsed time 0.000327s.
240417-10:38:35,432 nipype.workflow INFO:
	 [Node] Finished "raw_sources", elapsed time 0.000695s.
240417-10:38:35,434 nipype.workflow INFO:
	 [Node] Finished "bold_source", elapsed time 0.000443s.
240417-10:38:35,587 nipype.workflow INFO:
	 [Node] Setting-up "fmriprep_23_1_wf.single_subject_14_wf.anat_preproc_wf.brain_extraction_wf.lap_tmpl" in "/work/fmriprep_23_1_wf/single_subject_14_wf/anat_preproc_wf/brain_extraction_wf/lap_tmpl".
240417-10:38:35,603 nipype.workflow INFO:
	 [Node] Executing "lap_tmpl" <nipype.interfaces.ants.utils.ImageMath>
240417-10:38:35,704 nipype.workflow INFO:
	 [Node] Setting-up "_runwise_avg0" in "/work/fmriprep_23_1_wf/single_subject_14_wf/fmap_preproc_wf/wf_auto_00000/runwise_avg/mapflow/_runwise_avg0".
240417-10:38:35,705 nipype.workflow INFO:
	 [Node] Setting-up "fmriprep_23_1_wf.single_subject_14_wf.func_preproc_ses_01_task_02a_run_2_wf.initial_boldref_wf.get_dummy" in "/work/fmriprep_23_1_wf/single_subject_14_wf/func_preproc_ses_01_task_02a_run_2_wf/initial_boldref_wf/get_dummy".
240417-10:38:35,709 nipype.workflow INFO:
	 [Node] Setting-up "fmriprep_23_1_wf.single_subject_14_wf.func_preproc_ses_01_task_02a_run_4_wf.initial_boldref_wf.get_dummy" in "/work/fmriprep_23_1_wf/single_subject_14_wf/func_preproc_ses_01_task_02a_run_4_wf/initial_boldref_wf/get_dummy".
240417-10:38:35,709 nipype.workflow INFO:
	 [Node] Setting-up "fmriprep_23_1_wf.single_subject_14_wf.anat_preproc_wf.brain_extraction_wf.res_tmpl" in "/work/fmriprep_23_1_wf/single_subject_14_wf/anat_preproc_wf/brain_extraction_wf/res_tmpl".
240417-10:38:35,709 nipype.workflow INFO:
	 [Node] Setting-up "fmriprep_23_1_wf.single_subject_14_wf.func_preproc_ses_01_task_02a_run_1_wf.initial_boldref_wf.get_dummy" in "/work/fmriprep_23_1_wf/single_subject_14_wf/func_preproc_ses_01_task_02a_run_1_wf/initial_boldref_wf/get_dummy".
240417-10:38:35,710 nipype.workflow INFO:
	 [Node] Setting-up "_runwise_avg1" in "/work/fmriprep_23_1_wf/single_subject_14_wf/fmap_preproc_wf/wf_auto_00001/runwise_avg/mapflow/_runwise_avg1".
240417-10:38:35,710 nipype.workflow INFO:
	 [Node] Setting-up "_runwise_avg0" in "/work/fmriprep_23_1_wf/single_subject_14_wf/fmap_preproc_wf/wf_auto_00001/runwise_avg/mapflow/_runwise_avg0".
240417-10:38:35,710 nipype.workflow INFO:
	 [Node] Setting-up "fmriprep_23_1_wf.single_subject_14_wf.func_preproc_ses_01_task_02a_run_3_wf.initial_boldref_wf.get_dummy" in "/work/fmriprep_23_1_wf/single_subject_14_wf/func_preproc_ses_01_task_02a_run_3_wf/initial_boldref_wf/get_dummy".
240417-10:38:35,712 nipype.workflow INFO:
	 [Node] Setting-up "_runwise_avg1" in "/work/fmriprep_23_1_wf/single_subject_14_wf/fmap_preproc_wf/wf_auto_00000/runwise_avg/mapflow/_runwise_avg1".
240417-10:38:35,724 nipype.workflow INFO:
	 [Node] Executing "_runwise_avg0" <niworkflows.interfaces.images.RobustAverage>
240417-10:38:35,725 nipype.workflow INFO:
	 [Node] Executing "get_dummy" <niworkflows.interfaces.bold.NonsteadyStatesDetector>
240417-10:38:35,728 nipype.workflow INFO:
	 [Node] Executing "res_tmpl" <niworkflows.interfaces.nibabel.RegridToZooms>
240417-10:38:35,730 nipype.workflow INFO:
	 [Node] Executing "get_dummy" <niworkflows.interfaces.bold.NonsteadyStatesDetector>
240417-10:38:35,730 nipype.workflow INFO:
	 [Node] Executing "get_dummy" <niworkflows.interfaces.bold.NonsteadyStatesDetector>
240417-10:38:35,731 nipype.workflow INFO:
	 [Node] Executing "get_dummy" <niworkflows.interfaces.bold.NonsteadyStatesDetector>
240417-10:38:35,731 nipype.workflow INFO:
	 [Node] Executing "_runwise_avg1" <niworkflows.interfaces.images.RobustAverage>
240417-10:38:35,732 nipype.workflow INFO:
	 [Node] Executing "_runwise_avg0" <niworkflows.interfaces.images.RobustAverage>
240417-10:38:35,732 nipype.workflow INFO:
	 [Node] Executing "_runwise_avg1" <niworkflows.interfaces.images.RobustAverage>
240417-10:38:35,741 nipype.workflow INFO:
	 [Node] Setting-up "_val_bold0" in "/work/fmriprep_23_1_wf/single_subject_14_wf/func_preproc_ses_01_task_02a_run_2_wf/initial_boldref_wf/val_bold/mapflow/_val_bold0".
240417-10:38:35,741 nipype.workflow INFO:
	 [Node] Setting-up "_val_bold0" in "/work/fmriprep_23_1_wf/single_subject_14_wf/func_preproc_ses_01_task_02a_run_1_wf/initial_boldref_wf/val_bold/mapflow/_val_bold0".
240417-10:38:35,741 nipype.workflow INFO:
	 [Node] Setting-up "_val_bold0" in "/work/fmriprep_23_1_wf/single_subject_14_wf/func_preproc_ses_01_task_02a_run_4_wf/initial_boldref_wf/val_bold/mapflow/_val_bold0".
240417-10:38:35,741 nipype.workflow INFO:
	 [Node] Setting-up "_val_bold0" in "/work/fmriprep_23_1_wf/single_subject_14_wf/func_preproc_ses_01_task_02a_run_3_wf/initial_boldref_wf/val_bold/mapflow/_val_bold0".
240417-10:38:35,750 nipype.workflow INFO:
	 [Node] Finished "_runwise_avg0", elapsed time 0.025165s.
240417-10:38:35,752 nipype.workflow INFO:
	 [Node] Executing "_val_bold0" <niworkflows.interfaces.header.ValidateImage>
240417-10:38:35,753 nipype.workflow INFO:
	 [Node] Executing "_val_bold0" <niworkflows.interfaces.header.ValidateImage>
240417-10:38:35,753 nipype.workflow INFO:
	 [Node] Executing "_val_bold0" <niworkflows.interfaces.header.ValidateImage>
240417-10:38:35,753 nipype.workflow INFO:
	 [Node] Executing "_val_bold0" <niworkflows.interfaces.header.ValidateImage>
240417-10:38:35,756 nipype.workflow INFO:
	 [Node] Finished "_runwise_avg1", elapsed time 0.024127s.
240417-10:38:35,758 nipype.workflow INFO:
	 [Node] Finished "_runwise_avg0", elapsed time 0.025218s.
240417-10:38:35,784 nipype.workflow INFO:
	 [Node] Finished "_runwise_avg1", elapsed time 0.050412s.
240417-10:38:35,930 nipype.workflow INFO:
	 [Node] Finished "_val_bold0", elapsed time 0.174058s.
240417-10:38:35,930 nipype.workflow INFO:
	 [Node] Finished "_val_bold0", elapsed time 0.161586s.
240417-10:38:35,930 nipype.workflow INFO:
	 [Node] Finished "_val_bold0", elapsed time 0.150567s.
240417-10:38:35,931 nipype.workflow INFO:
	 [Node] Finished "_val_bold0", elapsed time 0.137087s.
240417-10:38:36,143 nipype.workflow INFO:
	 [Node] Finished "full_wm", elapsed time 0.712845s.
240417-10:38:36,658 nipype.workflow INFO:
	 [Node] Setting-up "fmriprep_23_1_wf.single_subject_14_wf.bidssrc" in "/work/fmriprep_23_1_wf/single_subject_14_wf/bidssrc".
240417-10:38:36,678 nipype.workflow INFO:
	 [Node] Executing "bidssrc" <niworkflows.interfaces.bids.BIDSDataGrabber>
240417-10:38:36,680 nipype.interface INFO:
	 No "flair" images found for sub-14
240417-10:38:36,681 nipype.interface INFO:
	 No "sbref" images found for sub-14
240417-10:38:36,681 nipype.interface INFO:
	 No "roi" images found for sub-14
240417-10:38:36,682 nipype.workflow INFO:
	 [Node] Finished "bidssrc", elapsed time 0.001005s.
240417-10:38:37,470 nipype.workflow INFO:
	 [Node] Finished "res_tmpl", elapsed time 1.73838s.
240417-10:38:37,872 nipype.workflow INFO:
	 [Node] Setting-up "fmriprep_23_1_wf.single_subject_14_wf.anat_preproc_wf.t2w_template_wf.anat_ref_dimensions" in "/work/fmriprep_23_1_wf/single_subject_14_wf/anat_preproc_wf/t2w_template_wf/anat_ref_dimensions".
240417-10:38:37,872 nipype.workflow INFO:
	 [Node] Setting-up "fmriprep_23_1_wf.single_subject_14_wf.anat_preproc_wf.anat_template_wf.anat_ref_dimensions" in "/work/fmriprep_23_1_wf/single_subject_14_wf/anat_preproc_wf/anat_template_wf/anat_ref_dimensions".
240417-10:38:37,886 nipype.workflow INFO:
	 [Node] Setting-up "fmriprep_23_1_wf.single_subject_14_wf.func_preproc_ses_01_task_02a_run_1_wf.select_bold" in "/work/fmriprep_23_1_wf/single_subject_14_wf/func_preproc_ses_01_task_02a_run_1_wf/select_bold".
240417-10:38:37,889 nipype.workflow INFO:
	 [Node] Setting-up "_runwise_avg0" in "/work/fmriprep_23_1_wf/single_subject_14_wf/fmap_preproc_wf/wf_auto_00000/runwise_avg/mapflow/_runwise_avg0".
240417-10:38:37,889 nipype.workflow INFO:
	 [Node] Setting-up "_runwise_avg0" in "/work/fmriprep_23_1_wf/single_subject_14_wf/fmap_preproc_wf/wf_auto_00001/runwise_avg/mapflow/_runwise_avg0".
240417-10:38:37,893 nipype.workflow INFO:
	 [Node] Cached "_runwise_avg0" - collecting precomputed outputs
240417-10:38:37,893 nipype.workflow INFO:
	 [Node] "_runwise_avg0" found cached.
240417-10:38:37,893 nipype.workflow INFO:
	 [Node] Cached "_runwise_avg0" - collecting precomputed outputs
240417-10:38:37,893 nipype.workflow INFO:
	 [Node] "_runwise_avg0" found cached.
240417-10:38:37,894 nipype.workflow INFO:
	 [Node] Setting-up "_runwise_avg1" in "/work/fmriprep_23_1_wf/single_subject_14_wf/fmap_preproc_wf/wf_auto_00000/runwise_avg/mapflow/_runwise_avg1".
240417-10:38:37,894 nipype.workflow INFO:
	 [Node] Setting-up "_runwise_avg1" in "/work/fmriprep_23_1_wf/single_subject_14_wf/fmap_preproc_wf/wf_auto_00001/runwise_avg/mapflow/_runwise_avg1".
240417-10:38:37,899 nipype.workflow INFO:
	 [Node] Cached "_runwise_avg1" - collecting precomputed outputs
240417-10:38:37,899 nipype.workflow INFO:
	 [Node] "_runwise_avg1" found cached.
240417-10:38:37,899 nipype.workflow INFO:
	 [Node] Cached "_runwise_avg1" - collecting precomputed outputs
240417-10:38:37,899 nipype.workflow INFO:
	 [Node] "_runwise_avg1" found cached.
240417-10:38:38,100 nipype.workflow INFO:
	 [Node] Executing "select_bold" <nipype.interfaces.utility.base.Select>
240417-10:38:38,101 nipype.workflow INFO:
	 [Node] Finished "select_bold", elapsed time 0.000291s.
240417-10:38:38,181 nipype.workflow INFO:
	 [Node] Setting-up "fmriprep_23_1_wf.single_subject_14_wf.func_preproc_ses_01_task_02a_run_2_wf.select_bold" in "/work/fmriprep_23_1_wf/single_subject_14_wf/func_preproc_ses_01_task_02a_run_2_wf/select_bold".
240417-10:38:38,208 nipype.workflow INFO:
	 [Node] Executing "select_bold" <nipype.interfaces.utility.base.Select>
240417-10:38:38,209 nipype.workflow INFO:
	 [Node] Finished "select_bold", elapsed time 0.00026s.
240417-10:38:38,407 nipype.workflow INFO:
	 [Node] Setting-up "fmriprep_23_1_wf.single_subject_14_wf.func_preproc_ses_01_task_02a_run_3_wf.select_bold" in "/work/fmriprep_23_1_wf/single_subject_14_wf/func_preproc_ses_01_task_02a_run_3_wf/select_bold".
240417-10:38:38,429 nipype.workflow INFO:
	 [Node] Executing "select_bold" <nipype.interfaces.utility.base.Select>
240417-10:38:38,430 nipype.workflow INFO:
	 [Node] Finished "select_bold", elapsed time 0.000269s.
240417-10:38:38,591 nipype.workflow INFO:
	 [Node] Setting-up "fmriprep_23_1_wf.single_subject_14_wf.func_preproc_ses_01_task_02a_run_4_wf.select_bold" in "/work/fmriprep_23_1_wf/single_subject_14_wf/func_preproc_ses_01_task_02a_run_4_wf/select_bold".
240417-10:38:38,611 nipype.workflow INFO:
	 [Node] Executing "select_bold" <nipype.interfaces.utility.base.Select>
240417-10:38:38,612 nipype.workflow INFO:
	 [Node] Finished "select_bold", elapsed time 0.000268s.
240417-10:38:38,800 nipype.workflow INFO:
	 [Node] Setting-up "fmriprep_23_1_wf.single_subject_14_wf.bids_info" in "/work/fmriprep_23_1_wf/single_subject_14_wf/bids_info".
240417-10:38:38,817 nipype.workflow INFO:
	 [Node] Executing "bids_info" <niworkflows.interfaces.bids.BIDSInfo>
240417-10:38:38,825 nipype.workflow INFO:
	 [Node] Finished "bids_info", elapsed time 0.007182s.
240417-10:38:38,831 nipype.workflow INFO:
	 [Node] Executing "anat_ref_dimensions" <niworkflows.interfaces.images.TemplateDimensions>
240417-10:38:38,832 nipype.workflow INFO:
	 [Node] Executing "anat_ref_dimensions" <niworkflows.interfaces.images.TemplateDimensions>
240417-10:38:38,912 nipype.workflow INFO:
	 [Node] Finished "anat_ref_dimensions", elapsed time 0.079649s.
240417-10:38:38,930 nipype.workflow INFO:
	 [Node] Finished "anat_ref_dimensions", elapsed time 0.097455s.
240417-10:38:39,598 nipype.workflow INFO:
	 [Node] Setting-up "fmriprep_23_1_wf.single_subject_14_wf.fmap_preproc_wf.wf_auto_00000.regrid" in "/work/fmriprep_23_1_wf/single_subject_14_wf/fmap_preproc_wf/wf_auto_00000/regrid".
240417-10:38:39,598 nipype.workflow INFO:
	 [Node] Setting-up "fmriprep_23_1_wf.single_subject_14_wf.fmap_preproc_wf.wf_auto_00001.regrid" in "/work/fmriprep_23_1_wf/single_subject_14_wf/fmap_preproc_wf/wf_auto_00001/regrid".
240417-10:38:39,612 nipype.workflow INFO:
	 [Node] Executing "regrid" <sdcflows.interfaces.utils.UniformGrid>
240417-10:38:39,615 nipype.workflow INFO:
	 [Node] Executing "regrid" <sdcflows.interfaces.utils.UniformGrid>
240417-10:38:39,733 nipype.workflow INFO:
	 [Node] Setting-up "fmriprep_23_1_wf.single_subject_14_wf.anat_preproc_wf.fs_isrunning" in "/work/fmriprep_23_1_wf/single_subject_14_wf/anat_preproc_wf/fs_isrunning".
240417-10:38:39,783 nipype.workflow INFO:
	 [Node] Setting-up "_denoise0" in "/work/fmriprep_23_1_wf/single_subject_14_wf/anat_preproc_wf/anat_template_wf/denoise/mapflow/_denoise0".
240417-10:38:39,795 nipype.workflow INFO:
	 [Node] Executing "_denoise0" <nipype.interfaces.ants.segmentation.DenoiseImage>
240417-10:38:39,929 nipype.workflow INFO:
	 [Node] Setting-up "fmriprep_23_1_wf.single_subject_14_wf.anat_preproc_wf.anat_derivatives_wf.raw_sources" in "/work/fmriprep_23_1_wf/single_subject_14_wf/anat_preproc_wf/anat_derivatives_wf/raw_sources".
240417-10:38:39,949 nipype.workflow INFO:
	 [Node] Executing "raw_sources" <nipype.interfaces.utility.wrappers.Function>
240417-10:38:39,951 nipype.workflow INFO:
	 [Node] Finished "raw_sources", elapsed time 0.000542s.
240417-10:38:39,974 nipype.workflow INFO:
	 [Node] Setting-up "_denoise0" in "/work/fmriprep_23_1_wf/single_subject_14_wf/anat_preproc_wf/t2w_template_wf/denoise/mapflow/_denoise0".
240417-10:38:39,989 nipype.workflow INFO:
	 [Node] Executing "_denoise0" <nipype.interfaces.ants.segmentation.DenoiseImage>
240417-10:38:39,998 nipype.workflow INFO:
	 [Node] Finished "regrid", elapsed time 0.384872s.
240417-10:38:39,998 nipype.workflow INFO:
	 [Node] Finished "regrid", elapsed time 0.382721s.
240417-10:38:40,687 nipype.workflow INFO:
	 [Node] Executing "fs_isrunning" <nipype.interfaces.utility.wrappers.Function>
240417-10:38:40,689 nipype.workflow INFO:
	 [Node] Finished "fs_isrunning", elapsed time 0.000618s.
240417-10:38:41,905 nipype.workflow INFO:
	 [Node] Finished "get_dummy", elapsed time 6.170574s.
240417-10:38:42,326 nipype.workflow INFO:
	 [Node] Finished "get_dummy", elapsed time 6.593474s.
240417-10:38:42,393 nipype.workflow INFO:
	 [Node] Finished "get_dummy", elapsed time 6.665283s.
240417-10:38:42,460 nipype.workflow INFO:
	 [Node] Finished "get_dummy", elapsed time 6.726717s.
240417-10:38:43,59 nipype.workflow INFO:
	 [Node] Finished "lap_tmpl", elapsed time 7.447324s.
240417-10:38:43,524 nipype.workflow INFO:
	 [Node] Setting-up "fmriprep_23_1_wf.single_subject_14_wf.anat_preproc_wf.brain_extraction_wf.mrg_tmpl" in "/work/fmriprep_23_1_wf/single_subject_14_wf/anat_preproc_wf/brain_extraction_wf/mrg_tmpl".
240417-10:38:43,566 nipype.workflow INFO:
	 [Node] Executing "mrg_tmpl" <nipype.interfaces.utility.base.Merge>
240417-10:38:43,567 nipype.workflow INFO:
	 [Node] Finished "mrg_tmpl", elapsed time 0.001071s.
240417-10:38:43,706 nipype.workflow INFO:
	 [Node] Setting-up "fmriprep_23_1_wf.single_subject_14_wf.func_preproc_ses_01_task_02a_run_1_wf.initial_boldref_wf.gen_avg" in "/work/fmriprep_23_1_wf/single_subject_14_wf/func_preproc_ses_01_task_02a_run_1_wf/initial_boldref_wf/gen_avg".
240417-10:38:43,738 nipype.workflow INFO:
	 [Node] Executing "gen_avg" <niworkflows.interfaces.images.RobustAverage>
240417-10:38:43,875 nipype.workflow INFO:
	 [Node] Setting-up "fmriprep_23_1_wf.single_subject_14_wf.func_preproc_ses_01_task_02a_run_2_wf.initial_boldref_wf.gen_avg" in "/work/fmriprep_23_1_wf/single_subject_14_wf/func_preproc_ses_01_task_02a_run_2_wf/initial_boldref_wf/gen_avg".
240417-10:38:43,908 nipype.workflow INFO:
	 [Node] Executing "gen_avg" <niworkflows.interfaces.images.RobustAverage>
240417-10:38:44,58 nipype.workflow INFO:
	 [Node] Setting-up "fmriprep_23_1_wf.single_subject_14_wf.func_preproc_ses_01_task_02a_run_3_wf.initial_boldref_wf.gen_avg" in "/work/fmriprep_23_1_wf/single_subject_14_wf/func_preproc_ses_01_task_02a_run_3_wf/initial_boldref_wf/gen_avg".
240417-10:38:44,91 nipype.workflow INFO:
	 [Node] Executing "gen_avg" <niworkflows.interfaces.images.RobustAverage>
240417-10:38:44,605 nipype.workflow INFO:
	 [Node] Setting-up "fmriprep_23_1_wf.single_subject_14_wf.func_preproc_ses_01_task_02a_run_4_wf.initial_boldref_wf.gen_avg" in "/work/fmriprep_23_1_wf/single_subject_14_wf/func_preproc_ses_01_task_02a_run_4_wf/initial_boldref_wf/gen_avg".
240417-10:38:44,640 nipype.workflow INFO:
	 [Node] Executing "gen_avg" <niworkflows.interfaces.images.RobustAverage>
240417-10:38:48,759 nipype.workflow INFO:
	 [Node] Setting-up "fmriprep_23_1_wf.single_subject_14_wf.func_preproc_ses_01_task_02a_run_2_wf.bold_stc_wf.slice_timing_correction" in "/work/fmriprep_23_1_wf/single_subject_14_wf/func_preproc_ses_01_task_02a_run_2_wf/bold_stc_wf/slice_timing_correction".
240417-10:38:48,759 nipype.workflow INFO:
	 [Node] Setting-up "fmriprep_23_1_wf.single_subject_14_wf.func_preproc_ses_01_task_02a_run_4_wf.bold_stc_wf.slice_timing_correction" in "/work/fmriprep_23_1_wf/single_subject_14_wf/func_preproc_ses_01_task_02a_run_4_wf/bold_stc_wf/slice_timing_correction".
240417-10:38:48,783 nipype.workflow INFO:
	 [Node] Executing "slice_timing_correction" <fmriprep.workflows.bold.stc.TShift>
240417-10:38:48,783 nipype.workflow INFO:
	 [Node] Executing "slice_timing_correction" <fmriprep.workflows.bold.stc.TShift>
240417-10:38:48,850 nipype.workflow INFO:
	 [Node] Setting-up "fmriprep_23_1_wf.single_subject_14_wf.func_preproc_ses_01_task_02a_run_1_wf.bold_stc_wf.slice_timing_correction" in "/work/fmriprep_23_1_wf/single_subject_14_wf/func_preproc_ses_01_task_02a_run_1_wf/bold_stc_wf/slice_timing_correction".
240417-10:38:48,876 nipype.workflow INFO:
	 [Node] Executing "slice_timing_correction" <fmriprep.workflows.bold.stc.TShift>
240417-10:38:48,901 nipype.workflow INFO:
	 [Node] Setting-up "fmriprep_23_1_wf.single_subject_14_wf.func_preproc_ses_01_task_02a_run_3_wf.bold_stc_wf.slice_timing_correction" in "/work/fmriprep_23_1_wf/single_subject_14_wf/func_preproc_ses_01_task_02a_run_3_wf/bold_stc_wf/slice_timing_correction".
240417-10:38:48,948 nipype.workflow INFO:
	 [Node] Executing "slice_timing_correction" <fmriprep.workflows.bold.stc.TShift>
240417-10:38:49,564 nipype.workflow INFO:
	 [Node] Setting-up "fmriprep_23_1_wf.single_subject_14_wf.fmap_preproc_wf.wf_auto_00001.concat_blips" in "/work/fmriprep_23_1_wf/single_subject_14_wf/fmap_preproc_wf/wf_auto_00001/concat_blips".
240417-10:38:49,565 nipype.workflow INFO:
	 [Node] Setting-up "fmriprep_23_1_wf.single_subject_14_wf.fmap_preproc_wf.wf_auto_00000.concat_blips" in "/work/fmriprep_23_1_wf/single_subject_14_wf/fmap_preproc_wf/wf_auto_00000/concat_blips".
240417-10:38:49,594 nipype.workflow INFO:
	 [Node] Executing "concat_blips" <niworkflows.interfaces.nibabel.MergeSeries>
240417-10:38:49,595 nipype.workflow INFO:
	 [Node] Executing "concat_blips" <niworkflows.interfaces.nibabel.MergeSeries>
240417-10:38:49,821 nipype.workflow INFO:
	 [Node] Finished "concat_blips", elapsed time 0.195747s.
240417-10:38:49,821 nipype.workflow INFO:
	 [Node] Finished "concat_blips", elapsed time 0.198136s.
240417-10:38:51,52 nipype.interface INFO:
	 stderr 2024-04-17T10:38:51.052474:++ 3dvolreg: AFNI version=AFNI_23.1.07 (May 30 2023) [64-bit]
240417-10:38:51,52 nipype.interface INFO:
	 stderr 2024-04-17T10:38:51.052474:++ Authored by: RW Cox
240417-10:38:51,53 nipype.interface INFO:
	 stderr 2024-04-17T10:38:51.053581:++ 3dvolreg: AFNI version=AFNI_23.1.07 (May 30 2023) [64-bit]
240417-10:38:51,53 nipype.interface INFO:
	 stderr 2024-04-17T10:38:51.053581:++ Authored by: RW Cox
240417-10:38:51,56 nipype.interface INFO:
	 stderr 2024-04-17T10:38:51.056055:++ 3dvolreg: AFNI version=AFNI_23.1.07 (May 30 2023) [64-bit]
240417-10:38:51,56 nipype.interface INFO:
	 stderr 2024-04-17T10:38:51.056055:++ Authored by: RW Cox
240417-10:38:51,59 nipype.interface INFO:
	 stderr 2024-04-17T10:38:51.058959:** AFNI converts NIFTI_datatype=4 (INT16) in file /work/fmriprep_23_1_wf/single_subject_14_wf/func_preproc_ses_01_task_02a_run_1_wf/initial_boldref_wf/gen_avg/sub-14_ses-01_task-02a_run-1_bold_sliced.nii.gz to FLOAT32
240417-10:38:51,59 nipype.interface INFO:
	 stderr 2024-04-17T10:38:51.059940:     Warnings of this type will be muted for this session.
240417-10:38:51,60 nipype.interface INFO:
	 stderr 2024-04-17T10:38:51.059940:     Set AFNI_NIFTI_TYPE_WARN to YES to see them all, NO to see none.
240417-10:38:51,60 nipype.interface INFO:
	 stderr 2024-04-17T10:38:51.060230:** AFNI converts NIFTI_datatype=4 (INT16) in file /work/fmriprep_23_1_wf/single_subject_14_wf/func_preproc_ses_01_task_02a_run_3_wf/initial_boldref_wf/gen_avg/sub-14_ses-01_task-02a_run-3_bold_sliced.nii.gz to FLOAT32
240417-10:38:51,61 nipype.interface INFO:
	 stderr 2024-04-17T10:38:51.061398:     Warnings of this type will be muted for this session.
240417-10:38:51,61 nipype.interface INFO:
	 stderr 2024-04-17T10:38:51.061398:     Set AFNI_NIFTI_TYPE_WARN to YES to see them all, NO to see none.
240417-10:38:51,62 nipype.interface INFO:
	 stderr 2024-04-17T10:38:51.062627:** AFNI converts NIFTI_datatype=4 (INT16) in file /work/fmriprep_23_1_wf/single_subject_14_wf/func_preproc_ses_01_task_02a_run_2_wf/initial_boldref_wf/gen_avg/sub-14_ses-01_task-02a_run-2_bold_sliced.nii.gz to FLOAT32
240417-10:38:51,63 nipype.interface INFO:
	 stderr 2024-04-17T10:38:51.063606:     Warnings of this type will be muted for this session.
240417-10:38:51,63 nipype.interface INFO:
	 stderr 2024-04-17T10:38:51.063606:     Set AFNI_NIFTI_TYPE_WARN to YES to see them all, NO to see none.
240417-10:38:51,64 nipype.interface INFO:
	 stderr 2024-04-17T10:38:51.064549:[7m*+ WARNING:[0m   If you are performing spatial transformations on an oblique dset,
240417-10:38:51,64 nipype.interface INFO:
	 stderr 2024-04-17T10:38:51.064549:  such as /work/fmriprep_23_1_wf/single_subject_14_wf/func_preproc_ses_01_task_02a_run_1_wf/initial_boldref_wf/gen_avg/sub-14_ses-01_task-02a_run-1_bold_sliced.nii.gz,
240417-10:38:51,64 nipype.interface INFO:
	 stderr 2024-04-17T10:38:51.064549:  or viewing/combining it with volumes of differing obliquity,
240417-10:38:51,64 nipype.interface INFO:
	 stderr 2024-04-17T10:38:51.064549:  you should consider running: 
240417-10:38:51,64 nipype.interface INFO:
	 stderr 2024-04-17T10:38:51.064549:     3dWarp -deoblique 
240417-10:38:51,64 nipype.interface INFO:
	 stderr 2024-04-17T10:38:51.064549:  on this and  other oblique datasets in the same session.
240417-10:38:51,64 nipype.interface INFO:
	 stderr 2024-04-17T10:38:51.064549: See 3dWarp -help for details.
240417-10:38:51,64 nipype.interface INFO:
	 stderr 2024-04-17T10:38:51.064549:++ Oblique dataset:/work/fmriprep_23_1_wf/single_subject_14_wf/func_preproc_ses_01_task_02a_run_1_wf/initial_boldref_wf/gen_avg/sub-14_ses-01_task-02a_run-1_bold_sliced.nii.gz is 5.954041 degrees from plumb.
240417-10:38:51,65 nipype.interface INFO:
	 stderr 2024-04-17T10:38:51.064996:++ Coarse del was 10, replaced with 7
240417-10:38:51,65 nipype.interface INFO:
	 stderr 2024-04-17T10:38:51.065967:[7m*+ WARNING:[0m   If you are performing spatial transformations on an oblique dset,
240417-10:38:51,66 nipype.interface INFO:
	 stderr 2024-04-17T10:38:51.065967:  such as /work/fmriprep_23_1_wf/single_subject_14_wf/func_preproc_ses_01_task_02a_run_3_wf/initial_boldref_wf/gen_avg/sub-14_ses-01_task-02a_run-3_bold_sliced.nii.gz,
240417-10:38:51,66 nipype.interface INFO:
	 stderr 2024-04-17T10:38:51.065967:  or viewing/combining it with volumes of differing obliquity,
240417-10:38:51,66 nipype.interface INFO:
	 stderr 2024-04-17T10:38:51.065967:  you should consider running: 
240417-10:38:51,66 nipype.interface INFO:
	 stderr 2024-04-17T10:38:51.065967:     3dWarp -deoblique 
240417-10:38:51,66 nipype.interface INFO:
	 stderr 2024-04-17T10:38:51.065967:  on this and  other oblique datasets in the same session.
240417-10:38:51,66 nipype.interface INFO:
	 stderr 2024-04-17T10:38:51.065967: See 3dWarp -help for details.
240417-10:38:51,66 nipype.interface INFO:
	 stderr 2024-04-17T10:38:51.066304:++ Oblique dataset:/work/fmriprep_23_1_wf/single_subject_14_wf/func_preproc_ses_01_task_02a_run_3_wf/initial_boldref_wf/gen_avg/sub-14_ses-01_task-02a_run-3_bold_sliced.nii.gz is 5.954041 degrees from plumb.
240417-10:38:51,66 nipype.interface INFO:
	 stderr 2024-04-17T10:38:51.066304:++ Coarse del was 10, replaced with 7
240417-10:38:51,67 nipype.interface INFO:
	 stderr 2024-04-17T10:38:51.067523:[7m*+ WARNING:[0m   If you are performing spatial transformations on an oblique dset,
240417-10:38:51,67 nipype.interface INFO:
	 stderr 2024-04-17T10:38:51.067523:  such as /work/fmriprep_23_1_wf/single_subject_14_wf/func_preproc_ses_01_task_02a_run_2_wf/initial_boldref_wf/gen_avg/sub-14_ses-01_task-02a_run-2_bold_sliced.nii.gz,
240417-10:38:51,67 nipype.interface INFO:
	 stderr 2024-04-17T10:38:51.067523:  or viewing/combining it with volumes of differing obliquity,
240417-10:38:51,67 nipype.interface INFO:
	 stderr 2024-04-17T10:38:51.067523:  you should consider running: 
240417-10:38:51,67 nipype.interface INFO:
	 stderr 2024-04-17T10:38:51.067523:     3dWarp -deoblique 
240417-10:38:51,67 nipype.interface INFO:
	 stderr 2024-04-17T10:38:51.067523:  on this and  other oblique datasets in the same session.
240417-10:38:51,67 nipype.interface INFO:
	 stderr 2024-04-17T10:38:51.067523: See 3dWarp -help for details.
240417-10:38:51,67 nipype.interface INFO:
	 stderr 2024-04-17T10:38:51.067523:++ Oblique dataset:/work/fmriprep_23_1_wf/single_subject_14_wf/func_preproc_ses_01_task_02a_run_2_wf/initial_boldref_wf/gen_avg/sub-14_ses-01_task-02a_run-2_bold_sliced.nii.gz is 5.954041 degrees from plumb.
240417-10:38:51,67 nipype.interface INFO:
	 stderr 2024-04-17T10:38:51.067955:++ Coarse del was 10, replaced with 7
240417-10:38:51,513 nipype.interface INFO:
	 stderr 2024-04-17T10:38:51.513367:++ 3dvolreg: AFNI version=AFNI_23.1.07 (May 30 2023) [64-bit]
240417-10:38:51,513 nipype.interface INFO:
	 stderr 2024-04-17T10:38:51.513367:++ Authored by: RW Cox
240417-10:38:51,517 nipype.interface INFO:
	 stderr 2024-04-17T10:38:51.517415:** AFNI converts NIFTI_datatype=4 (INT16) in file /work/fmriprep_23_1_wf/single_subject_14_wf/func_preproc_ses_01_task_02a_run_4_wf/initial_boldref_wf/gen_avg/sub-14_ses-01_task-02a_run-4_bold_sliced.nii.gz to FLOAT32
240417-10:38:51,518 nipype.interface INFO:
	 stderr 2024-04-17T10:38:51.517960:     Warnings of this type will be muted for this session.
240417-10:38:51,518 nipype.interface INFO:
	 stderr 2024-04-17T10:38:51.517960:     Set AFNI_NIFTI_TYPE_WARN to YES to see them all, NO to see none.
240417-10:38:51,521 nipype.interface INFO:
	 stderr 2024-04-17T10:38:51.521502:[7m*+ WARNING:[0m   If you are performing spatial transformations on an oblique dset,
240417-10:38:51,521 nipype.interface INFO:
	 stderr 2024-04-17T10:38:51.521502:  such as /work/fmriprep_23_1_wf/single_subject_14_wf/func_preproc_ses_01_task_02a_run_4_wf/initial_boldref_wf/gen_avg/sub-14_ses-01_task-02a_run-4_bold_sliced.nii.gz,
240417-10:38:51,521 nipype.interface INFO:
	 stderr 2024-04-17T10:38:51.521502:  or viewing/combining it with volumes of differing obliquity,
240417-10:38:51,521 nipype.interface INFO:
	 stderr 2024-04-17T10:38:51.521502:  you should consider running: 
240417-10:38:51,521 nipype.interface INFO:
	 stderr 2024-04-17T10:38:51.521502:     3dWarp -deoblique 
240417-10:38:51,521 nipype.interface INFO:
	 stderr 2024-04-17T10:38:51.521502:  on this and  other oblique datasets in the same session.
240417-10:38:51,521 nipype.interface INFO:
	 stderr 2024-04-17T10:38:51.521502: See 3dWarp -help for details.
240417-10:38:51,521 nipype.interface INFO:
	 stderr 2024-04-17T10:38:51.521502:++ Oblique dataset:/work/fmriprep_23_1_wf/single_subject_14_wf/func_preproc_ses_01_task_02a_run_4_wf/initial_boldref_wf/gen_avg/sub-14_ses-01_task-02a_run-4_bold_sliced.nii.gz is 5.954041 degrees from plumb.
240417-10:38:51,521 nipype.interface INFO:
	 stderr 2024-04-17T10:38:51.521502:++ Coarse del was 10, replaced with 7
240417-10:38:51,578 nipype.workflow INFO:
	 [Node] Setting-up "fmriprep_23_1_wf.single_subject_14_wf.fmap_preproc_wf.wf_auto_00000.pad_blip_slices" in "/work/fmriprep_23_1_wf/single_subject_14_wf/fmap_preproc_wf/wf_auto_00000/pad_blip_slices".
240417-10:38:51,578 nipype.workflow INFO:
	 [Node] Setting-up "fmriprep_23_1_wf.single_subject_14_wf.fmap_preproc_wf.wf_auto_00001.pad_blip_slices" in "/work/fmriprep_23_1_wf/single_subject_14_wf/fmap_preproc_wf/wf_auto_00001/pad_blip_slices".
240417-10:38:51,598 nipype.workflow INFO:
	 [Node] Executing "pad_blip_slices" <sdcflows.interfaces.utils.PadSlices>
240417-10:38:51,599 nipype.workflow INFO:
	 [Node] Executing "pad_blip_slices" <sdcflows.interfaces.utils.PadSlices>
240417-10:38:51,640 nipype.workflow INFO:
	 [Node] Finished "pad_blip_slices", elapsed time 0.040651s.
240417-10:38:51,640 nipype.workflow INFO:
	 [Node] Finished "pad_blip_slices", elapsed time 0.04125s.
240417-10:38:53,550 nipype.workflow INFO:
	 [Node] Setting-up "fmriprep_23_1_wf.single_subject_14_wf.fmap_preproc_wf.wf_auto_00000.setwise_avg" in "/work/fmriprep_23_1_wf/single_subject_14_wf/fmap_preproc_wf/wf_auto_00000/setwise_avg".
240417-10:38:53,550 nipype.workflow INFO:
	 [Node] Setting-up "fmriprep_23_1_wf.single_subject_14_wf.fmap_preproc_wf.wf_auto_00001.setwise_avg" in "/work/fmriprep_23_1_wf/single_subject_14_wf/fmap_preproc_wf/wf_auto_00001/setwise_avg".
240417-10:38:53,602 nipype.workflow INFO:
	 [Node] Executing "setwise_avg" <niworkflows.interfaces.images.RobustAverage>
240417-10:38:53,602 nipype.workflow INFO:
	 [Node] Executing "setwise_avg" <niworkflows.interfaces.images.RobustAverage>
240417-10:38:54,38 nipype.interface INFO:
	 stderr 2024-04-17T10:38:54.038222:++ 3dvolreg: AFNI version=AFNI_23.1.07 (May 30 2023) [64-bit]
240417-10:38:54,38 nipype.interface INFO:
	 stderr 2024-04-17T10:38:54.038222:++ Authored by: RW Cox
240417-10:38:54,42 nipype.interface INFO:
	 stderr 2024-04-17T10:38:54.042208:** AFNI converts NIFTI_datatype=4 (INT16) in file /work/fmriprep_23_1_wf/single_subject_14_wf/fmap_preproc_wf/wf_auto_00001/setwise_avg/sub-14_ses-01_dir-PA_run-2_epi_merged_sliced.nii.gz to FLOAT32
240417-10:38:54,42 nipype.interface INFO:
	 stderr 2024-04-17T10:38:54.042667:     Warnings of this type will be muted for this session.
240417-10:38:54,42 nipype.interface INFO:
	 stderr 2024-04-17T10:38:54.042667:     Set AFNI_NIFTI_TYPE_WARN to YES to see them all, NO to see none.
240417-10:38:54,45 nipype.interface INFO:
	 stderr 2024-04-17T10:38:54.045564:[7m*+ WARNING:[0m   If you are performing spatial transformations on an oblique dset,
240417-10:38:54,45 nipype.interface INFO:
	 stderr 2024-04-17T10:38:54.045564:  such as /work/fmriprep_23_1_wf/single_subject_14_wf/fmap_preproc_wf/wf_auto_00001/setwise_avg/sub-14_ses-01_dir-PA_run-2_epi_merged_sliced.nii.gz,
240417-10:38:54,45 nipype.interface INFO:
	 stderr 2024-04-17T10:38:54.045564:  or viewing/combining it with volumes of differing obliquity,
240417-10:38:54,45 nipype.interface INFO:
	 stderr 2024-04-17T10:38:54.045564:  you should consider running: 
240417-10:38:54,45 nipype.interface INFO:
	 stderr 2024-04-17T10:38:54.045564:     3dWarp -deoblique 
240417-10:38:54,45 nipype.interface INFO:
	 stderr 2024-04-17T10:38:54.045564:  on this and  other oblique datasets in the same session.
240417-10:38:54,45 nipype.interface INFO:
	 stderr 2024-04-17T10:38:54.045564: See 3dWarp -help for details.
240417-10:38:54,46 nipype.interface INFO:
	 stderr 2024-04-17T10:38:54.045564:++ Oblique dataset:/work/fmriprep_23_1_wf/single_subject_14_wf/fmap_preproc_wf/wf_auto_00001/setwise_avg/sub-14_ses-01_dir-PA_run-2_epi_merged_sliced.nii.gz is 5.954041 degrees from plumb.
240417-10:38:54,46 nipype.interface INFO:
	 stderr 2024-04-17T10:38:54.046054:++ Coarse del was 10, replaced with 7
240417-10:38:54,97 nipype.interface INFO:
	 stderr 2024-04-17T10:38:54.097360:++ 3dvolreg: AFNI version=AFNI_23.1.07 (May 30 2023) [64-bit]
240417-10:38:54,97 nipype.interface INFO:
	 stderr 2024-04-17T10:38:54.097360:++ Authored by: RW Cox
240417-10:38:54,101 nipype.interface INFO:
	 stderr 2024-04-17T10:38:54.101278:** AFNI converts NIFTI_datatype=4 (INT16) in file /work/fmriprep_23_1_wf/single_subject_14_wf/fmap_preproc_wf/wf_auto_00000/setwise_avg/sub-14_ses-01_dir-PA_run-1_epi_merged_sliced.nii.gz to FLOAT32
240417-10:38:54,101 nipype.interface INFO:
	 stderr 2024-04-17T10:38:54.101711:     Warnings of this type will be muted for this session.
240417-10:38:54,101 nipype.interface INFO:
	 stderr 2024-04-17T10:38:54.101711:     Set AFNI_NIFTI_TYPE_WARN to YES to see them all, NO to see none.
240417-10:38:54,104 nipype.interface INFO:
	 stderr 2024-04-17T10:38:54.104285:[7m*+ WARNING:[0m   If you are performing spatial transformations on an oblique dset,
240417-10:38:54,104 nipype.interface INFO:
	 stderr 2024-04-17T10:38:54.104285:  such as /work/fmriprep_23_1_wf/single_subject_14_wf/fmap_preproc_wf/wf_auto_00000/setwise_avg/sub-14_ses-01_dir-PA_run-1_epi_merged_sliced.nii.gz,
240417-10:38:54,104 nipype.interface INFO:
	 stderr 2024-04-17T10:38:54.104285:  or viewing/combining it with volumes of differing obliquity,
240417-10:38:54,104 nipype.interface INFO:
	 stderr 2024-04-17T10:38:54.104285:  you should consider running: 
240417-10:38:54,104 nipype.interface INFO:
	 stderr 2024-04-17T10:38:54.104285:     3dWarp -deoblique 
240417-10:38:54,104 nipype.interface INFO:
	 stderr 2024-04-17T10:38:54.104285:  on this and  other oblique datasets in the same session.
240417-10:38:54,104 nipype.interface INFO:
	 stderr 2024-04-17T10:38:54.104285: See 3dWarp -help for details.
240417-10:38:54,104 nipype.interface INFO:
	 stderr 2024-04-17T10:38:54.104285:++ Oblique dataset:/work/fmriprep_23_1_wf/single_subject_14_wf/fmap_preproc_wf/wf_auto_00000/setwise_avg/sub-14_ses-01_dir-PA_run-1_epi_merged_sliced.nii.gz is 5.954041 degrees from plumb.
240417-10:38:54,104 nipype.interface INFO:
	 stderr 2024-04-17T10:38:54.104890:++ Coarse del was 10, replaced with 7
240417-10:39:01,102 nipype.interface INFO:
	 stderr 2024-04-17T10:39:01.102235:++ Max displacement in automask = 1.13 (mm) at sub-brick 1
240417-10:39:01,102 nipype.interface INFO:
	 stderr 2024-04-17T10:39:01.102516:++ Max delta displ  in automask = 1.13 (mm) at sub-brick 1
240417-10:39:01,636 nipype.interface INFO:
	 stderr 2024-04-17T10:39:01.636351:++ Max displacement in automask = 1.51 (mm) at sub-brick 1
240417-10:39:01,636 nipype.interface INFO:
	 stderr 2024-04-17T10:39:01.636620:++ Max delta displ  in automask = 1.51 (mm) at sub-brick 1
240417-10:39:01,860 nipype.workflow INFO:
	 [Node] Finished "setwise_avg", elapsed time 8.257388s.
240417-10:39:02,295 nipype.workflow INFO:
	 [Node] Finished "setwise_avg", elapsed time 8.692206s.
240417-10:39:03,554 nipype.workflow INFO:
	 [Node] Setting-up "fmriprep_23_1_wf.single_subject_14_wf.fmap_preproc_wf.wf_auto_00001.to_las" in "/work/fmriprep_23_1_wf/single_subject_14_wf/fmap_preproc_wf/wf_auto_00001/to_las".
240417-10:39:03,572 nipype.workflow INFO:
	 [Node] Setting-up "fmriprep_23_1_wf.single_subject_14_wf.fmap_preproc_wf.wf_auto_00000.to_las" in "/work/fmriprep_23_1_wf/single_subject_14_wf/fmap_preproc_wf/wf_auto_00000/to_las".
240417-10:39:03,577 nipype.workflow INFO:
	 [Node] Executing "to_las" <sdcflows.interfaces.utils.ReorientImageAndMetadata>
240417-10:39:03,591 nipype.workflow INFO:
	 [Node] Executing "to_las" <sdcflows.interfaces.utils.ReorientImageAndMetadata>
240417-10:39:03,620 nipype.workflow INFO:
	 [Node] Finished "to_las", elapsed time 0.042503s.
240417-10:39:03,634 nipype.workflow INFO:
	 [Node] Finished "to_las", elapsed time 0.041937s.
240417-10:39:05,650 nipype.workflow INFO:
	 [Node] Setting-up "fmriprep_23_1_wf.single_subject_14_wf.fmap_preproc_wf.wf_auto_00001.topup" in "/work/fmriprep_23_1_wf/single_subject_14_wf/fmap_preproc_wf/wf_auto_00001/topup".
240417-10:39:05,650 nipype.workflow INFO:
	 [Node] Setting-up "fmriprep_23_1_wf.single_subject_14_wf.fmap_preproc_wf.wf_auto_00000.topup" in "/work/fmriprep_23_1_wf/single_subject_14_wf/fmap_preproc_wf/wf_auto_00000/topup".
240417-10:39:05,672 nipype.workflow INFO:
	 [Node] Executing "topup" <nipype.interfaces.fsl.epi.TOPUP>
240417-10:39:05,790 nipype.workflow INFO:
	 [Node] Executing "topup" <nipype.interfaces.fsl.epi.TOPUP>
240417-10:39:20,90 nipype.workflow INFO:
	 [Node] Finished "_denoise0", elapsed time 40.098658s.
240417-10:39:21,599 nipype.workflow INFO:
	 [Node] Setting-up "_anat_conform0" in "/work/fmriprep_23_1_wf/single_subject_14_wf/anat_preproc_wf/t2w_template_wf/anat_conform/mapflow/_anat_conform0".
240417-10:39:21,613 nipype.workflow INFO:
	 [Node] Executing "_anat_conform0" <niworkflows.interfaces.images.Conform>
240417-10:39:21,669 nipype.workflow INFO:
	 [Node] Finished "_anat_conform0", elapsed time 0.055584s.
240417-10:39:23,556 nipype.workflow INFO:
	 [Node] Setting-up "fmriprep_23_1_wf.single_subject_14_wf.anat_preproc_wf.t2w_template_wf.get1st" in "/work/fmriprep_23_1_wf/single_subject_14_wf/anat_preproc_wf/t2w_template_wf/get1st".
240417-10:39:23,579 nipype.workflow INFO:
	 [Node] Executing "get1st" <nipype.interfaces.utility.base.Select>
240417-10:39:23,580 nipype.workflow INFO:
	 [Node] Finished "get1st", elapsed time 0.000316s.
240417-10:39:36,995 nipype.workflow INFO:
	 [Node] Finished "_denoise0", elapsed time 57.196713s.
240417-10:39:37,621 nipype.workflow INFO:
	 [Node] Setting-up "_anat_conform0" in "/work/fmriprep_23_1_wf/single_subject_14_wf/anat_preproc_wf/anat_template_wf/anat_conform/mapflow/_anat_conform0".
240417-10:39:37,634 nipype.workflow INFO:
	 [Node] Executing "_anat_conform0" <niworkflows.interfaces.images.Conform>
240417-10:39:37,693 nipype.workflow INFO:
	 [Node] Finished "_anat_conform0", elapsed time 0.057746s.
240417-10:39:39,575 nipype.workflow INFO:
	 [Node] Setting-up "fmriprep_23_1_wf.single_subject_14_wf.anat_preproc_wf.anat_template_wf.get1st" in "/work/fmriprep_23_1_wf/single_subject_14_wf/anat_preproc_wf/anat_template_wf/get1st".
240417-10:39:39,597 nipype.workflow INFO:
	 [Node] Executing "get1st" <nipype.interfaces.utility.base.Select>
240417-10:39:39,598 nipype.workflow INFO:
	 [Node] Finished "get1st", elapsed time 0.000334s.
240417-10:39:43,580 nipype.workflow INFO:
	 [Node] Setting-up "fmriprep_23_1_wf.single_subject_14_wf.anat_preproc_wf.surface_recon_wf.fov_check" in "/work/fmriprep_23_1_wf/single_subject_14_wf/anat_preproc_wf/surface_recon_wf/fov_check".
240417-10:39:43,597 nipype.workflow INFO:
	 [Node] Setting-up "_truncate_images0" in "/work/fmriprep_23_1_wf/single_subject_14_wf/anat_preproc_wf/brain_extraction_wf/truncate_images/mapflow/_truncate_images0".
240417-10:39:43,597 nipype.workflow INFO:
	 [Node] Executing "fov_check" <nipype.interfaces.utility.wrappers.Function>
240417-10:39:43,609 nipype.workflow INFO:
	 [Node] Executing "_truncate_images0" <nipype.interfaces.ants.utils.ImageMath>
240417-10:39:44,14 nipype.workflow INFO:
	 [Node] Finished "fov_check", elapsed time 0.416427s.
240417-10:39:44,858 nipype.workflow INFO:
	 [Node] Setting-up "fmriprep_23_1_wf.single_subject_14_wf.anat_preproc_wf.surface_recon_wf.recon_config" in "/work/fmriprep_23_1_wf/single_subject_14_wf/anat_preproc_wf/surface_recon_wf/recon_config".
240417-10:39:44,904 nipype.workflow INFO:
	 [Node] Executing "recon_config" <niworkflows.interfaces.freesurfer.FSDetectInputs>
240417-10:39:44,991 nipype.workflow INFO:
	 [Node] Finished "recon_config", elapsed time 0.0866s.
240417-10:39:47,496 nipype.workflow INFO:
	 [Node] Setting-up "fmriprep_23_1_wf.single_subject_14_wf.anat_preproc_wf.surface_recon_wf.autorecon1" in "/work/fmriprep_23_1_wf/single_subject_14_wf/anat_preproc_wf/surface_recon_wf/autorecon1".
240417-10:39:47,526 nipype.workflow INFO:
	 [Node] Executing "autorecon1" <smriprep.interfaces.freesurfer.ReconAll>
240417-10:39:48,244 nipype.workflow INFO:
	 [Node] Finished "_truncate_images0", elapsed time 4.631857s.
240417-10:39:48,592 nipype.interface INFO:
	 stderr 2024-04-17T10:39:48.592699:++ Max displacement in automask = 0.11 (mm) at sub-brick 18
240417-10:39:48,593 nipype.interface INFO:
	 stderr 2024-04-17T10:39:48.592699:++ Max delta displ  in automask = 0.14 (mm) at sub-brick 11
240417-10:39:48,764 nipype.interface INFO:
	 stderr 2024-04-17T10:39:48.764327:++ Max displacement in automask = 0.17 (mm) at sub-brick 18
240417-10:39:48,764 nipype.interface INFO:
	 stderr 2024-04-17T10:39:48.764327:++ Max delta displ  in automask = 0.17 (mm) at sub-brick 19
240417-10:39:49,392 nipype.interface INFO:
	 stderr 2024-04-17T10:39:49.392067:++ Max displacement in automask = 0.14 (mm) at sub-brick 5
240417-10:39:49,392 nipype.interface INFO:
	 stderr 2024-04-17T10:39:49.392067:++ Max delta displ  in automask = 0.15 (mm) at sub-brick 15
240417-10:39:49,605 nipype.workflow INFO:
	 [Node] Setting-up "_inu_n40" in "/work/fmriprep_23_1_wf/single_subject_14_wf/anat_preproc_wf/brain_extraction_wf/inu_n4/mapflow/_inu_n40".
240417-10:39:49,620 nipype.workflow INFO:
	 [Node] Executing "_inu_n40" <nipype.interfaces.ants.segmentation.N4BiasFieldCorrection>
240417-10:39:50,573 nipype.interface INFO:
	 stderr 2024-04-17T10:39:50.573089:++ Max displacement in automask = 0.13 (mm) at sub-brick 3
240417-10:39:50,573 nipype.interface INFO:
	 stderr 2024-04-17T10:39:50.573089:++ Max delta displ  in automask = 0.13 (mm) at sub-brick 3
240417-10:39:54,232 nipype.workflow INFO:
	 [Node] Finished "gen_avg", elapsed time 70.32336s.
240417-10:39:54,510 nipype.workflow INFO:
	 [Node] Finished "gen_avg", elapsed time 70.771355s.
240417-10:39:55,50 nipype.workflow INFO:
	 [Node] Finished "gen_avg", elapsed time 70.957397s.
240417-10:39:55,599 nipype.workflow INFO:
	 [Node] Setting-up "fmriprep_23_1_wf.single_subject_14_wf.func_preproc_ses_01_task_02a_run_1_wf.initial_boldref_wf.enhance_and_skullstrip_bold_wf.init_aff" in "/work/fmriprep_23_1_wf/single_subject_14_wf/func_preproc_ses_01_task_02a_run_1_wf/initial_boldref_wf/enhance_and_skullstrip_bold_wf/init_aff".
240417-10:39:55,601 nipype.workflow INFO:
	 [Node] Setting-up "fmriprep_23_1_wf.single_subject_14_wf.func_preproc_ses_01_task_02a_run_2_wf.initial_boldref_wf.enhance_and_skullstrip_bold_wf.init_aff" in "/work/fmriprep_23_1_wf/single_subject_14_wf/func_preproc_ses_01_task_02a_run_2_wf/initial_boldref_wf/enhance_and_skullstrip_bold_wf/init_aff".
240417-10:39:55,603 nipype.workflow INFO:
	 [Node] Setting-up "fmriprep_23_1_wf.single_subject_14_wf.func_preproc_ses_01_task_02a_run_3_wf.initial_boldref_wf.enhance_and_skullstrip_bold_wf.init_aff" in "/work/fmriprep_23_1_wf/single_subject_14_wf/func_preproc_ses_01_task_02a_run_3_wf/initial_boldref_wf/enhance_and_skullstrip_bold_wf/init_aff".
240417-10:39:55,630 nipype.workflow INFO:
	 [Node] Executing "init_aff" <nipype.interfaces.ants.utils.AI>
240417-10:39:55,630 nipype.workflow INFO:
	 [Node] Executing "init_aff" <nipype.interfaces.ants.utils.AI>
240417-10:39:55,631 nipype.workflow INFO:
	 [Node] Executing "init_aff" <nipype.interfaces.ants.utils.AI>
240417-10:39:55,687 nipype.workflow INFO:
	 [Node] Setting-up "fmriprep_23_1_wf.single_subject_14_wf.func_preproc_ses_01_task_02a_run_3_wf.bold_hmc_wf.mcflirt" in "/work/fmriprep_23_1_wf/single_subject_14_wf/func_preproc_ses_01_task_02a_run_3_wf/bold_hmc_wf/mcflirt".
240417-10:39:55,687 nipype.workflow INFO:
	 [Node] Setting-up "fmriprep_23_1_wf.single_subject_14_wf.func_preproc_ses_01_task_02a_run_1_wf.bold_hmc_wf.mcflirt" in "/work/fmriprep_23_1_wf/single_subject_14_wf/func_preproc_ses_01_task_02a_run_1_wf/bold_hmc_wf/mcflirt".
240417-10:39:55,687 nipype.workflow INFO:
	 [Node] Setting-up "fmriprep_23_1_wf.single_subject_14_wf.func_preproc_ses_01_task_02a_run_2_wf.bold_hmc_wf.mcflirt" in "/work/fmriprep_23_1_wf/single_subject_14_wf/func_preproc_ses_01_task_02a_run_2_wf/bold_hmc_wf/mcflirt".
240417-10:39:55,725 nipype.workflow INFO:
	 [Node] Executing "mcflirt" <nipype.interfaces.fsl.preprocess.MCFLIRT>
240417-10:39:55,730 nipype.workflow INFO:
	 [Node] Executing "mcflirt" <nipype.interfaces.fsl.preprocess.MCFLIRT>
240417-10:39:55,882 nipype.workflow INFO:
	 [Node] Executing "mcflirt" <nipype.interfaces.fsl.preprocess.MCFLIRT>
240417-10:39:56,231 nipype.workflow INFO:
	 [Node] Finished "gen_avg", elapsed time 71.571694s.
240417-10:39:57,682 nipype.workflow INFO:
	 [Node] Setting-up "fmriprep_23_1_wf.single_subject_14_wf.func_preproc_ses_01_task_02a_run_4_wf.initial_boldref_wf.enhance_and_skullstrip_bold_wf.init_aff" in "/work/fmriprep_23_1_wf/single_subject_14_wf/func_preproc_ses_01_task_02a_run_4_wf/initial_boldref_wf/enhance_and_skullstrip_bold_wf/init_aff".
240417-10:39:57,700 nipype.workflow INFO:
	 [Node] Setting-up "fmriprep_23_1_wf.single_subject_14_wf.func_preproc_ses_01_task_02a_run_4_wf.bold_hmc_wf.mcflirt" in "/work/fmriprep_23_1_wf/single_subject_14_wf/func_preproc_ses_01_task_02a_run_4_wf/bold_hmc_wf/mcflirt".
240417-10:39:57,713 nipype.workflow INFO:
	 [Node] Executing "init_aff" <nipype.interfaces.ants.utils.AI>
240417-10:39:57,749 nipype.workflow INFO:
	 [Node] Executing "mcflirt" <nipype.interfaces.fsl.preprocess.MCFLIRT>
240417-10:40:05,465 nipype.workflow INFO:
	 [Node] Finished "init_aff", elapsed time 9.831627s.
240417-10:40:05,816 nipype.workflow INFO:
	 [Node] Finished "init_aff", elapsed time 10.182757s.
240417-10:40:05,837 nipype.workflow INFO:
	 [Node] Finished "init_aff", elapsed time 10.202936s.
240417-10:40:06,932 nipype.workflow INFO:
	 [Node] Finished "init_aff", elapsed time 9.215802s.
240417-10:40:07,604 nipype.workflow INFO:
	 [Node] Setting-up "fmriprep_23_1_wf.single_subject_14_wf.func_preproc_ses_01_task_02a_run_1_wf.initial_boldref_wf.enhance_and_skullstrip_bold_wf.norm" in "/work/fmriprep_23_1_wf/single_subject_14_wf/func_preproc_ses_01_task_02a_run_1_wf/initial_boldref_wf/enhance_and_skullstrip_bold_wf/norm".
240417-10:40:07,633 nipype.workflow INFO:
	 [Node] Executing "norm" <niworkflows.interfaces.fixes.FixHeaderRegistration>
240417-10:40:07,634 nipype.workflow INFO:
	 [Node] Setting-up "fmriprep_23_1_wf.single_subject_14_wf.func_preproc_ses_01_task_02a_run_4_wf.initial_boldref_wf.enhance_and_skullstrip_bold_wf.norm" in "/work/fmriprep_23_1_wf/single_subject_14_wf/func_preproc_ses_01_task_02a_run_4_wf/initial_boldref_wf/enhance_and_skullstrip_bold_wf/norm".
240417-10:40:07,634 nipype.workflow INFO:
	 [Node] Setting-up "fmriprep_23_1_wf.single_subject_14_wf.func_preproc_ses_01_task_02a_run_2_wf.initial_boldref_wf.enhance_and_skullstrip_bold_wf.norm" in "/work/fmriprep_23_1_wf/single_subject_14_wf/func_preproc_ses_01_task_02a_run_2_wf/initial_boldref_wf/enhance_and_skullstrip_bold_wf/norm".
240417-10:40:07,634 nipype.workflow INFO:
	 [Node] Setting-up "fmriprep_23_1_wf.single_subject_14_wf.func_preproc_ses_01_task_02a_run_3_wf.initial_boldref_wf.enhance_and_skullstrip_bold_wf.norm" in "/work/fmriprep_23_1_wf/single_subject_14_wf/func_preproc_ses_01_task_02a_run_3_wf/initial_boldref_wf/enhance_and_skullstrip_bold_wf/norm".
240417-10:40:07,654 nipype.workflow INFO:
	 [Node] Executing "norm" <niworkflows.interfaces.fixes.FixHeaderRegistration>
240417-10:40:07,655 nipype.workflow INFO:
	 [Node] Executing "norm" <niworkflows.interfaces.fixes.FixHeaderRegistration>
240417-10:40:07,655 nipype.workflow INFO:
	 [Node] Executing "norm" <niworkflows.interfaces.fixes.FixHeaderRegistration>
240417-10:40:08,595 nipype.workflow INFO:
	 [Node] Finished "norm", elapsed time 0.936984s.
240417-10:40:08,881 nipype.workflow INFO:
	 [Node] Finished "norm", elapsed time 1.222226s.
240417-10:40:08,904 nipype.workflow INFO:
	 [Node] Finished "norm", elapsed time 1.245179s.
240417-10:40:09,177 nipype.workflow INFO:
	 [Node] Finished "norm", elapsed time 1.541245s.
240417-10:40:09,609 nipype.workflow INFO:
	 [Node] Setting-up "fmriprep_23_1_wf.single_subject_14_wf.func_preproc_ses_01_task_02a_run_1_wf.initial_boldref_wf.enhance_and_skullstrip_bold_wf.map_brainmask" in "/work/fmriprep_23_1_wf/single_subject_14_wf/func_preproc_ses_01_task_02a_run_1_wf/initial_boldref_wf/enhance_and_skullstrip_bold_wf/map_brainmask".
240417-10:40:09,629 nipype.workflow INFO:
	 [Node] Executing "map_brainmask" <niworkflows.interfaces.fixes.FixHeaderApplyTransforms>
240417-10:40:09,637 nipype.workflow INFO:
	 [Node] Setting-up "fmriprep_23_1_wf.single_subject_14_wf.func_preproc_ses_01_task_02a_run_3_wf.initial_boldref_wf.enhance_and_skullstrip_bold_wf.map_brainmask" in "/work/fmriprep_23_1_wf/single_subject_14_wf/func_preproc_ses_01_task_02a_run_3_wf/initial_boldref_wf/enhance_and_skullstrip_bold_wf/map_brainmask".
240417-10:40:09,638 nipype.workflow INFO:
	 [Node] Setting-up "fmriprep_23_1_wf.single_subject_14_wf.func_preproc_ses_01_task_02a_run_4_wf.initial_boldref_wf.enhance_and_skullstrip_bold_wf.map_brainmask" in "/work/fmriprep_23_1_wf/single_subject_14_wf/func_preproc_ses_01_task_02a_run_4_wf/initial_boldref_wf/enhance_and_skullstrip_bold_wf/map_brainmask".
240417-10:40:09,654 nipype.workflow INFO:
	 [Node] Executing "map_brainmask" <niworkflows.interfaces.fixes.FixHeaderApplyTransforms>
240417-10:40:09,655 nipype.workflow INFO:
	 [Node] Executing "map_brainmask" <niworkflows.interfaces.fixes.FixHeaderApplyTransforms>
240417-10:40:09,722 nipype.workflow INFO:
	 [Node] Setting-up "fmriprep_23_1_wf.single_subject_14_wf.func_preproc_ses_01_task_02a_run_2_wf.initial_boldref_wf.enhance_and_skullstrip_bold_wf.map_brainmask" in "/work/fmriprep_23_1_wf/single_subject_14_wf/func_preproc_ses_01_task_02a_run_2_wf/initial_boldref_wf/enhance_and_skullstrip_bold_wf/map_brainmask".
240417-10:40:09,743 nipype.workflow INFO:
	 [Node] Executing "map_brainmask" <niworkflows.interfaces.fixes.FixHeaderApplyTransforms>
240417-10:40:10,289 nipype.workflow INFO:
	 [Node] Finished "map_brainmask", elapsed time 0.63337s.
240417-10:40:10,305 nipype.workflow INFO:
	 [Node] Finished "map_brainmask", elapsed time 0.648374s.
240417-10:40:10,314 nipype.workflow INFO:
	 [Node] Finished "map_brainmask", elapsed time 0.569417s.
240417-10:40:10,361 nipype.workflow INFO:
	 [Node] Finished "map_brainmask", elapsed time 0.729731s.
240417-10:40:13,639 nipype.workflow INFO:
	 [Node] Setting-up "fmriprep_23_1_wf.single_subject_14_wf.func_preproc_ses_01_task_02a_run_3_wf.initial_boldref_wf.enhance_and_skullstrip_bold_wf.n4_correct" in "/work/fmriprep_23_1_wf/single_subject_14_wf/func_preproc_ses_01_task_02a_run_3_wf/initial_boldref_wf/enhance_and_skullstrip_bold_wf/n4_correct".
240417-10:40:13,640 nipype.workflow INFO:
	 [Node] Setting-up "fmriprep_23_1_wf.single_subject_14_wf.func_preproc_ses_01_task_02a_run_4_wf.initial_boldref_wf.enhance_and_skullstrip_bold_wf.n4_correct" in "/work/fmriprep_23_1_wf/single_subject_14_wf/func_preproc_ses_01_task_02a_run_4_wf/initial_boldref_wf/enhance_and_skullstrip_bold_wf/n4_correct".
240417-10:40:13,658 nipype.workflow INFO:
	 [Node] Executing "n4_correct" <niworkflows.interfaces.fixes.FixN4BiasFieldCorrection>
240417-10:40:13,662 nipype.workflow INFO:
	 [Node] Executing "n4_correct" <niworkflows.interfaces.fixes.FixN4BiasFieldCorrection>
240417-10:40:13,662 nipype.workflow INFO:
	 [Node] Setting-up "fmriprep_23_1_wf.single_subject_14_wf.func_preproc_ses_01_task_02a_run_1_wf.initial_boldref_wf.enhance_and_skullstrip_bold_wf.n4_correct" in "/work/fmriprep_23_1_wf/single_subject_14_wf/func_preproc_ses_01_task_02a_run_1_wf/initial_boldref_wf/enhance_and_skullstrip_bold_wf/n4_correct".
240417-10:40:13,664 nipype.workflow INFO:
	 [Node] Setting-up "fmriprep_23_1_wf.single_subject_14_wf.func_preproc_ses_01_task_02a_run_2_wf.initial_boldref_wf.enhance_and_skullstrip_bold_wf.n4_correct" in "/work/fmriprep_23_1_wf/single_subject_14_wf/func_preproc_ses_01_task_02a_run_2_wf/initial_boldref_wf/enhance_and_skullstrip_bold_wf/n4_correct".
240417-10:40:13,678 nipype.workflow INFO:
	 [Node] Executing "n4_correct" <niworkflows.interfaces.fixes.FixN4BiasFieldCorrection>
240417-10:40:13,680 nipype.workflow INFO:
	 [Node] Executing "n4_correct" <niworkflows.interfaces.fixes.FixN4BiasFieldCorrection>
240417-10:40:19,438 nipype.workflow INFO:
	 [Node] Finished "n4_correct", elapsed time 5.757129s.
240417-10:40:19,490 nipype.workflow INFO:
	 [Node] Finished "n4_correct", elapsed time 5.829599s.
240417-10:40:19,600 nipype.workflow INFO:
	 [Node] Finished "n4_correct", elapsed time 5.935439s.
240417-10:40:19,668 nipype.workflow INFO:
	 [Node] Finished "n4_correct", elapsed time 5.985465s.
240417-10:40:19,702 nipype.workflow INFO:
	 [Node] Finished "_inu_n40", elapsed time 30.078007s.
240417-10:40:21,616 nipype.workflow INFO:
	 [Node] Setting-up "fmriprep_23_1_wf.single_subject_14_wf.anat_preproc_wf.brain_extraction_wf.lap_target" in "/work/fmriprep_23_1_wf/single_subject_14_wf/anat_preproc_wf/brain_extraction_wf/lap_target".
240417-10:40:21,622 nipype.workflow INFO:
	 [Node] Setting-up "fmriprep_23_1_wf.single_subject_14_wf.anat_preproc_wf.brain_extraction_wf.res_target" in "/work/fmriprep_23_1_wf/single_subject_14_wf/anat_preproc_wf/brain_extraction_wf/res_target".
240417-10:40:21,633 nipype.workflow INFO:
	 [Node] Executing "lap_target" <nipype.interfaces.ants.utils.ImageMath>
240417-10:40:21,637 nipype.workflow INFO:
	 [Node] Executing "res_target" <niworkflows.interfaces.nibabel.RegridToZooms>
240417-10:40:21,677 nipype.workflow INFO:
	 [Node] Setting-up "fmriprep_23_1_wf.single_subject_14_wf.func_preproc_ses_01_task_02a_run_1_wf.initial_boldref_wf.enhance_and_skullstrip_bold_wf.skullstrip_first_pass" in "/work/fmriprep_23_1_wf/single_subject_14_wf/func_preproc_ses_01_task_02a_run_1_wf/initial_boldref_wf/enhance_and_skullstrip_bold_wf/skullstrip_first_pass".
240417-10:40:21,679 nipype.workflow INFO:
	 [Node] Setting-up "fmriprep_23_1_wf.single_subject_14_wf.func_preproc_ses_01_task_02a_run_3_wf.initial_boldref_wf.enhance_and_skullstrip_bold_wf.skullstrip_first_pass" in "/work/fmriprep_23_1_wf/single_subject_14_wf/func_preproc_ses_01_task_02a_run_3_wf/initial_boldref_wf/enhance_and_skullstrip_bold_wf/skullstrip_first_pass".
240417-10:40:21,679 nipype.workflow INFO:
	 [Node] Setting-up "fmriprep_23_1_wf.single_subject_14_wf.func_preproc_ses_01_task_02a_run_2_wf.initial_boldref_wf.enhance_and_skullstrip_bold_wf.skullstrip_first_pass" in "/work/fmriprep_23_1_wf/single_subject_14_wf/func_preproc_ses_01_task_02a_run_2_wf/initial_boldref_wf/enhance_and_skullstrip_bold_wf/skullstrip_first_pass".
240417-10:40:21,680 nipype.workflow INFO:
	 [Node] Setting-up "fmriprep_23_1_wf.single_subject_14_wf.func_preproc_ses_01_task_02a_run_4_wf.initial_boldref_wf.enhance_and_skullstrip_bold_wf.skullstrip_first_pass" in "/work/fmriprep_23_1_wf/single_subject_14_wf/func_preproc_ses_01_task_02a_run_4_wf/initial_boldref_wf/enhance_and_skullstrip_bold_wf/skullstrip_first_pass".
240417-10:40:21,698 nipype.workflow INFO:
	 [Node] Executing "skullstrip_first_pass" <nipype.interfaces.fsl.preprocess.BET>
240417-10:40:21,698 nipype.workflow INFO:
	 [Node] Executing "skullstrip_first_pass" <nipype.interfaces.fsl.preprocess.BET>
240417-10:40:21,699 nipype.workflow INFO:
	 [Node] Executing "skullstrip_first_pass" <nipype.interfaces.fsl.preprocess.BET>
240417-10:40:21,699 nipype.workflow INFO:
	 [Node] Executing "skullstrip_first_pass" <nipype.interfaces.fsl.preprocess.BET>
240417-10:40:23,33 nipype.workflow INFO:
	 [Node] Finished "res_target", elapsed time 1.394792s.
240417-10:40:23,609 nipype.workflow INFO:
	 [Node] Setting-up "fmriprep_23_1_wf.single_subject_14_wf.anat_preproc_wf.brain_extraction_wf.init_aff" in "/work/fmriprep_23_1_wf/single_subject_14_wf/anat_preproc_wf/brain_extraction_wf/init_aff".
240417-10:40:23,636 nipype.workflow INFO:
	 [Node] Executing "init_aff" <nipype.interfaces.ants.utils.AI>
240417-10:40:23,713 nipype.workflow INFO:
	 [Node] Finished "skullstrip_first_pass", elapsed time 2.01412s.
240417-10:40:23,716 nipype.workflow INFO:
	 [Node] Finished "skullstrip_first_pass", elapsed time 2.015989s.
240417-10:40:23,978 nipype.workflow INFO:
	 [Node] Finished "skullstrip_first_pass", elapsed time 2.278162s.
240417-10:40:24,269 nipype.workflow INFO:
	 [Node] Finished "skullstrip_first_pass", elapsed time 2.569688s.
240417-10:40:25,617 nipype.workflow INFO:
	 [Node] Setting-up "fmriprep_23_1_wf.single_subject_14_wf.func_preproc_ses_01_task_02a_run_1_wf.initial_boldref_wf.enhance_and_skullstrip_bold_wf.first_dilate" in "/work/fmriprep_23_1_wf/single_subject_14_wf/func_preproc_ses_01_task_02a_run_1_wf/initial_boldref_wf/enhance_and_skullstrip_bold_wf/first_dilate".
240417-10:40:25,624 nipype.workflow INFO:
	 [Node] Setting-up "fmriprep_23_1_wf.single_subject_14_wf.func_preproc_ses_01_task_02a_run_2_wf.initial_boldref_wf.enhance_and_skullstrip_bold_wf.first_dilate" in "/work/fmriprep_23_1_wf/single_subject_14_wf/func_preproc_ses_01_task_02a_run_2_wf/initial_boldref_wf/enhance_and_skullstrip_bold_wf/first_dilate".
240417-10:40:25,624 nipype.workflow INFO:
	 [Node] Setting-up "fmriprep_23_1_wf.single_subject_14_wf.func_preproc_ses_01_task_02a_run_3_wf.initial_boldref_wf.enhance_and_skullstrip_bold_wf.first_dilate" in "/work/fmriprep_23_1_wf/single_subject_14_wf/func_preproc_ses_01_task_02a_run_3_wf/initial_boldref_wf/enhance_and_skullstrip_bold_wf/first_dilate".
240417-10:40:25,624 nipype.workflow INFO:
	 [Node] Setting-up "fmriprep_23_1_wf.single_subject_14_wf.func_preproc_ses_01_task_02a_run_4_wf.initial_boldref_wf.enhance_and_skullstrip_bold_wf.first_dilate" in "/work/fmriprep_23_1_wf/single_subject_14_wf/func_preproc_ses_01_task_02a_run_4_wf/initial_boldref_wf/enhance_and_skullstrip_bold_wf/first_dilate".
240417-10:40:25,641 nipype.workflow INFO:
	 [Node] Executing "first_dilate" <niworkflows.interfaces.nibabel.BinaryDilation>
240417-10:40:25,701 nipype.workflow INFO:
	 [Node] Executing "first_dilate" <niworkflows.interfaces.nibabel.BinaryDilation>
240417-10:40:25,706 nipype.workflow INFO:
	 [Node] Executing "first_dilate" <niworkflows.interfaces.nibabel.BinaryDilation>
240417-10:40:25,706 nipype.workflow INFO:
	 [Node] Executing "first_dilate" <niworkflows.interfaces.nibabel.BinaryDilation>
240417-10:40:28,398 nipype.workflow INFO:
	 [Node] Finished "lap_target", elapsed time 6.762652s.
240417-10:40:29,659 nipype.workflow INFO:
	 [Node] Finished "first_dilate", elapsed time 3.9486179999999997s.
240417-10:40:29,659 nipype.workflow INFO:
	 [Node] Finished "first_dilate", elapsed time 3.948248s.
240417-10:40:29,659 nipype.workflow INFO:
	 [Node] Finished "first_dilate", elapsed time 4.014749s.
240417-10:40:29,661 nipype.workflow INFO:
	 [Node] Finished "first_dilate", elapsed time 3.959341s.
240417-10:40:29,714 nipype.workflow INFO:
	 [Node] Setting-up "fmriprep_23_1_wf.single_subject_14_wf.anat_preproc_wf.brain_extraction_wf.mrg_target" in "/work/fmriprep_23_1_wf/single_subject_14_wf/anat_preproc_wf/brain_extraction_wf/mrg_target".
240417-10:40:29,736 nipype.workflow INFO:
	 [Node] Executing "mrg_target" <nipype.interfaces.utility.base.Merge>
240417-10:40:29,737 nipype.workflow INFO:
	 [Node] Finished "mrg_target", elapsed time 0.000236s.
240417-10:40:31,621 nipype.workflow INFO:
	 [Node] Setting-up "fmriprep_23_1_wf.single_subject_14_wf.func_preproc_ses_01_task_02a_run_1_wf.initial_boldref_wf.enhance_and_skullstrip_bold_wf.first_mask" in "/work/fmriprep_23_1_wf/single_subject_14_wf/func_preproc_ses_01_task_02a_run_1_wf/initial_boldref_wf/enhance_and_skullstrip_bold_wf/first_mask".
240417-10:40:31,622 nipype.workflow INFO:
	 [Node] Setting-up "fmriprep_23_1_wf.single_subject_14_wf.func_preproc_ses_01_task_02a_run_3_wf.initial_boldref_wf.enhance_and_skullstrip_bold_wf.first_mask" in "/work/fmriprep_23_1_wf/single_subject_14_wf/func_preproc_ses_01_task_02a_run_3_wf/initial_boldref_wf/enhance_and_skullstrip_bold_wf/first_mask".
240417-10:40:31,622 nipype.workflow INFO:
	 [Node] Setting-up "fmriprep_23_1_wf.single_subject_14_wf.func_preproc_ses_01_task_02a_run_4_wf.initial_boldref_wf.enhance_and_skullstrip_bold_wf.first_mask" in "/work/fmriprep_23_1_wf/single_subject_14_wf/func_preproc_ses_01_task_02a_run_4_wf/initial_boldref_wf/enhance_and_skullstrip_bold_wf/first_mask".
240417-10:40:31,629 nipype.workflow INFO:
	 [Node] Setting-up "fmriprep_23_1_wf.single_subject_14_wf.func_preproc_ses_01_task_02a_run_2_wf.initial_boldref_wf.enhance_and_skullstrip_bold_wf.first_mask" in "/work/fmriprep_23_1_wf/single_subject_14_wf/func_preproc_ses_01_task_02a_run_2_wf/initial_boldref_wf/enhance_and_skullstrip_bold_wf/first_mask".
240417-10:40:31,724 nipype.workflow INFO:
	 [Node] Executing "first_mask" <niworkflows.interfaces.nibabel.ApplyMask>
240417-10:40:31,724 nipype.workflow INFO:
	 [Node] Executing "first_mask" <niworkflows.interfaces.nibabel.ApplyMask>
240417-10:40:31,725 nipype.workflow INFO:
	 [Node] Executing "first_mask" <niworkflows.interfaces.nibabel.ApplyMask>
240417-10:40:31,777 nipype.workflow INFO:
	 [Node] Executing "first_mask" <niworkflows.interfaces.nibabel.ApplyMask>
240417-10:40:31,819 nipype.workflow INFO:
	 [Node] Finished "first_mask", elapsed time 0.093596s.
240417-10:40:31,819 nipype.workflow INFO:
	 [Node] Finished "first_mask", elapsed time 0.093865s.
240417-10:40:31,820 nipype.workflow INFO:
	 [Node] Finished "first_mask", elapsed time 0.094928s.
240417-10:40:31,876 nipype.workflow INFO:
	 [Node] Finished "first_mask", elapsed time 0.097659s.
240417-10:40:33,624 nipype.workflow INFO:
	 [Node] Setting-up "fmriprep_23_1_wf.single_subject_14_wf.func_preproc_ses_01_task_02a_run_4_wf.initial_boldref_wf.enhance_and_skullstrip_bold_wf.unifize" in "/work/fmriprep_23_1_wf/single_subject_14_wf/func_preproc_ses_01_task_02a_run_4_wf/initial_boldref_wf/enhance_and_skullstrip_bold_wf/unifize".
240417-10:40:33,650 nipype.workflow INFO:
	 [Node] Executing "unifize" <nipype.interfaces.afni.utils.Unifize>
240417-10:40:33,673 nipype.workflow INFO:
	 [Node] Setting-up "fmriprep_23_1_wf.single_subject_14_wf.func_preproc_ses_01_task_02a_run_1_wf.initial_boldref_wf.enhance_and_skullstrip_bold_wf.unifize" in "/work/fmriprep_23_1_wf/single_subject_14_wf/func_preproc_ses_01_task_02a_run_1_wf/initial_boldref_wf/enhance_and_skullstrip_bold_wf/unifize".
240417-10:40:33,674 nipype.workflow INFO:
	 [Node] Setting-up "fmriprep_23_1_wf.single_subject_14_wf.func_preproc_ses_01_task_02a_run_2_wf.initial_boldref_wf.enhance_and_skullstrip_bold_wf.unifize" in "/work/fmriprep_23_1_wf/single_subject_14_wf/func_preproc_ses_01_task_02a_run_2_wf/initial_boldref_wf/enhance_and_skullstrip_bold_wf/unifize".
240417-10:40:33,674 nipype.workflow INFO:
	 [Node] Setting-up "fmriprep_23_1_wf.single_subject_14_wf.func_preproc_ses_01_task_02a_run_3_wf.initial_boldref_wf.enhance_and_skullstrip_bold_wf.unifize" in "/work/fmriprep_23_1_wf/single_subject_14_wf/func_preproc_ses_01_task_02a_run_3_wf/initial_boldref_wf/enhance_and_skullstrip_bold_wf/unifize".
240417-10:40:33,694 nipype.workflow INFO:
	 [Node] Executing "unifize" <nipype.interfaces.afni.utils.Unifize>
240417-10:40:33,697 nipype.workflow INFO:
	 [Node] Executing "unifize" <nipype.interfaces.afni.utils.Unifize>
240417-10:40:33,697 nipype.workflow INFO:
	 [Node] Executing "unifize" <nipype.interfaces.afni.utils.Unifize>
240417-10:40:41,741 nipype.workflow INFO:
	 [Node] Finished "init_aff", elapsed time 18.101874s.
240417-10:40:43,625 nipype.workflow INFO:
	 [Node] Setting-up "fmriprep_23_1_wf.single_subject_14_wf.anat_preproc_wf.brain_extraction_wf.norm" in "/work/fmriprep_23_1_wf/single_subject_14_wf/anat_preproc_wf/brain_extraction_wf/norm".
240417-10:40:43,655 nipype.workflow INFO:
	 [Node] Executing "norm" <niworkflows.interfaces.fixes.FixHeaderRegistration>
240417-10:41:15,828 nipype.workflow INFO:
	 [Node] Finished "slice_timing_correction", elapsed time 146.994135s.
240417-10:41:16,812 nipype.workflow INFO:
	 [Node] Finished "slice_timing_correction", elapsed time 147.848039s.
240417-10:41:16,886 nipype.workflow INFO:
	 [Node] Finished "slice_timing_correction", elapsed time 147.980973s.
240417-10:41:17,659 nipype.workflow INFO:
	 [Node] Setting-up "fmriprep_23_1_wf.single_subject_14_wf.func_preproc_ses_01_task_02a_run_2_wf.bold_stc_wf.copy_xform" in "/work/fmriprep_23_1_wf/single_subject_14_wf/func_preproc_ses_01_task_02a_run_2_wf/bold_stc_wf/copy_xform".
240417-10:41:17,660 nipype.workflow INFO:
	 [Node] Setting-up "fmriprep_23_1_wf.single_subject_14_wf.func_preproc_ses_01_task_02a_run_3_wf.bold_stc_wf.copy_xform" in "/work/fmriprep_23_1_wf/single_subject_14_wf/func_preproc_ses_01_task_02a_run_3_wf/bold_stc_wf/copy_xform".
240417-10:41:17,687 nipype.workflow INFO:
	 [Node] Setting-up "fmriprep_23_1_wf.single_subject_14_wf.func_preproc_ses_01_task_02a_run_1_wf.bold_stc_wf.copy_xform" in "/work/fmriprep_23_1_wf/single_subject_14_wf/func_preproc_ses_01_task_02a_run_1_wf/bold_stc_wf/copy_xform".
240417-10:41:17,864 nipype.workflow INFO:
	 [Node] Executing "copy_xform" <niworkflows.interfaces.header.CopyXForm>
240417-10:41:20,86 nipype.workflow INFO:
	 [Node] Executing "copy_xform" <niworkflows.interfaces.header.CopyXForm>
240417-10:41:20,140 nipype.workflow INFO:
	 [Node] Executing "copy_xform" <niworkflows.interfaces.header.CopyXForm>
240417-10:41:20,494 nipype.workflow INFO:
	 [Node] Finished "slice_timing_correction", elapsed time 151.710577s.
240417-10:41:21,658 nipype.workflow INFO:
	 [Node] Setting-up "fmriprep_23_1_wf.single_subject_14_wf.func_preproc_ses_01_task_02a_run_4_wf.bold_stc_wf.copy_xform" in "/work/fmriprep_23_1_wf/single_subject_14_wf/func_preproc_ses_01_task_02a_run_4_wf/bold_stc_wf/copy_xform".
240417-10:41:23,760 nipype.workflow INFO:
	 [Node] Executing "copy_xform" <niworkflows.interfaces.header.CopyXForm>
240417-10:41:44,337 nipype.workflow INFO:
	 [Node] Finished "copy_xform", elapsed time 26.472574s.
240417-10:41:45,775 nipype.workflow INFO:
	 [Node] Setting-up "fmriprep_23_1_wf.single_subject_14_wf.func_preproc_ses_01_task_02a_run_3_wf.bold_split" in "/work/fmriprep_23_1_wf/single_subject_14_wf/func_preproc_ses_01_task_02a_run_3_wf/bold_split".
240417-10:41:45,792 nipype.workflow INFO:
	 [Node] Executing "bold_split" <nipype.interfaces.fsl.utils.Split>
240417-10:41:47,68 nipype.workflow INFO:
	 [Node] Finished "copy_xform", elapsed time 26.980954s.
240417-10:41:47,248 nipype.workflow INFO:
	 [Node] Finished "copy_xform", elapsed time 27.106413s.
240417-10:41:47,691 nipype.workflow INFO:
	 [Node] Setting-up "fmriprep_23_1_wf.single_subject_14_wf.func_preproc_ses_01_task_02a_run_1_wf.bold_split" in "/work/fmriprep_23_1_wf/single_subject_14_wf/func_preproc_ses_01_task_02a_run_1_wf/bold_split".
240417-10:41:47,710 nipype.workflow INFO:
	 [Node] Executing "bold_split" <nipype.interfaces.fsl.utils.Split>
240417-10:41:51,54 nipype.workflow INFO:
	 [Node] Finished "copy_xform", elapsed time 27.293317s.
