* ----------------------------------------------------------------
* Running PROLOG for fmriprep-14 on Wed Apr 17 17:44:55 WEST 2024
*    JOB_NAME                : fmriprep-14
*    JOB_ID                  : 15942336
*    JOB_PARTITION           : hpc
*    JOB_USER                : alexsayal
*    JOB_ACCOUNT             : uccibit
*    JOB_QOS                 : normal
*    NODE_LIST               : hpc069
*    SLURM_NNODES            : 1
*    SLURM_NPROCS            : 1
*    SLURM_NTASKS            : 1
*    SLURM_CPUS_ON_NODE      : 28
*    SLURM_TASKS_PER_NODE    : 1
*    SLURM_JOB_CPUS_PER_NODE : 28
*    SLURM_MEM_PER_NODE      : 88064
*    SUBMIT_HOST             : cirrus09.a.incd.pt
*    WORK_DIR                : /users3/uccibit/alexsayal/BIDS-BRAINPLAYBACK-TASK2/code
*    JOB_SCRIPT              : /users3/uccibit/alexsayal/BIDS-BRAINPLAYBACK-TASK2/code/fmriprep/fmriprep-batch.sh
* ----------------------------------------------------------------
240417-16:45:27,605 nipype.workflow IMPORTANT:
	 Running fMRIPrep version 23.1.2

         License NOTICE ##################################################
         fMRIPrep 23.1.2
         Copyright 2023 The NiPreps Developers.
         
         This product includes software developed by
         the NiPreps Community (https://nipreps.org/).
         
         Portions of this software were developed at the Department of
         Psychology at Stanford University, Stanford, CA, US.
         
         This software is also distributed as a Docker container image.
         The bootstrapping file for the image ("Dockerfile") is licensed
         under the MIT License.
         
         This software may be distributed through an add-on package called
         "Docker Wrapper" that is under the BSD 3-clause License.
         #################################################################
240417-16:45:27,618 nipype.workflow WARNING:
	 Previous output generated by version 0+unknown found.
240417-16:45:28,183 nipype.workflow IMPORTANT:
	 Building fMRIPrep's workflow:
           * BIDS dataset path: /data.
           * Participant list: ['14'].
           * Run identifier: 20240417-164504_70dd022a-4dc0-4605-9843-abdd5e7a8f26.
           * Output spaces: MNI152NLin2009cAsym:res-2.
           * Pre-run FreeSurfer's SUBJECTS_DIR: /out/sourcedata/freesurfer.
240417-16:45:29,929 nipype.workflow INFO:
	 B0 field inhomogeneity map will be estimated with  the following 2 estimators: [<EstimatorType.PEPOLAR: 2>, <EstimatorType.PEPOLAR: 2>].
240417-16:45:30,110 nipype.workflow INFO:
	 No single-band-reference found for sub-14_ses-01_task-02a_run-1_bold.nii.gz.
240417-16:45:30,111 nipype.workflow INFO:
	 Found usable B0-map (fieldmap) estimator(s) <auto_00000> to correct </data/sub-14/ses-01/func/sub-14_ses-01_task-02a_run-1_bold.nii.gz> for susceptibility-derived distortions.
240417-16:45:30,326 nipype.workflow IMPORTANT:
	 BOLD series will be slice-timing corrected to an offset of 0.445s.
240417-16:45:33,442 nipype.workflow INFO:
	 No single-band-reference found for sub-14_ses-01_task-02a_run-2_bold.nii.gz.
240417-16:45:33,444 nipype.workflow INFO:
	 Found usable B0-map (fieldmap) estimator(s) <auto_00001> to correct </data/sub-14/ses-01/func/sub-14_ses-01_task-02a_run-2_bold.nii.gz> for susceptibility-derived distortions.
240417-16:45:33,605 nipype.workflow IMPORTANT:
	 BOLD series will be slice-timing corrected to an offset of 0.445s.
240417-16:45:33,886 nipype.workflow INFO:
	 No single-band-reference found for sub-14_ses-01_task-02a_run-3_bold.nii.gz.
240417-16:45:33,888 nipype.workflow INFO:
	 Found usable B0-map (fieldmap) estimator(s) <auto_00001> to correct </data/sub-14/ses-01/func/sub-14_ses-01_task-02a_run-3_bold.nii.gz> for susceptibility-derived distortions.
240417-16:45:34,32 nipype.workflow IMPORTANT:
	 BOLD series will be slice-timing corrected to an offset of 0.445s.
240417-16:45:34,309 nipype.workflow INFO:
	 No single-band-reference found for sub-14_ses-01_task-02a_run-4_bold.nii.gz.
240417-16:45:34,311 nipype.workflow INFO:
	 Found usable B0-map (fieldmap) estimator(s) <auto_00001> to correct </data/sub-14/ses-01/func/sub-14_ses-01_task-02a_run-4_bold.nii.gz> for susceptibility-derived distortions.
240417-16:45:34,454 nipype.workflow IMPORTANT:
	 BOLD series will be slice-timing corrected to an offset of 0.446s.
240417-16:45:35,829 nipype.workflow INFO:
	 Setting-up fieldmap "auto_00000" (EstimatorType.PEPOLAR) with <sub-14_ses-01_dir-AP_run-1_epi.nii.gz, sub-14_ses-01_dir-PA_run-1_epi.nii.gz>
240417-16:45:35,853 nipype.workflow INFO:
	 Setting-up fieldmap "auto_00001" (EstimatorType.PEPOLAR) with <sub-14_ses-01_dir-AP_run-2_epi.nii.gz, sub-14_ses-01_dir-PA_run-2_epi.nii.gz>
240417-16:45:42,628 nipype.workflow INFO:
	 fMRIPrep workflow graph with 1181 nodes built successfully.
240417-16:46:08,470 nipype.workflow IMPORTANT:
	 fMRIPrep started!
240417-16:46:11,699 nipype.workflow WARNING:
	 Some nodes exceed the total amount of memory available (85.00GB).
240417-16:46:21,880 nipype.workflow INFO:
	 [Node] Setting-up "fmriprep_23_1_wf.single_subject_14_wf.anat_preproc_wf.fs_isrunning" in "/work/fmriprep_23_1_wf/single_subject_14_wf/anat_preproc_wf/fs_isrunning".
240417-16:46:21,882 nipype.workflow INFO:
	 [Node] Outdated cache found for "fmriprep_23_1_wf.single_subject_14_wf.anat_preproc_wf.fs_isrunning".
240417-16:46:21,904 nipype.workflow INFO:
	 [Node] Executing "fs_isrunning" <nipype.interfaces.utility.wrappers.Function>
240417-16:46:21,929 nipype.workflow INFO:
	 [Node] Finished "fs_isrunning", elapsed time 0.003094s.
240417-16:46:31,861 nipype.workflow INFO:
	 [Node] Setting-up "fmriprep_23_1_wf.single_subject_14_wf.anat_preproc_wf.surface_recon_wf.autorecon1" in "/work/fmriprep_23_1_wf/single_subject_14_wf/anat_preproc_wf/surface_recon_wf/autorecon1".
240417-16:46:31,886 nipype.workflow INFO:
	 [Node] Executing "autorecon1" <smriprep.interfaces.freesurfer.ReconAll>
240417-16:46:31,892 nipype.interface INFO:
	 recon-all complete : Not running
240417-16:46:31,893 nipype.interface INFO:
	 recon-all complete : Not running
240417-16:46:32,141 nipype.workflow INFO:
	 [Node] Finished "autorecon1", elapsed time 0.252973s.
240417-16:46:45,119 nipype.workflow INFO:
	 [Node] Setting-up "_ds_coeff0" in "/work/fmriprep_23_1_wf/single_subject_14_wf/fmap_preproc_wf/fmap_derivatives_wf_auto_00000/ds_coeff/mapflow/_ds_coeff0".
240417-16:46:45,143 nipype.workflow INFO:
	 [Node] Executing "_ds_coeff0" <sdcflows.workflows.outputs.DerivativesDataSink>
240417-16:46:45,239 nipype.workflow INFO:
	 [Node] Finished "_ds_coeff0", elapsed time 0.094732s.
240417-16:46:45,280 nipype.workflow INFO:
	 [Node] Setting-up "_ds_coeff0" in "/work/fmriprep_23_1_wf/single_subject_14_wf/fmap_preproc_wf/fmap_derivatives_wf_auto_00001/ds_coeff/mapflow/_ds_coeff0".
240417-16:46:45,302 nipype.workflow INFO:
	 [Node] Executing "_ds_coeff0" <sdcflows.workflows.outputs.DerivativesDataSink>
240417-16:46:45,376 nipype.workflow INFO:
	 [Node] Finished "_ds_coeff0", elapsed time 0.072842s.
240417-16:46:51,80 nipype.workflow INFO:
	 [Node] Setting-up "fmriprep_23_1_wf.single_subject_14_wf.fmap_preproc_wf.fmap_derivatives_wf_auto_00000.ds_reference" in "/work/fmriprep_23_1_wf/single_subject_14_wf/fmap_preproc_wf/fmap_derivatives_wf_auto_00000/ds_reference".
240417-16:46:51,103 nipype.workflow INFO:
	 [Node] Executing "ds_reference" <sdcflows.workflows.outputs.DerivativesDataSink>
240417-16:46:51,510 nipype.workflow INFO:
	 [Node] Finished "ds_reference", elapsed time 0.405804s.
240417-16:46:51,524 nipype.workflow INFO:
	 [Node] Setting-up "fmriprep_23_1_wf.single_subject_14_wf.fmap_preproc_wf.fmap_derivatives_wf_auto_00001.ds_reference" in "/work/fmriprep_23_1_wf/single_subject_14_wf/fmap_preproc_wf/fmap_derivatives_wf_auto_00001/ds_reference".
240417-16:46:51,546 nipype.workflow INFO:
	 [Node] Executing "ds_reference" <sdcflows.workflows.outputs.DerivativesDataSink>
240417-16:46:51,969 nipype.workflow INFO:
	 [Node] Finished "ds_reference", elapsed time 0.421956s.
240417-16:46:54,423 nipype.workflow INFO:
	 [Node] Setting-up "fmriprep_23_1_wf.single_subject_14_wf.fmap_preproc_wf.fmap_derivatives_wf_auto_00000.ds_fieldmap" in "/work/fmriprep_23_1_wf/single_subject_14_wf/fmap_preproc_wf/fmap_derivatives_wf_auto_00000/ds_fieldmap".
240417-16:46:54,448 nipype.workflow INFO:
	 [Node] Executing "ds_fieldmap" <sdcflows.workflows.outputs.DerivativesDataSink>
240417-16:46:54,800 nipype.workflow INFO:
	 [Node] Finished "ds_fieldmap", elapsed time 0.342836s.
240417-16:46:55,227 nipype.workflow INFO:
	 [Node] Setting-up "fmriprep_23_1_wf.single_subject_14_wf.fmap_preproc_wf.fmap_reports_wf_auto_00000.fmap_rpt" in "/work/fmriprep_23_1_wf/single_subject_14_wf/fmap_preproc_wf/fmap_reports_wf_auto_00000/fmap_rpt".
240417-16:46:55,247 nipype.workflow INFO:
	 [Node] Executing "fmap_rpt" <sdcflows.interfaces.reportlets.FieldmapReportlet>
240417-16:46:57,540 nipype.workflow INFO:
	 [Node] Setting-up "fmriprep_23_1_wf.single_subject_14_wf.fmap_preproc_wf.fmap_reports_wf_auto_00001.fmap_rpt" in "/work/fmriprep_23_1_wf/single_subject_14_wf/fmap_preproc_wf/fmap_reports_wf_auto_00001/fmap_rpt".
240417-16:46:57,565 nipype.workflow INFO:
	 [Node] Executing "fmap_rpt" <sdcflows.interfaces.reportlets.FieldmapReportlet>
240417-16:47:00,19 nipype.workflow INFO:
	 [Node] Setting-up "fmriprep_23_1_wf.single_subject_14_wf.fmap_preproc_wf.fmap_derivatives_wf_auto_00001.ds_fieldmap" in "/work/fmriprep_23_1_wf/single_subject_14_wf/fmap_preproc_wf/fmap_derivatives_wf_auto_00001/ds_fieldmap".
240417-16:47:00,49 nipype.workflow INFO:
	 [Node] Executing "ds_fieldmap" <sdcflows.workflows.outputs.DerivativesDataSink>
240417-16:47:00,425 nipype.workflow INFO:
	 [Node] Finished "ds_fieldmap", elapsed time 0.346977s.
240417-16:47:06,572 nipype.workflow INFO:
	 [Node] Finished "fmap_rpt", elapsed time 11.3202s.
240417-16:47:06,838 nipype.workflow INFO:
	 [Node] Finished "fmap_rpt", elapsed time 9.272056s.
240417-16:47:10,34 nipype.workflow INFO:
	 [Node] Setting-up "fmriprep_23_1_wf.single_subject_14_wf.fmap_preproc_wf.fmap_reports_wf_auto_00001.ds_fmap_report" in "/work/fmriprep_23_1_wf/single_subject_14_wf/fmap_preproc_wf/fmap_reports_wf_auto_00001/ds_fmap_report".
240417-16:47:10,37 nipype.workflow INFO:
	 [Node] Outdated cache found for "fmriprep_23_1_wf.single_subject_14_wf.fmap_preproc_wf.fmap_reports_wf_auto_00001.ds_fmap_report".
240417-16:47:10,63 nipype.workflow INFO:
	 [Node] Executing "ds_fmap_report" <sdcflows.workflows.outputs.DerivativesDataSink>
240417-16:47:10,95 nipype.workflow INFO:
	 [Node] Finished "ds_fmap_report", elapsed time 0.029194s.
240417-16:47:11,545 nipype.workflow INFO:
	 [Node] Setting-up "fmriprep_23_1_wf.single_subject_14_wf.fmap_preproc_wf.fmap_reports_wf_auto_00000.ds_fmap_report" in "/work/fmriprep_23_1_wf/single_subject_14_wf/fmap_preproc_wf/fmap_reports_wf_auto_00000/ds_fmap_report".
240417-16:47:11,548 nipype.workflow INFO:
	 [Node] Outdated cache found for "fmriprep_23_1_wf.single_subject_14_wf.fmap_preproc_wf.fmap_reports_wf_auto_00000.ds_fmap_report".
240417-16:47:11,570 nipype.workflow INFO:
	 [Node] Executing "ds_fmap_report" <sdcflows.workflows.outputs.DerivativesDataSink>
240417-16:47:11,643 nipype.workflow INFO:
	 [Node] Finished "ds_fmap_report", elapsed time 0.032805s.
240417-16:47:33,229 nipype.workflow INFO:
	 [Node] Setting-up "fmriprep_23_1_wf.single_subject_14_wf.anat_preproc_wf.surface_recon_wf.skull_strip_extern" in "/work/fmriprep_23_1_wf/single_subject_14_wf/anat_preproc_wf/surface_recon_wf/skull_strip_extern".
240417-16:47:33,251 nipype.workflow INFO:
	 [Node] Executing "skull_strip_extern" <niworkflows.interfaces.freesurfer.FSInjectBrainExtracted>
240417-16:47:33,253 nipype.workflow INFO:
	 [Node] Finished "skull_strip_extern", elapsed time 0.001157s.
240417-16:47:35,478 nipype.workflow INFO:
	 [Node] Setting-up "fmriprep_23_1_wf.single_subject_14_wf.anat_preproc_wf.surface_recon_wf.autorecon_resume_wf.gcareg" in "/work/fmriprep_23_1_wf/single_subject_14_wf/anat_preproc_wf/surface_recon_wf/autorecon_resume_wf/gcareg".
240417-16:47:35,501 nipype.workflow INFO:
	 [Node] Executing "gcareg" <smriprep.interfaces.freesurfer.ReconAll>
240417-16:47:35,503 nipype.interface INFO:
	 recon-all complete : Not running
240417-16:47:35,504 nipype.interface INFO:
	 recon-all complete : Not running
240417-16:47:35,738 nipype.workflow INFO:
	 [Node] Finished "gcareg", elapsed time 0.23538s.
240417-16:47:39,269 nipype.workflow INFO:
	 [Node] Setting-up "fmriprep_23_1_wf.single_subject_14_wf.anat_preproc_wf.surface_recon_wf.autorecon_resume_wf.autorecon2_vol" in "/work/fmriprep_23_1_wf/single_subject_14_wf/anat_preproc_wf/surface_recon_wf/autorecon_resume_wf/autorecon2_vol".
240417-16:47:39,298 nipype.workflow INFO:
	 [Node] Executing "autorecon2_vol" <smriprep.interfaces.freesurfer.ReconAll>
240417-16:47:39,305 nipype.interface INFO:
	 recon-all complete : Not running
240417-16:47:39,306 nipype.interface INFO:
	 recon-all complete : Not running
240417-16:47:39,420 nipype.workflow INFO:
	 [Node] Finished "autorecon2_vol", elapsed time 0.120299s.
240417-16:47:49,220 nipype.workflow INFO:
	 [Node] Setting-up "_autorecon_surfs1" in "/work/fmriprep_23_1_wf/single_subject_14_wf/anat_preproc_wf/surface_recon_wf/autorecon_resume_wf/autorecon_surfs/mapflow/_autorecon_surfs1".
240417-16:47:49,243 nipype.workflow INFO:
	 [Node] Executing "_autorecon_surfs1" <smriprep.interfaces.freesurfer.ReconAll>
240417-16:47:49,255 nipype.interface INFO:
	 recon-all complete : Not running
240417-16:47:49,256 nipype.interface INFO:
	 recon-all complete : Not running
240417-16:47:49,371 nipype.workflow INFO:
	 [Node] Finished "_autorecon_surfs1", elapsed time 0.126774s.
240417-16:47:50,447 nipype.workflow INFO:
	 [Node] Setting-up "_autorecon_surfs0" in "/work/fmriprep_23_1_wf/single_subject_14_wf/anat_preproc_wf/surface_recon_wf/autorecon_resume_wf/autorecon_surfs/mapflow/_autorecon_surfs0".
240417-16:47:50,472 nipype.workflow INFO:
	 [Node] Executing "_autorecon_surfs0" <smriprep.interfaces.freesurfer.ReconAll>
240417-16:47:50,487 nipype.interface INFO:
	 recon-all complete : Not running
240417-16:47:50,488 nipype.interface INFO:
	 recon-all complete : Not running
240417-16:47:50,613 nipype.workflow INFO:
	 [Node] Finished "_autorecon_surfs0", elapsed time 0.140009s.
240417-16:47:51,221 nipype.workflow INFO:
	 [Node] Setting-up "_autorecon_surfs0" in "/work/fmriprep_23_1_wf/single_subject_14_wf/anat_preproc_wf/surface_recon_wf/autorecon_resume_wf/autorecon_surfs/mapflow/_autorecon_surfs0".
240417-16:47:51,242 nipype.workflow INFO:
	 [Node] Executing "_autorecon_surfs0" <smriprep.interfaces.freesurfer.ReconAll>
240417-16:47:51,244 nipype.interface INFO:
	 recon-all complete : Not running
240417-16:47:51,245 nipype.interface INFO:
	 recon-all complete : Not running
240417-16:47:51,355 nipype.workflow INFO:
	 [Node] Finished "_autorecon_surfs0", elapsed time 0.111483s.
240417-16:47:51,371 nipype.workflow INFO:
	 [Node] Setting-up "_autorecon_surfs1" in "/work/fmriprep_23_1_wf/single_subject_14_wf/anat_preproc_wf/surface_recon_wf/autorecon_resume_wf/autorecon_surfs/mapflow/_autorecon_surfs1".
240417-16:47:51,392 nipype.workflow INFO:
	 [Node] Executing "_autorecon_surfs1" <smriprep.interfaces.freesurfer.ReconAll>
240417-16:47:51,394 nipype.interface INFO:
	 recon-all complete : Not running
240417-16:47:51,395 nipype.interface INFO:
	 recon-all complete : Not running
240417-16:47:51,515 nipype.workflow INFO:
	 [Node] Finished "_autorecon_surfs1", elapsed time 0.121047s.
240417-16:47:53,191 nipype.workflow INFO:
	 [Node] Setting-up "fmriprep_23_1_wf.single_subject_14_wf.anat_preproc_wf.surface_recon_wf.autorecon_resume_wf.cortribbon" in "/work/fmriprep_23_1_wf/single_subject_14_wf/anat_preproc_wf/surface_recon_wf/autorecon_resume_wf/cortribbon".
240417-16:47:53,218 nipype.workflow INFO:
	 [Node] Executing "cortribbon" <smriprep.interfaces.freesurfer.ReconAll>
240417-16:47:53,220 nipype.interface INFO:
	 recon-all complete : Not running
240417-16:47:53,220 nipype.interface INFO:
	 recon-all complete : Not running
240417-16:47:53,306 nipype.workflow INFO:
	 [Node] Finished "cortribbon", elapsed time 0.086849s.
240417-16:47:57,189 nipype.workflow INFO:
	 [Node] Setting-up "_parcstats0" in "/work/fmriprep_23_1_wf/single_subject_14_wf/anat_preproc_wf/surface_recon_wf/autorecon_resume_wf/parcstats/mapflow/_parcstats0".
240417-16:47:57,194 nipype.workflow INFO:
	 [Node] Setting-up "_parcstats1" in "/work/fmriprep_23_1_wf/single_subject_14_wf/anat_preproc_wf/surface_recon_wf/autorecon_resume_wf/parcstats/mapflow/_parcstats1".
240417-16:47:57,212 nipype.workflow INFO:
	 [Node] Executing "_parcstats0" <smriprep.interfaces.freesurfer.ReconAll>
240417-16:47:57,215 nipype.interface INFO:
	 recon-all complete : Not running
240417-16:47:57,215 nipype.workflow INFO:
	 [Node] Executing "_parcstats1" <smriprep.interfaces.freesurfer.ReconAll>
240417-16:47:57,216 nipype.interface INFO:
	 recon-all complete : Not running
240417-16:47:57,218 nipype.interface INFO:
	 recon-all complete : Not running
240417-16:47:57,219 nipype.interface INFO:
	 recon-all complete : Not running
240417-16:47:57,297 nipype.workflow INFO:
	 [Node] Finished "_parcstats1", elapsed time 0.080797s.
240417-16:47:57,304 nipype.workflow INFO:
	 [Node] Finished "_parcstats0", elapsed time 0.090796s.
240417-16:47:59,213 nipype.workflow INFO:
	 [Node] Setting-up "_parcstats0" in "/work/fmriprep_23_1_wf/single_subject_14_wf/anat_preproc_wf/surface_recon_wf/autorecon_resume_wf/parcstats/mapflow/_parcstats0".
240417-16:47:59,235 nipype.workflow INFO:
	 [Node] Executing "_parcstats0" <smriprep.interfaces.freesurfer.ReconAll>
240417-16:47:59,237 nipype.interface INFO:
	 recon-all complete : Not running
240417-16:47:59,238 nipype.interface INFO:
	 recon-all complete : Not running
240417-16:47:59,346 nipype.workflow INFO:
	 [Node] Finished "_parcstats0", elapsed time 0.109859s.
240417-16:47:59,363 nipype.workflow INFO:
	 [Node] Setting-up "_parcstats1" in "/work/fmriprep_23_1_wf/single_subject_14_wf/anat_preproc_wf/surface_recon_wf/autorecon_resume_wf/parcstats/mapflow/_parcstats1".
240417-16:47:59,382 nipype.workflow INFO:
	 [Node] Executing "_parcstats1" <smriprep.interfaces.freesurfer.ReconAll>
240417-16:47:59,384 nipype.interface INFO:
	 recon-all complete : Not running
240417-16:47:59,385 nipype.interface INFO:
	 recon-all complete : Not running
240417-16:47:59,494 nipype.workflow INFO:
	 [Node] Finished "_parcstats1", elapsed time 0.110553s.
240417-16:48:01,194 nipype.workflow INFO:
	 [Node] Setting-up "fmriprep_23_1_wf.single_subject_14_wf.anat_preproc_wf.surface_recon_wf.autorecon_resume_wf.autorecon3" in "/work/fmriprep_23_1_wf/single_subject_14_wf/anat_preproc_wf/surface_recon_wf/autorecon_resume_wf/autorecon3".
240417-16:48:01,220 nipype.workflow INFO:
	 [Node] Executing "autorecon3" <smriprep.interfaces.freesurfer.ReconAll>
240417-16:48:01,225 nipype.interface INFO:
	 recon-all complete : Not running
240417-16:48:01,226 nipype.interface INFO:
	 recon-all complete : Not running
240417-16:48:01,308 nipype.workflow INFO:
	 [Node] Finished "autorecon3", elapsed time 0.086903s.
240417-16:48:03,194 nipype.workflow INFO:
	 [Node] Setting-up "fmriprep_23_1_wf.single_subject_14_wf.anat_preproc_wf.surface_recon_wf.gifti_surface_wf.get_surfaces" in "/work/fmriprep_23_1_wf/single_subject_14_wf/anat_preproc_wf/surface_recon_wf/gifti_surface_wf/get_surfaces".
240417-16:48:03,200 nipype.workflow INFO:
	 [Node] Setting-up "fmriprep_23_1_wf.single_subject_14_wf.anat_preproc_wf.surface_recon_wf.segs_to_native_aseg.fs_datasource" in "/work/fmriprep_23_1_wf/single_subject_14_wf/anat_preproc_wf/surface_recon_wf/segs_to_native_aseg/fs_datasource".
240417-16:48:03,204 nipype.workflow INFO:
	 [Node] Setting-up "fmriprep_23_1_wf.single_subject_14_wf.anat_preproc_wf.surface_recon_wf.segs_to_native_aparc_aseg.fs_datasource" in "/work/fmriprep_23_1_wf/single_subject_14_wf/anat_preproc_wf/surface_recon_wf/segs_to_native_aparc_aseg/fs_datasource".
240417-16:48:03,220 nipype.workflow INFO:
	 [Node] Executing "get_surfaces" <nipype.interfaces.io.FreeSurferSource>
240417-16:48:03,223 nipype.workflow INFO:
	 [Node] Executing "fs_datasource" <nipype.interfaces.io.FreeSurferSource>
240417-16:48:03,226 nipype.workflow INFO:
	 [Node] Executing "fs_datasource" <nipype.interfaces.io.FreeSurferSource>
240417-16:48:03,234 nipype.workflow INFO:
	 [Node] Finished "get_surfaces", elapsed time 0.013615s.
240417-16:48:03,234 nipype.workflow INFO:
	 [Node] Finished "fs_datasource", elapsed time 0.010632s.
240417-16:48:03,237 nipype.workflow INFO:
	 [Node] Finished "fs_datasource", elapsed time 0.010539s.
240417-16:48:03,244 nipype.workflow INFO:
	 [Node] Setting-up "fmriprep_23_1_wf.single_subject_14_wf.anat_preproc_wf.sphere_reg_wf.get_surfaces" in "/work/fmriprep_23_1_wf/single_subject_14_wf/anat_preproc_wf/sphere_reg_wf/get_surfaces".
240417-16:48:03,254 nipype.workflow INFO:
	 [Node] Setting-up "fmriprep_23_1_wf.single_subject_14_wf.anat_preproc_wf.anat_reports_wf.recon_report" in "/work/fmriprep_23_1_wf/single_subject_14_wf/anat_preproc_wf/anat_reports_wf/recon_report".
240417-16:48:03,264 nipype.workflow INFO:
	 [Node] Executing "get_surfaces" <nipype.interfaces.io.FreeSurferSource>
240417-16:48:03,275 nipype.workflow INFO:
	 [Node] Executing "recon_report" <smriprep.interfaces.reports.FSSurfaceReport>
240417-16:48:03,275 nipype.workflow INFO:
	 [Node] Finished "get_surfaces", elapsed time 0.010519s.
240417-16:48:07,358 nipype.interface WARNING:
	 Changing /out/sub-14/ses-01/anat/sub-14_ses-01_desc-aseg_dseg.nii.gz dtype from float32 to int16
240417-16:48:08,943 nipype.interface WARNING:
	 Changing /out/sub-14/ses-01/anat/sub-14_ses-01_desc-aparcaseg_dseg.nii.gz dtype from float32 to int16
240417-16:48:10,325 nipype.workflow INFO:
	 [Node] Setting-up "_midthickness0" in "/work/fmriprep_23_1_wf/single_subject_14_wf/anat_preproc_wf/surface_recon_wf/gifti_surface_wf/midthickness/mapflow/_midthickness0".
240417-16:48:10,326 nipype.workflow INFO:
	 [Node] Outdated cache found for "_midthickness0".
240417-16:48:10,329 nipype.workflow INFO:
	 [Node] Setting-up "_midthickness1" in "/work/fmriprep_23_1_wf/single_subject_14_wf/anat_preproc_wf/surface_recon_wf/gifti_surface_wf/midthickness/mapflow/_midthickness1".
240417-16:48:10,330 nipype.workflow INFO:
	 [Node] Outdated cache found for "_midthickness1".
240417-16:48:10,359 nipype.workflow INFO:
	 [Node] Executing "_midthickness0" <smriprep.interfaces.freesurfer.MakeMidthickness>
240417-16:48:10,362 nipype.workflow INFO:
	 [Node] Executing "_midthickness1" <smriprep.interfaces.freesurfer.MakeMidthickness>
240417-16:48:10,575 nipype.workflow INFO:
	 [Node] Finished "_midthickness1", elapsed time 0.212148s.
240417-16:48:10,581 nipype.workflow INFO:
	 [Node] Finished "_midthickness0", elapsed time 0.221125s.
240417-16:48:12,477 nipype.workflow INFO:
	 [Node] Outdated cache found for "fmriprep_23_1_wf.single_subject_14_wf.anat_preproc_wf.surface_recon_wf.gifti_surface_wf.midthickness".
240417-16:48:12,493 nipype.workflow INFO:
	 [Node] Setting-up "_midthickness0" in "/work/fmriprep_23_1_wf/single_subject_14_wf/anat_preproc_wf/surface_recon_wf/gifti_surface_wf/midthickness/mapflow/_midthickness0".
240417-16:48:12,496 nipype.workflow INFO:
	 [Node] Cached "_midthickness0" - collecting precomputed outputs
240417-16:48:12,496 nipype.workflow INFO:
	 [Node] "_midthickness0" found cached.
240417-16:48:12,498 nipype.workflow INFO:
	 [Node] Setting-up "_midthickness1" in "/work/fmriprep_23_1_wf/single_subject_14_wf/anat_preproc_wf/surface_recon_wf/gifti_surface_wf/midthickness/mapflow/_midthickness1".
240417-16:48:12,500 nipype.workflow INFO:
	 [Node] Cached "_midthickness1" - collecting precomputed outputs
240417-16:48:12,500 nipype.workflow INFO:
	 [Node] "_midthickness1" found cached.
240417-16:48:15,956 nipype.workflow INFO:
	 [Node] Setting-up "fmriprep_23_1_wf.single_subject_14_wf.anat_preproc_wf.surface_recon_wf.gifti_surface_wf.save_midthickness" in "/work/fmriprep_23_1_wf/single_subject_14_wf/anat_preproc_wf/surface_recon_wf/gifti_surface_wf/save_midthickness".
240417-16:48:15,957 nipype.workflow INFO:
	 [Node] Outdated cache found for "fmriprep_23_1_wf.single_subject_14_wf.anat_preproc_wf.surface_recon_wf.gifti_surface_wf.save_midthickness".
240417-16:48:15,982 nipype.workflow INFO:
	 [Node] Executing "save_midthickness" <nipype.interfaces.io.DataSink>
240417-16:48:16,77 nipype.workflow INFO:
	 [Node] Finished "save_midthickness", elapsed time 0.094524s.
240417-16:48:31,620 nipype.workflow INFO:
	 [Node] Finished "recon_report", elapsed time 28.344499s.
240417-16:48:37,757 nipype.interface WARNING:
	 Changing /out/sub-14/ses-01/anat/sub-14_ses-01_space-MNI152NLin2009cAsym_res-2_desc-brain_mask.nii.gz dtype from float64 to uint8
240417-16:48:38,107 nipype.interface WARNING:
	 Changing /out/sub-14/ses-01/anat/sub-14_ses-01_space-MNI152NLin2009cAsym_res-2_dseg.nii.gz dtype from float64 to int16
240417-16:49:32,666 nipype.workflow INFO:
	 [Node] Setting-up "fmriprep_23_1_wf.single_subject_14_wf.func_preproc_ses_01_task_02a_run_1_wf.bold_t1_trans_wf.bold_reference_wf.enhance_and_skullstrip_bold_wf.unifize" in "/work/fmriprep_23_1_wf/single_subject_14_wf/func_preproc_ses_01_task_02a_run_1_wf/bold_t1_trans_wf/bold_reference_wf/enhance_and_skullstrip_bold_wf/unifize".
240417-16:49:32,695 nipype.workflow INFO:
	 [Node] Executing "unifize" <nipype.interfaces.afni.utils.Unifize>
240417-16:49:46,680 nipype.workflow INFO:
	 [Node] Setting-up "fmriprep_23_1_wf.single_subject_14_wf.func_preproc_ses_01_task_02a_run_2_wf.bold_t1_trans_wf.bold_reference_wf.enhance_and_skullstrip_bold_wf.unifize" in "/work/fmriprep_23_1_wf/single_subject_14_wf/func_preproc_ses_01_task_02a_run_2_wf/bold_t1_trans_wf/bold_reference_wf/enhance_and_skullstrip_bold_wf/unifize".
240417-16:49:47,280 nipype.workflow INFO:
	 [Node] Executing "unifize" <nipype.interfaces.afni.utils.Unifize>
240417-16:50:00,651 nipype.workflow INFO:
	 [Node] Setting-up "fmriprep_23_1_wf.single_subject_14_wf.func_preproc_ses_01_task_02a_run_3_wf.bold_t1_trans_wf.bold_reference_wf.enhance_and_skullstrip_bold_wf.unifize" in "/work/fmriprep_23_1_wf/single_subject_14_wf/func_preproc_ses_01_task_02a_run_3_wf/bold_t1_trans_wf/bold_reference_wf/enhance_and_skullstrip_bold_wf/unifize".
240417-16:50:00,678 nipype.workflow INFO:
	 [Node] Executing "unifize" <nipype.interfaces.afni.utils.Unifize>
240417-16:50:14,247 nipype.workflow INFO:
	 [Node] Setting-up "fmriprep_23_1_wf.single_subject_14_wf.func_preproc_ses_01_task_02a_run_4_wf.bold_t1_trans_wf.bold_reference_wf.enhance_and_skullstrip_bold_wf.unifize" in "/work/fmriprep_23_1_wf/single_subject_14_wf/func_preproc_ses_01_task_02a_run_4_wf/bold_t1_trans_wf/bold_reference_wf/enhance_and_skullstrip_bold_wf/unifize".
240417-16:50:14,278 nipype.workflow INFO:
	 [Node] Executing "unifize" <nipype.interfaces.afni.utils.Unifize>
240417-16:50:20,57 nipype.workflow INFO:
	 [Node] Setting-up "fmriprep_23_1_wf.single_subject_14_wf.func_preproc_ses_01_task_02a_run_4_wf.bold_std_trans_wf.bold_reference_wf.gen_avg" in "/work/fmriprep_23_1_wf/single_subject_14_wf/func_preproc_ses_01_task_02a_run_4_wf/bold_std_trans_wf/bold_reference_wf/_std_target_MNI152NLin2009cAsym.res2/gen_avg".
240417-16:50:20,118 nipype.workflow INFO:
	 [Node] Executing "gen_avg" <niworkflows.interfaces.images.RobustAverage>
240417-16:50:30,943 nipype.interface INFO:
	 stderr 2024-04-17T16:50:30.943815:++ 3dvolreg: AFNI version=AFNI_23.1.07 (May 30 2023) [64-bit]
240417-16:50:30,944 nipype.interface INFO:
	 stderr 2024-04-17T16:50:30.943815:++ Authored by: RW Cox
240417-16:50:30,949 nipype.interface INFO:
	 stderr 2024-04-17T16:50:30.949072:** AFNI converts NIFTI_datatype=4 (INT16) in file /work/fmriprep_23_1_wf/single_subject_14_wf/func_preproc_ses_01_task_02a_run_4_wf/bold_std_trans_wf/bold_reference_wf/_std_target_MNI152NLin2009cAsym.res2/gen_avg/vol0000_xform-00000_clipped_merged_sliced.nii.gz to FLOAT32
240417-16:50:30,949 nipype.interface INFO:
	 stderr 2024-04-17T16:50:30.949748:     Warnings of this type will be muted for this session.
240417-16:50:30,949 nipype.interface INFO:
	 stderr 2024-04-17T16:50:30.949748:     Set AFNI_NIFTI_TYPE_WARN to YES to see them all, NO to see none.
240417-16:50:39,879 nipype.workflow INFO:
	 [Node] Setting-up "fmriprep_23_1_wf.single_subject_14_wf.func_preproc_ses_01_task_02a_run_3_wf.bold_std_trans_wf.merge" in "/work/fmriprep_23_1_wf/single_subject_14_wf/func_preproc_ses_01_task_02a_run_3_wf/bold_std_trans_wf/_std_target_MNI152NLin2009cAsym.res2/merge".
240417-16:50:41,766 nipype.workflow INFO:
	 [Node] Executing "merge" <niworkflows.interfaces.nilearn.Merge>
240417-16:51:27,154 nipype.interface WARNING:
	 Changing /out/sub-14/ses-01/anat/sub-14_ses-01_desc-ribbon_mask.nii.gz dtype from float32 to uint8
240417-16:51:37,940 nipype.interface INFO:
	 stderr 2024-04-17T16:51:37.940216:++ Max displacement in automask = 0.16 (mm) at sub-brick 16
240417-16:51:37,940 nipype.interface INFO:
	 stderr 2024-04-17T16:51:37.940216:++ Max delta displ  in automask = 0.17 (mm) at sub-brick 13
240417-16:51:44,41 nipype.workflow INFO:
	 [Node] Finished "gen_avg", elapsed time 83.921853s.
240417-16:51:45,49 nipype.workflow INFO:
	 [Node] Setting-up "fmriprep_23_1_wf.single_subject_14_wf.func_preproc_ses_01_task_02a_run_4_wf.bold_std_trans_wf.bold_reference_wf.enhance_and_skullstrip_bold_wf.n4_correct" in "/work/fmriprep_23_1_wf/single_subject_14_wf/func_preproc_ses_01_task_02a_run_4_wf/bold_std_trans_wf/bold_reference_wf/enhance_and_skullstrip_bold_wf/_std_target_MNI152NLin2009cAsym.res2/n4_correct".
240417-16:51:45,71 nipype.workflow INFO:
	 [Node] Executing "n4_correct" <niworkflows.interfaces.fixes.FixN4BiasFieldCorrection>
240417-16:51:49,925 nipype.workflow INFO:
	 [Node] Finished "n4_correct", elapsed time 4.847832s.
240417-16:51:51,35 nipype.workflow INFO:
	 [Node] Setting-up "fmriprep_23_1_wf.single_subject_14_wf.func_preproc_ses_01_task_02a_run_4_wf.bold_std_trans_wf.bold_reference_wf.enhance_and_skullstrip_bold_wf.skullstrip_first_pass" in "/work/fmriprep_23_1_wf/single_subject_14_wf/func_preproc_ses_01_task_02a_run_4_wf/bold_std_trans_wf/bold_reference_wf/enhance_and_skullstrip_bold_wf/_std_target_MNI152NLin2009cAsym.res2/skullstrip_first_pass".
240417-16:51:51,56 nipype.workflow INFO:
	 [Node] Executing "skullstrip_first_pass" <nipype.interfaces.fsl.preprocess.BET>
240417-16:51:53,680 nipype.workflow INFO:
	 [Node] Finished "skullstrip_first_pass", elapsed time 2.622424s.
240417-16:51:53,692 nipype.workflow INFO:
	 [Node] Setting-up "fmriprep_23_1_wf.single_subject_14_wf.func_preproc_ses_01_task_02a_run_4_wf.bold_std_trans_wf.outputnode" in "/work/fmriprep_23_1_wf/single_subject_14_wf/func_preproc_ses_01_task_02a_run_4_wf/bold_std_trans_wf/outputnode".
240417-16:51:53,733 nipype.workflow INFO:
	 [Node] Executing "outputnode" <nipype.interfaces.utility.base.IdentityInterface>
240417-16:51:53,734 nipype.workflow INFO:
	 [Node] Finished "outputnode", elapsed time 0.000436s.
240417-16:51:55,48 nipype.workflow INFO:
	 [Node] Setting-up "fmriprep_23_1_wf.single_subject_14_wf.func_preproc_ses_01_task_02a_run_4_wf.bold_std_trans_wf.bold_reference_wf.enhance_and_skullstrip_bold_wf.first_dilate" in "/work/fmriprep_23_1_wf/single_subject_14_wf/func_preproc_ses_01_task_02a_run_4_wf/bold_std_trans_wf/bold_reference_wf/enhance_and_skullstrip_bold_wf/_std_target_MNI152NLin2009cAsym.res2/first_dilate".
240417-16:51:55,64 nipype.workflow INFO:
	 [Node] Executing "first_dilate" <niworkflows.interfaces.nibabel.BinaryDilation>
240417-16:51:56,110 nipype.workflow INFO:
	 [Node] Finished "first_dilate", elapsed time 1.044681s.
240417-16:51:57,43 nipype.workflow INFO:
	 [Node] Setting-up "fmriprep_23_1_wf.single_subject_14_wf.func_preproc_ses_01_task_02a_run_4_wf.bold_std_trans_wf.bold_reference_wf.enhance_and_skullstrip_bold_wf.first_mask" in "/work/fmriprep_23_1_wf/single_subject_14_wf/func_preproc_ses_01_task_02a_run_4_wf/bold_std_trans_wf/bold_reference_wf/enhance_and_skullstrip_bold_wf/_std_target_MNI152NLin2009cAsym.res2/first_mask".
240417-16:51:57,59 nipype.workflow INFO:
	 [Node] Executing "first_mask" <niworkflows.interfaces.nibabel.ApplyMask>
240417-16:51:57,119 nipype.interface WARNING:
	 Changing /out/sub-14/ses-01/func/sub-14_ses-01_task-02a_run-4_space-MNI152NLin2009cAsym_res-2_desc-aseg_dseg.nii.gz dtype from float64 to int16
240417-16:51:57,190 nipype.workflow INFO:
	 [Node] Finished "first_mask", elapsed time 0.129823s.
240417-16:51:57,629 nipype.interface WARNING:
	 Changing /out/sub-14/ses-01/func/sub-14_ses-01_task-02a_run-4_space-MNI152NLin2009cAsym_res-2_desc-aparcaseg_dseg.nii.gz dtype from float64 to int16
240417-16:53:18,519 nipype.interface WARNING:
	 Changing /out/sub-14/ses-01/func/sub-14_ses-01_task-02a_run-4_space-MNI152NLin2009cAsym_res-2_desc-brain_mask.nii.gz dtype from float64 to uint8
240417-16:53:18,977 nipype.workflow INFO:
	 [Node] Setting-up "fmriprep_23_1_wf.single_subject_14_wf.func_preproc_ses_01_task_02a_run_4_wf.bold_std_trans_wf.bold_reference_wf.enhance_and_skullstrip_bold_wf.unifize" in "/work/fmriprep_23_1_wf/single_subject_14_wf/func_preproc_ses_01_task_02a_run_4_wf/bold_std_trans_wf/bold_reference_wf/enhance_and_skullstrip_bold_wf/_std_target_MNI152NLin2009cAsym.res2/unifize".
240417-16:53:18,999 nipype.workflow INFO:
	 [Node] Executing "unifize" <nipype.interfaces.afni.utils.Unifize>
240417-16:53:28,196 nipype.workflow INFO:
	 [Node] Finished "merge", elapsed time 166.395823s.
240417-16:53:29,33 nipype.workflow INFO:
	 [Node] Setting-up "fmriprep_23_1_wf.single_subject_14_wf.func_preproc_ses_01_task_02a_run_3_wf.bold_std_trans_wf.bold_reference_wf.get_dummy" in "/work/fmriprep_23_1_wf/single_subject_14_wf/func_preproc_ses_01_task_02a_run_3_wf/bold_std_trans_wf/bold_reference_wf/_std_target_MNI152NLin2009cAsym.res2/get_dummy".
240417-16:53:29,52 nipype.workflow INFO:
	 [Node] Executing "get_dummy" <niworkflows.interfaces.bold.NonsteadyStatesDetector>
240417-16:53:29,676 nipype.workflow INFO:
	 [Node] Finished "unifize", elapsed time 10.675914s.
240417-16:53:29,679 nipype.workflow INFO:
	 [Node] Setting-up "_val_bold0" in "/work/fmriprep_23_1_wf/single_subject_14_wf/func_preproc_ses_01_task_02a_run_3_wf/bold_std_trans_wf/bold_reference_wf/_std_target_MNI152NLin2009cAsym.res2/val_bold/mapflow/_val_bold0".
240417-16:53:29,691 nipype.workflow INFO:
	 [Node] Executing "_val_bold0" <niworkflows.interfaces.header.ValidateImage>
240417-16:53:29,758 nipype.workflow INFO:
	 [Node] Finished "_val_bold0", elapsed time 0.05057s.
240417-16:53:31,71 nipype.workflow INFO:
	 [Node] Setting-up "fmriprep_23_1_wf.single_subject_14_wf.func_preproc_ses_01_task_02a_run_4_wf.bold_std_trans_wf.bold_reference_wf.enhance_and_skullstrip_bold_wf.fixhdr_unifize" in "/work/fmriprep_23_1_wf/single_subject_14_wf/func_preproc_ses_01_task_02a_run_4_wf/bold_std_trans_wf/bold_reference_wf/enhance_and_skullstrip_bold_wf/_std_target_MNI152NLin2009cAsym.res2/fixhdr_unifize".
240417-16:53:31,91 nipype.workflow INFO:
	 [Node] Executing "fixhdr_unifize" <niworkflows.interfaces.header.CopyXForm>
240417-16:53:31,235 nipype.workflow INFO:
	 [Node] Finished "fixhdr_unifize", elapsed time 0.142645s.
240417-16:53:33,86 nipype.workflow INFO:
	 [Node] Setting-up "fmriprep_23_1_wf.single_subject_14_wf.func_preproc_ses_01_task_02a_run_4_wf.bold_std_trans_wf.bold_reference_wf.enhance_and_skullstrip_bold_wf.skullstrip_second_pass" in "/work/fmriprep_23_1_wf/single_subject_14_wf/func_preproc_ses_01_task_02a_run_4_wf/bold_std_trans_wf/bold_reference_wf/enhance_and_skullstrip_bold_wf/_std_target_MNI152NLin2009cAsym.res2/skullstrip_second_pass".
240417-16:53:33,107 nipype.workflow INFO:
	 [Node] Executing "skullstrip_second_pass" <nipype.interfaces.afni.preprocess.Automask>
240417-16:53:33,870 nipype.workflow INFO:
	 [Node] Finished "skullstrip_second_pass", elapsed time 0.762977s.
240417-16:53:34,781 nipype.workflow INFO:
	 [Node] Setting-up "fmriprep_23_1_wf.single_subject_14_wf.func_preproc_ses_01_task_02a_run_2_wf.bold_std_trans_wf.merge" in "/work/fmriprep_23_1_wf/single_subject_14_wf/func_preproc_ses_01_task_02a_run_2_wf/bold_std_trans_wf/_std_target_MNI152NLin2009cAsym.res2/merge".
240417-16:53:35,330 nipype.workflow INFO:
	 [Node] Setting-up "fmriprep_23_1_wf.single_subject_14_wf.func_preproc_ses_01_task_02a_run_4_wf.bold_std_trans_wf.bold_reference_wf.enhance_and_skullstrip_bold_wf.fixhdr_skullstrip2" in "/work/fmriprep_23_1_wf/single_subject_14_wf/func_preproc_ses_01_task_02a_run_4_wf/bold_std_trans_wf/bold_reference_wf/enhance_and_skullstrip_bold_wf/_std_target_MNI152NLin2009cAsym.res2/fixhdr_skullstrip2".
240417-16:53:35,349 nipype.workflow INFO:
	 [Node] Executing "fixhdr_skullstrip2" <niworkflows.interfaces.header.CopyXForm>
240417-16:53:35,401 nipype.workflow INFO:
	 [Node] Finished "fixhdr_skullstrip2", elapsed time 0.051106s.
240417-16:53:36,527 nipype.workflow INFO:
	 [Node] Executing "merge" <niworkflows.interfaces.nilearn.Merge>
240417-16:53:37,380 nipype.workflow INFO:
	 [Node] Finished "get_dummy", elapsed time 8.32652s.
240417-16:53:37,929 nipype.workflow INFO:
	 [Node] Setting-up "fmriprep_23_1_wf.single_subject_14_wf.func_preproc_ses_01_task_02a_run_4_wf.bold_std_trans_wf.bold_reference_wf.enhance_and_skullstrip_bold_wf.combine_masks" in "/work/fmriprep_23_1_wf/single_subject_14_wf/func_preproc_ses_01_task_02a_run_4_wf/bold_std_trans_wf/bold_reference_wf/enhance_and_skullstrip_bold_wf/_std_target_MNI152NLin2009cAsym.res2/combine_masks".
240417-16:53:37,945 nipype.workflow INFO:
	 [Node] Executing "combine_masks" <nipype.interfaces.fsl.maths.BinaryMaths>
240417-16:53:38,225 nipype.workflow INFO:
	 [Node] Finished "combine_masks", elapsed time 0.275327s.
240417-16:53:39,198 nipype.workflow INFO:
	 [Node] Setting-up "fmriprep_23_1_wf.single_subject_14_wf.func_preproc_ses_01_task_02a_run_3_wf.bold_std_trans_wf.bold_reference_wf.gen_avg" in "/work/fmriprep_23_1_wf/single_subject_14_wf/func_preproc_ses_01_task_02a_run_3_wf/bold_std_trans_wf/bold_reference_wf/_std_target_MNI152NLin2009cAsym.res2/gen_avg".
240417-16:53:39,246 nipype.workflow INFO:
	 [Node] Executing "gen_avg" <niworkflows.interfaces.images.RobustAverage>
240417-16:53:39,608 nipype.workflow INFO:
	 [Node] Setting-up "fmriprep_23_1_wf.single_subject_14_wf.func_preproc_ses_01_task_02a_run_4_wf.bold_std_trans_wf.bold_reference_wf.enhance_and_skullstrip_bold_wf.apply_mask" in "/work/fmriprep_23_1_wf/single_subject_14_wf/func_preproc_ses_01_task_02a_run_4_wf/bold_std_trans_wf/bold_reference_wf/enhance_and_skullstrip_bold_wf/_std_target_MNI152NLin2009cAsym.res2/apply_mask".
240417-16:53:39,628 nipype.workflow INFO:
	 [Node] Executing "apply_mask" <niworkflows.interfaces.nibabel.ApplyMask>
240417-16:53:39,763 nipype.workflow INFO:
	 [Node] Finished "apply_mask", elapsed time 0.133343s.
240417-16:53:50,539 nipype.interface INFO:
	 stderr 2024-04-17T16:53:50.539146:++ 3dvolreg: AFNI version=AFNI_23.1.07 (May 30 2023) [64-bit]
240417-16:53:50,539 nipype.interface INFO:
	 stderr 2024-04-17T16:53:50.539146:++ Authored by: RW Cox
240417-16:53:50,543 nipype.interface INFO:
	 stderr 2024-04-17T16:53:50.543163:** AFNI converts NIFTI_datatype=4 (INT16) in file /work/fmriprep_23_1_wf/single_subject_14_wf/func_preproc_ses_01_task_02a_run_3_wf/bold_std_trans_wf/bold_reference_wf/_std_target_MNI152NLin2009cAsym.res2/gen_avg/vol0000_xform-00000_clipped_merged_sliced.nii.gz to FLOAT32
240417-16:53:50,543 nipype.interface INFO:
	 stderr 2024-04-17T16:53:50.543611:     Warnings of this type will be muted for this session.
240417-16:53:50,543 nipype.interface INFO:
	 stderr 2024-04-17T16:53:50.543611:     Set AFNI_NIFTI_TYPE_WARN to YES to see them all, NO to see none.
240417-16:54:56,639 nipype.interface INFO:
	 stderr 2024-04-17T16:54:56.639534:++ Max displacement in automask = 0.23 (mm) at sub-brick 18
240417-16:54:56,640 nipype.interface INFO:
	 stderr 2024-04-17T16:54:56.639534:++ Max delta displ  in automask = 0.17 (mm) at sub-brick 3
240417-16:55:02,681 nipype.workflow INFO:
	 [Node] Finished "gen_avg", elapsed time 83.434062s.
240417-16:55:03,78 nipype.workflow INFO:
	 [Node] Setting-up "fmriprep_23_1_wf.single_subject_14_wf.func_preproc_ses_01_task_02a_run_3_wf.bold_std_trans_wf.bold_reference_wf.enhance_and_skullstrip_bold_wf.n4_correct" in "/work/fmriprep_23_1_wf/single_subject_14_wf/func_preproc_ses_01_task_02a_run_3_wf/bold_std_trans_wf/bold_reference_wf/enhance_and_skullstrip_bold_wf/_std_target_MNI152NLin2009cAsym.res2/n4_correct".
240417-16:55:03,103 nipype.workflow INFO:
	 [Node] Executing "n4_correct" <niworkflows.interfaces.fixes.FixN4BiasFieldCorrection>
240417-16:55:07,992 nipype.workflow INFO:
	 [Node] Finished "n4_correct", elapsed time 4.882811s.
240417-16:55:09,83 nipype.workflow INFO:
	 [Node] Setting-up "fmriprep_23_1_wf.single_subject_14_wf.func_preproc_ses_01_task_02a_run_3_wf.bold_std_trans_wf.outputnode" in "/work/fmriprep_23_1_wf/single_subject_14_wf/func_preproc_ses_01_task_02a_run_3_wf/bold_std_trans_wf/outputnode".
240417-16:55:09,145 nipype.workflow INFO:
	 [Node] Executing "outputnode" <nipype.interfaces.utility.base.IdentityInterface>
240417-16:55:09,146 nipype.workflow INFO:
	 [Node] Finished "outputnode", elapsed time 0.000474s.
240417-16:55:09,185 nipype.workflow INFO:
	 [Node] Setting-up "fmriprep_23_1_wf.single_subject_14_wf.func_preproc_ses_01_task_02a_run_3_wf.bold_std_trans_wf.bold_reference_wf.enhance_and_skullstrip_bold_wf.skullstrip_first_pass" in "/work/fmriprep_23_1_wf/single_subject_14_wf/func_preproc_ses_01_task_02a_run_3_wf/bold_std_trans_wf/bold_reference_wf/enhance_and_skullstrip_bold_wf/_std_target_MNI152NLin2009cAsym.res2/skullstrip_first_pass".
240417-16:55:09,260 nipype.workflow INFO:
	 [Node] Executing "skullstrip_first_pass" <nipype.interfaces.fsl.preprocess.BET>
240417-16:55:11,255 nipype.workflow INFO:
	 [Node] Finished "skullstrip_first_pass", elapsed time 1.993844s.
240417-16:55:13,84 nipype.workflow INFO:
	 [Node] Setting-up "fmriprep_23_1_wf.single_subject_14_wf.func_preproc_ses_01_task_02a_run_3_wf.bold_std_trans_wf.bold_reference_wf.enhance_and_skullstrip_bold_wf.first_dilate" in "/work/fmriprep_23_1_wf/single_subject_14_wf/func_preproc_ses_01_task_02a_run_3_wf/bold_std_trans_wf/bold_reference_wf/enhance_and_skullstrip_bold_wf/_std_target_MNI152NLin2009cAsym.res2/first_dilate".
240417-16:55:13,100 nipype.workflow INFO:
	 [Node] Executing "first_dilate" <niworkflows.interfaces.nibabel.BinaryDilation>
240417-16:55:13,165 nipype.interface WARNING:
	 Changing /out/sub-14/ses-01/func/sub-14_ses-01_task-02a_run-3_space-MNI152NLin2009cAsym_res-2_desc-aseg_dseg.nii.gz dtype from float64 to int16
240417-16:55:13,676 nipype.interface WARNING:
	 Changing /out/sub-14/ses-01/func/sub-14_ses-01_task-02a_run-3_space-MNI152NLin2009cAsym_res-2_desc-aparcaseg_dseg.nii.gz dtype from float64 to int16
240417-16:55:13,808 nipype.workflow INFO:
	 [Node] Finished "first_dilate", elapsed time 0.706822s.
240417-16:56:23,718 nipype.workflow INFO:
	 [Node] Finished "merge", elapsed time 167.189479s.
240417-16:56:34,450 nipype.interface WARNING:
	 Changing /out/sub-14/ses-01/func/sub-14_ses-01_task-02a_run-3_space-MNI152NLin2009cAsym_res-2_desc-brain_mask.nii.gz dtype from float64 to uint8
240417-16:56:34,927 nipype.workflow INFO:
	 [Node] Setting-up "fmriprep_23_1_wf.single_subject_14_wf.func_preproc_ses_01_task_02a_run_1_wf.bold_std_trans_wf.merge" in "/work/fmriprep_23_1_wf/single_subject_14_wf/func_preproc_ses_01_task_02a_run_1_wf/bold_std_trans_wf/_std_target_MNI152NLin2009cAsym.res2/merge".
240417-16:56:34,937 nipype.workflow INFO:
	 [Node] Setting-up "fmriprep_23_1_wf.single_subject_14_wf.func_preproc_ses_01_task_02a_run_2_wf.bold_std_trans_wf.bold_reference_wf.get_dummy" in "/work/fmriprep_23_1_wf/single_subject_14_wf/func_preproc_ses_01_task_02a_run_2_wf/bold_std_trans_wf/bold_reference_wf/_std_target_MNI152NLin2009cAsym.res2/get_dummy".
240417-16:56:34,952 nipype.workflow INFO:
	 [Node] Setting-up "_val_bold0" in "/work/fmriprep_23_1_wf/single_subject_14_wf/func_preproc_ses_01_task_02a_run_2_wf/bold_std_trans_wf/bold_reference_wf/_std_target_MNI152NLin2009cAsym.res2/val_bold/mapflow/_val_bold0".
240417-16:56:34,953 nipype.workflow INFO:
	 [Node] Executing "get_dummy" <niworkflows.interfaces.bold.NonsteadyStatesDetector>
240417-16:56:34,964 nipype.workflow INFO:
	 [Node] Executing "_val_bold0" <niworkflows.interfaces.header.ValidateImage>
240417-16:56:35,14 nipype.workflow INFO:
	 [Node] Finished "_val_bold0", elapsed time 0.049015s.
240417-16:56:35,34 nipype.workflow INFO:
	 [Node] Setting-up "fmriprep_23_1_wf.single_subject_14_wf.func_preproc_ses_01_task_02a_run_3_wf.bold_std_trans_wf.bold_reference_wf.enhance_and_skullstrip_bold_wf.first_mask" in "/work/fmriprep_23_1_wf/single_subject_14_wf/func_preproc_ses_01_task_02a_run_3_wf/bold_std_trans_wf/bold_reference_wf/enhance_and_skullstrip_bold_wf/_std_target_MNI152NLin2009cAsym.res2/first_mask".
240417-16:56:35,55 nipype.workflow INFO:
	 [Node] Executing "first_mask" <niworkflows.interfaces.nibabel.ApplyMask>
240417-16:56:35,186 nipype.workflow INFO:
	 [Node] Finished "first_mask", elapsed time 0.130883s.
240417-16:56:35,721 nipype.workflow INFO:
	 [Node] Executing "merge" <niworkflows.interfaces.nilearn.Merge>
240417-16:56:37,472 nipype.workflow INFO:
	 [Node] Setting-up "fmriprep_23_1_wf.single_subject_14_wf.func_preproc_ses_01_task_02a_run_3_wf.bold_std_trans_wf.bold_reference_wf.enhance_and_skullstrip_bold_wf.unifize" in "/work/fmriprep_23_1_wf/single_subject_14_wf/func_preproc_ses_01_task_02a_run_3_wf/bold_std_trans_wf/bold_reference_wf/enhance_and_skullstrip_bold_wf/_std_target_MNI152NLin2009cAsym.res2/unifize".
240417-16:56:37,700 nipype.workflow INFO:
	 [Node] Executing "unifize" <nipype.interfaces.afni.utils.Unifize>
240417-16:56:43,360 nipype.workflow INFO:
	 [Node] Finished "get_dummy", elapsed time 8.405805s.
240417-16:56:45,158 nipype.workflow INFO:
	 [Node] Setting-up "fmriprep_23_1_wf.single_subject_14_wf.func_preproc_ses_01_task_02a_run_2_wf.bold_std_trans_wf.bold_reference_wf.gen_avg" in "/work/fmriprep_23_1_wf/single_subject_14_wf/func_preproc_ses_01_task_02a_run_2_wf/bold_std_trans_wf/bold_reference_wf/_std_target_MNI152NLin2009cAsym.res2/gen_avg".
240417-16:56:45,187 nipype.workflow INFO:
	 [Node] Executing "gen_avg" <niworkflows.interfaces.images.RobustAverage>
240417-16:56:48,361 nipype.workflow INFO:
	 [Node] Finished "unifize", elapsed time 10.659873s.
240417-16:56:51,42 nipype.workflow INFO:
	 [Node] Setting-up "fmriprep_23_1_wf.single_subject_14_wf.func_preproc_ses_01_task_02a_run_3_wf.bold_std_trans_wf.bold_reference_wf.enhance_and_skullstrip_bold_wf.fixhdr_unifize" in "/work/fmriprep_23_1_wf/single_subject_14_wf/func_preproc_ses_01_task_02a_run_3_wf/bold_std_trans_wf/bold_reference_wf/enhance_and_skullstrip_bold_wf/_std_target_MNI152NLin2009cAsym.res2/fixhdr_unifize".
240417-16:56:51,120 nipype.workflow INFO:
	 [Node] Executing "fixhdr_unifize" <niworkflows.interfaces.header.CopyXForm>
240417-16:56:51,287 nipype.workflow INFO:
	 [Node] Finished "fixhdr_unifize", elapsed time 0.144648s.
240417-16:56:52,977 nipype.workflow INFO:
	 [Node] Setting-up "fmriprep_23_1_wf.single_subject_14_wf.func_preproc_ses_01_task_02a_run_3_wf.bold_std_trans_wf.bold_reference_wf.enhance_and_skullstrip_bold_wf.skullstrip_second_pass" in "/work/fmriprep_23_1_wf/single_subject_14_wf/func_preproc_ses_01_task_02a_run_3_wf/bold_std_trans_wf/bold_reference_wf/enhance_and_skullstrip_bold_wf/_std_target_MNI152NLin2009cAsym.res2/skullstrip_second_pass".
240417-16:56:53,4 nipype.workflow INFO:
	 [Node] Executing "skullstrip_second_pass" <nipype.interfaces.afni.preprocess.Automask>
240417-16:56:53,700 nipype.workflow INFO:
	 [Node] Finished "skullstrip_second_pass", elapsed time 0.695661s.
240417-16:56:54,960 nipype.workflow INFO:
	 [Node] Setting-up "fmriprep_23_1_wf.single_subject_14_wf.func_preproc_ses_01_task_02a_run_3_wf.bold_std_trans_wf.bold_reference_wf.enhance_and_skullstrip_bold_wf.fixhdr_skullstrip2" in "/work/fmriprep_23_1_wf/single_subject_14_wf/func_preproc_ses_01_task_02a_run_3_wf/bold_std_trans_wf/bold_reference_wf/enhance_and_skullstrip_bold_wf/_std_target_MNI152NLin2009cAsym.res2/fixhdr_skullstrip2".
240417-16:56:54,980 nipype.workflow INFO:
	 [Node] Executing "fixhdr_skullstrip2" <niworkflows.interfaces.header.CopyXForm>
240417-16:56:55,34 nipype.workflow INFO:
	 [Node] Finished "fixhdr_skullstrip2", elapsed time 0.053124s.
240417-16:56:55,749 nipype.interface INFO:
	 stderr 2024-04-17T16:56:55.749862:++ 3dvolreg: AFNI version=AFNI_23.1.07 (May 30 2023) [64-bit]
240417-16:56:55,750 nipype.interface INFO:
	 stderr 2024-04-17T16:56:55.749862:++ Authored by: RW Cox
240417-16:56:55,753 nipype.interface INFO:
	 stderr 2024-04-17T16:56:55.753355:** AFNI converts NIFTI_datatype=4 (INT16) in file /work/fmriprep_23_1_wf/single_subject_14_wf/func_preproc_ses_01_task_02a_run_2_wf/bold_std_trans_wf/bold_reference_wf/_std_target_MNI152NLin2009cAsym.res2/gen_avg/vol0000_xform-00000_clipped_merged_sliced.nii.gz to FLOAT32
240417-16:56:55,753 nipype.interface INFO:
	 stderr 2024-04-17T16:56:55.753779:     Warnings of this type will be muted for this session.
240417-16:56:55,753 nipype.interface INFO:
	 stderr 2024-04-17T16:56:55.753779:     Set AFNI_NIFTI_TYPE_WARN to YES to see them all, NO to see none.
240417-16:56:56,970 nipype.workflow INFO:
	 [Node] Setting-up "fmriprep_23_1_wf.single_subject_14_wf.func_preproc_ses_01_task_02a_run_3_wf.bold_std_trans_wf.bold_reference_wf.enhance_and_skullstrip_bold_wf.combine_masks" in "/work/fmriprep_23_1_wf/single_subject_14_wf/func_preproc_ses_01_task_02a_run_3_wf/bold_std_trans_wf/bold_reference_wf/enhance_and_skullstrip_bold_wf/_std_target_MNI152NLin2009cAsym.res2/combine_masks".
240417-16:56:56,992 nipype.workflow INFO:
	 [Node] Executing "combine_masks" <nipype.interfaces.fsl.maths.BinaryMaths>
240417-16:56:57,211 nipype.workflow INFO:
	 [Node] Finished "combine_masks", elapsed time 0.217753s.
240417-16:56:58,965 nipype.workflow INFO:
	 [Node] Setting-up "fmriprep_23_1_wf.single_subject_14_wf.func_preproc_ses_01_task_02a_run_3_wf.bold_std_trans_wf.bold_reference_wf.enhance_and_skullstrip_bold_wf.apply_mask" in "/work/fmriprep_23_1_wf/single_subject_14_wf/func_preproc_ses_01_task_02a_run_3_wf/bold_std_trans_wf/bold_reference_wf/enhance_and_skullstrip_bold_wf/_std_target_MNI152NLin2009cAsym.res2/apply_mask".
240417-16:56:59,77 nipype.workflow INFO:
	 [Node] Executing "apply_mask" <niworkflows.interfaces.nibabel.ApplyMask>
240417-16:56:59,211 nipype.workflow INFO:
	 [Node] Finished "apply_mask", elapsed time 0.133329s.
240417-16:57:46,375 nipype.workflow INFO:
	 [Node] Finished "unifize", elapsed time 493.679986s.
240417-16:57:46,985 nipype.workflow INFO:
	 [Node] Setting-up "fmriprep_23_1_wf.single_subject_14_wf.func_preproc_ses_01_task_02a_run_1_wf.bold_t1_trans_wf.bold_reference_wf.enhance_and_skullstrip_bold_wf.fixhdr_unifize" in "/work/fmriprep_23_1_wf/single_subject_14_wf/func_preproc_ses_01_task_02a_run_1_wf/bold_t1_trans_wf/bold_reference_wf/enhance_and_skullstrip_bold_wf/fixhdr_unifize".
240417-16:57:47,8 nipype.workflow INFO:
	 [Node] Executing "fixhdr_unifize" <niworkflows.interfaces.header.CopyXForm>
240417-16:57:47,89 nipype.workflow INFO:
	 [Node] Finished "fixhdr_unifize", elapsed time 0.080241s.
240417-16:57:48,999 nipype.workflow INFO:
	 [Node] Setting-up "fmriprep_23_1_wf.single_subject_14_wf.func_preproc_ses_01_task_02a_run_1_wf.bold_t1_trans_wf.bold_reference_wf.enhance_and_skullstrip_bold_wf.skullstrip_second_pass" in "/work/fmriprep_23_1_wf/single_subject_14_wf/func_preproc_ses_01_task_02a_run_1_wf/bold_t1_trans_wf/bold_reference_wf/enhance_and_skullstrip_bold_wf/skullstrip_second_pass".
240417-16:57:49,21 nipype.workflow INFO:
	 [Node] Executing "skullstrip_second_pass" <nipype.interfaces.afni.preprocess.Automask>
240417-16:57:49,344 nipype.workflow INFO:
	 [Node] Finished "skullstrip_second_pass", elapsed time 0.322203s.
240417-16:57:51,38 nipype.workflow INFO:
	 [Node] Setting-up "fmriprep_23_1_wf.single_subject_14_wf.func_preproc_ses_01_task_02a_run_1_wf.bold_t1_trans_wf.bold_reference_wf.enhance_and_skullstrip_bold_wf.fixhdr_skullstrip2" in "/work/fmriprep_23_1_wf/single_subject_14_wf/func_preproc_ses_01_task_02a_run_1_wf/bold_t1_trans_wf/bold_reference_wf/enhance_and_skullstrip_bold_wf/fixhdr_skullstrip2".
240417-16:57:51,64 nipype.workflow INFO:
	 [Node] Executing "fixhdr_skullstrip2" <niworkflows.interfaces.header.CopyXForm>
240417-16:57:51,87 nipype.workflow INFO:
	 [Node] Finished "fixhdr_skullstrip2", elapsed time 0.022632s.
240417-16:57:53,7 nipype.workflow INFO:
	 [Node] Setting-up "fmriprep_23_1_wf.single_subject_14_wf.func_preproc_ses_01_task_02a_run_1_wf.bold_t1_trans_wf.bold_reference_wf.enhance_and_skullstrip_bold_wf.combine_masks" in "/work/fmriprep_23_1_wf/single_subject_14_wf/func_preproc_ses_01_task_02a_run_1_wf/bold_t1_trans_wf/bold_reference_wf/enhance_and_skullstrip_bold_wf/combine_masks".
240417-16:57:53,31 nipype.workflow INFO:
	 [Node] Executing "combine_masks" <nipype.interfaces.fsl.maths.BinaryMaths>
240417-16:57:53,196 nipype.workflow INFO:
	 [Node] Finished "combine_masks", elapsed time 0.163372s.
240417-16:57:55,8 nipype.workflow INFO:
	 [Node] Setting-up "fmriprep_23_1_wf.single_subject_14_wf.func_preproc_ses_01_task_02a_run_1_wf.bold_t1_trans_wf.bold_reference_wf.enhance_and_skullstrip_bold_wf.apply_mask" in "/work/fmriprep_23_1_wf/single_subject_14_wf/func_preproc_ses_01_task_02a_run_1_wf/bold_t1_trans_wf/bold_reference_wf/enhance_and_skullstrip_bold_wf/apply_mask".
240417-16:57:55,30 nipype.workflow INFO:
	 [Node] Executing "apply_mask" <niworkflows.interfaces.nibabel.ApplyMask>
240417-16:57:55,112 nipype.workflow INFO:
	 [Node] Finished "apply_mask", elapsed time 0.081635s.
240417-16:57:57,528 nipype.workflow INFO:
	 [Node] Finished "unifize", elapsed time 490.210454s.
240417-16:57:58,996 nipype.workflow INFO:
	 [Node] Setting-up "fmriprep_23_1_wf.single_subject_14_wf.func_preproc_ses_01_task_02a_run_2_wf.bold_t1_trans_wf.bold_reference_wf.enhance_and_skullstrip_bold_wf.fixhdr_unifize" in "/work/fmriprep_23_1_wf/single_subject_14_wf/func_preproc_ses_01_task_02a_run_2_wf/bold_t1_trans_wf/bold_reference_wf/enhance_and_skullstrip_bold_wf/fixhdr_unifize".
240417-16:57:59,18 nipype.workflow INFO:
	 [Node] Executing "fixhdr_unifize" <niworkflows.interfaces.header.CopyXForm>
240417-16:57:59,96 nipype.workflow INFO:
	 [Node] Finished "fixhdr_unifize", elapsed time 0.078079s.
240417-16:58:01,14 nipype.workflow INFO:
	 [Node] Setting-up "fmriprep_23_1_wf.single_subject_14_wf.func_preproc_ses_01_task_02a_run_2_wf.bold_t1_trans_wf.bold_reference_wf.enhance_and_skullstrip_bold_wf.skullstrip_second_pass" in "/work/fmriprep_23_1_wf/single_subject_14_wf/func_preproc_ses_01_task_02a_run_2_wf/bold_t1_trans_wf/bold_reference_wf/enhance_and_skullstrip_bold_wf/skullstrip_second_pass".
240417-16:58:01,35 nipype.workflow INFO:
	 [Node] Executing "skullstrip_second_pass" <nipype.interfaces.afni.preprocess.Automask>
240417-16:58:01,393 nipype.workflow INFO:
	 [Node] Finished "skullstrip_second_pass", elapsed time 0.357929s.
240417-16:58:02,45 nipype.interface INFO:
	 stderr 2024-04-17T16:58:02.045258:++ Max displacement in automask = 0.21 (mm) at sub-brick 17
240417-16:58:02,45 nipype.interface INFO:
	 stderr 2024-04-17T16:58:02.045258:++ Max delta displ  in automask = 0.20 (mm) at sub-brick 4
240417-16:58:03,17 nipype.workflow INFO:
	 [Node] Setting-up "fmriprep_23_1_wf.single_subject_14_wf.func_preproc_ses_01_task_02a_run_2_wf.bold_t1_trans_wf.bold_reference_wf.enhance_and_skullstrip_bold_wf.fixhdr_skullstrip2" in "/work/fmriprep_23_1_wf/single_subject_14_wf/func_preproc_ses_01_task_02a_run_2_wf/bold_t1_trans_wf/bold_reference_wf/enhance_and_skullstrip_bold_wf/fixhdr_skullstrip2".
240417-16:58:03,36 nipype.workflow INFO:
	 [Node] Executing "fixhdr_skullstrip2" <niworkflows.interfaces.header.CopyXForm>
240417-16:58:03,55 nipype.workflow INFO:
	 [Node] Finished "fixhdr_skullstrip2", elapsed time 0.018828s.
240417-16:58:05,101 nipype.workflow INFO:
	 [Node] Setting-up "fmriprep_23_1_wf.single_subject_14_wf.func_preproc_ses_01_task_02a_run_2_wf.bold_t1_trans_wf.bold_reference_wf.enhance_and_skullstrip_bold_wf.combine_masks" in "/work/fmriprep_23_1_wf/single_subject_14_wf/func_preproc_ses_01_task_02a_run_2_wf/bold_t1_trans_wf/bold_reference_wf/enhance_and_skullstrip_bold_wf/combine_masks".
240417-16:58:05,146 nipype.workflow INFO:
	 [Node] Executing "combine_masks" <nipype.interfaces.fsl.maths.BinaryMaths>
240417-16:58:05,256 nipype.workflow INFO:
	 [Node] Finished "combine_masks", elapsed time 0.110099s.
240417-16:58:07,21 nipype.workflow INFO:
	 [Node] Setting-up "fmriprep_23_1_wf.single_subject_14_wf.func_preproc_ses_01_task_02a_run_2_wf.bold_t1_trans_wf.bold_reference_wf.enhance_and_skullstrip_bold_wf.apply_mask" in "/work/fmriprep_23_1_wf/single_subject_14_wf/func_preproc_ses_01_task_02a_run_2_wf/bold_t1_trans_wf/bold_reference_wf/enhance_and_skullstrip_bold_wf/apply_mask".
240417-16:58:07,41 nipype.workflow INFO:
	 [Node] Executing "apply_mask" <niworkflows.interfaces.nibabel.ApplyMask>
240417-16:58:07,120 nipype.workflow INFO:
	 [Node] Finished "apply_mask", elapsed time 0.078292s.
240417-16:58:08,13 nipype.workflow INFO:
	 [Node] Finished "gen_avg", elapsed time 82.825538s.
240417-16:58:09,34 nipype.workflow INFO:
	 [Node] Setting-up "fmriprep_23_1_wf.single_subject_14_wf.func_preproc_ses_01_task_02a_run_2_wf.bold_std_trans_wf.bold_reference_wf.enhance_and_skullstrip_bold_wf.n4_correct" in "/work/fmriprep_23_1_wf/single_subject_14_wf/func_preproc_ses_01_task_02a_run_2_wf/bold_std_trans_wf/bold_reference_wf/enhance_and_skullstrip_bold_wf/_std_target_MNI152NLin2009cAsym.res2/n4_correct".
240417-16:58:09,60 nipype.workflow INFO:
	 [Node] Executing "n4_correct" <niworkflows.interfaces.fixes.FixN4BiasFieldCorrection>
240417-16:58:12,567 nipype.workflow INFO:
	 [Node] Finished "unifize", elapsed time 491.887773s.
240417-16:58:13,31 nipype.workflow INFO:
	 [Node] Setting-up "fmriprep_23_1_wf.single_subject_14_wf.func_preproc_ses_01_task_02a_run_3_wf.bold_t1_trans_wf.bold_reference_wf.enhance_and_skullstrip_bold_wf.fixhdr_unifize" in "/work/fmriprep_23_1_wf/single_subject_14_wf/func_preproc_ses_01_task_02a_run_3_wf/bold_t1_trans_wf/bold_reference_wf/enhance_and_skullstrip_bold_wf/fixhdr_unifize".
240417-16:58:13,56 nipype.workflow INFO:
	 [Node] Executing "fixhdr_unifize" <niworkflows.interfaces.header.CopyXForm>
240417-16:58:13,135 nipype.workflow INFO:
	 [Node] Finished "fixhdr_unifize", elapsed time 0.0787s.
240417-16:58:13,853 nipype.workflow INFO:
	 [Node] Finished "n4_correct", elapsed time 4.788063s.
240417-16:58:15,17 nipype.workflow INFO:
	 [Node] Setting-up "fmriprep_23_1_wf.single_subject_14_wf.func_preproc_ses_01_task_02a_run_2_wf.bold_std_trans_wf.bold_reference_wf.enhance_and_skullstrip_bold_wf.skullstrip_first_pass" in "/work/fmriprep_23_1_wf/single_subject_14_wf/func_preproc_ses_01_task_02a_run_2_wf/bold_std_trans_wf/bold_reference_wf/enhance_and_skullstrip_bold_wf/_std_target_MNI152NLin2009cAsym.res2/skullstrip_first_pass".
240417-16:58:15,18 nipype.workflow INFO:
	 [Node] Setting-up "fmriprep_23_1_wf.single_subject_14_wf.func_preproc_ses_01_task_02a_run_2_wf.bold_std_trans_wf.outputnode" in "/work/fmriprep_23_1_wf/single_subject_14_wf/func_preproc_ses_01_task_02a_run_2_wf/bold_std_trans_wf/outputnode".
240417-16:58:15,19 nipype.workflow INFO:
	 [Node] Setting-up "fmriprep_23_1_wf.single_subject_14_wf.func_preproc_ses_01_task_02a_run_3_wf.bold_t1_trans_wf.bold_reference_wf.enhance_and_skullstrip_bold_wf.skullstrip_second_pass" in "/work/fmriprep_23_1_wf/single_subject_14_wf/func_preproc_ses_01_task_02a_run_3_wf/bold_t1_trans_wf/bold_reference_wf/enhance_and_skullstrip_bold_wf/skullstrip_second_pass".
240417-16:58:15,39 nipype.workflow INFO:
	 [Node] Executing "skullstrip_second_pass" <nipype.interfaces.afni.preprocess.Automask>
240417-16:58:15,86 nipype.workflow INFO:
	 [Node] Executing "outputnode" <nipype.interfaces.utility.base.IdentityInterface>
240417-16:58:15,87 nipype.workflow INFO:
	 [Node] Finished "outputnode", elapsed time 0.000454s.
240417-16:58:15,95 nipype.workflow INFO:
	 [Node] Executing "skullstrip_first_pass" <nipype.interfaces.fsl.preprocess.BET>
240417-16:58:15,414 nipype.workflow INFO:
	 [Node] Finished "skullstrip_second_pass", elapsed time 0.374563s.
240417-16:58:16,943 nipype.workflow INFO:
	 [Node] Finished "skullstrip_first_pass", elapsed time 1.847025s.
240417-16:58:17,460 nipype.workflow INFO:
	 [Node] Setting-up "fmriprep_23_1_wf.single_subject_14_wf.func_preproc_ses_01_task_02a_run_3_wf.bold_t1_trans_wf.bold_reference_wf.enhance_and_skullstrip_bold_wf.fixhdr_skullstrip2" in "/work/fmriprep_23_1_wf/single_subject_14_wf/func_preproc_ses_01_task_02a_run_3_wf/bold_t1_trans_wf/bold_reference_wf/enhance_and_skullstrip_bold_wf/fixhdr_skullstrip2".
240417-16:58:17,482 nipype.workflow INFO:
	 [Node] Executing "fixhdr_skullstrip2" <niworkflows.interfaces.header.CopyXForm>
240417-16:58:17,503 nipype.workflow INFO:
	 [Node] Finished "fixhdr_skullstrip2", elapsed time 0.020844s.
240417-16:58:19,16 nipype.workflow INFO:
	 [Node] Setting-up "fmriprep_23_1_wf.single_subject_14_wf.func_preproc_ses_01_task_02a_run_2_wf.bold_std_trans_wf.bold_reference_wf.enhance_and_skullstrip_bold_wf.first_dilate" in "/work/fmriprep_23_1_wf/single_subject_14_wf/func_preproc_ses_01_task_02a_run_2_wf/bold_std_trans_wf/bold_reference_wf/enhance_and_skullstrip_bold_wf/_std_target_MNI152NLin2009cAsym.res2/first_dilate".
240417-16:58:19,31 nipype.workflow INFO:
	 [Node] Executing "first_dilate" <niworkflows.interfaces.nibabel.BinaryDilation>
240417-16:58:19,75 nipype.interface WARNING:
	 Changing /out/sub-14/ses-01/func/sub-14_ses-01_task-02a_run-2_space-MNI152NLin2009cAsym_res-2_desc-aseg_dseg.nii.gz dtype from float64 to int16
240417-16:58:19,596 nipype.interface WARNING:
	 Changing /out/sub-14/ses-01/func/sub-14_ses-01_task-02a_run-2_space-MNI152NLin2009cAsym_res-2_desc-aparcaseg_dseg.nii.gz dtype from float64 to int16
240417-16:58:21,897 nipype.workflow INFO:
	 [Node] Finished "first_dilate", elapsed time 2.864935s.
240417-16:58:28,124 nipype.workflow INFO:
	 [Node] Finished "unifize", elapsed time 493.845128s.
240417-16:59:20,905 nipype.workflow INFO:
	 [Node] Finished "merge", elapsed time 165.183502s.
240417-16:59:41,109 nipype.interface WARNING:
	 Changing /out/sub-14/ses-01/func/sub-14_ses-01_task-02a_run-2_space-MNI152NLin2009cAsym_res-2_desc-brain_mask.nii.gz dtype from float64 to uint8
240417-16:59:41,414 nipype.workflow INFO:
	 [Node] Setting-up "fmriprep_23_1_wf.single_subject_14_wf.func_preproc_ses_01_task_02a_run_3_wf.bold_t1_trans_wf.bold_reference_wf.enhance_and_skullstrip_bold_wf.combine_masks" in "/work/fmriprep_23_1_wf/single_subject_14_wf/func_preproc_ses_01_task_02a_run_3_wf/bold_t1_trans_wf/bold_reference_wf/enhance_and_skullstrip_bold_wf/combine_masks".
240417-16:59:41,439 nipype.workflow INFO:
	 [Node] Executing "combine_masks" <nipype.interfaces.fsl.maths.BinaryMaths>
240417-16:59:41,611 nipype.workflow INFO:
	 [Node] Finished "combine_masks", elapsed time 0.170527s.
240417-16:59:41,663 nipype.workflow INFO:
	 [Node] Setting-up "fmriprep_23_1_wf.single_subject_14_wf.func_preproc_ses_01_task_02a_run_1_wf.bold_std_trans_wf.bold_reference_wf.get_dummy" in "/work/fmriprep_23_1_wf/single_subject_14_wf/func_preproc_ses_01_task_02a_run_1_wf/bold_std_trans_wf/bold_reference_wf/_std_target_MNI152NLin2009cAsym.res2/get_dummy".
240417-16:59:41,664 nipype.workflow INFO:
	 [Node] Setting-up "fmriprep_23_1_wf.single_subject_14_wf.func_preproc_ses_01_task_02a_run_2_wf.bold_std_trans_wf.bold_reference_wf.enhance_and_skullstrip_bold_wf.first_mask" in "/work/fmriprep_23_1_wf/single_subject_14_wf/func_preproc_ses_01_task_02a_run_2_wf/bold_std_trans_wf/bold_reference_wf/enhance_and_skullstrip_bold_wf/_std_target_MNI152NLin2009cAsym.res2/first_mask".
240417-16:59:41,665 nipype.workflow INFO:
	 [Node] Setting-up "fmriprep_23_1_wf.single_subject_14_wf.func_preproc_ses_01_task_02a_run_4_wf.bold_t1_trans_wf.bold_reference_wf.enhance_and_skullstrip_bold_wf.fixhdr_unifize" in "/work/fmriprep_23_1_wf/single_subject_14_wf/func_preproc_ses_01_task_02a_run_4_wf/bold_t1_trans_wf/bold_reference_wf/enhance_and_skullstrip_bold_wf/fixhdr_unifize".
240417-16:59:41,684 nipype.workflow INFO:
	 [Node] Executing "get_dummy" <niworkflows.interfaces.bold.NonsteadyStatesDetector>
240417-16:59:41,685 nipype.workflow INFO:
	 [Node] Setting-up "_val_bold0" in "/work/fmriprep_23_1_wf/single_subject_14_wf/func_preproc_ses_01_task_02a_run_1_wf/bold_std_trans_wf/bold_reference_wf/_std_target_MNI152NLin2009cAsym.res2/val_bold/mapflow/_val_bold0".
240417-16:59:41,685 nipype.workflow INFO:
	 [Node] Executing "first_mask" <niworkflows.interfaces.nibabel.ApplyMask>
240417-16:59:41,686 nipype.workflow INFO:
	 [Node] Executing "fixhdr_unifize" <niworkflows.interfaces.header.CopyXForm>
240417-16:59:41,697 nipype.workflow INFO:
	 [Node] Executing "_val_bold0" <niworkflows.interfaces.header.ValidateImage>
240417-16:59:41,749 nipype.workflow INFO:
	 [Node] Finished "_val_bold0", elapsed time 0.050707s.
240417-16:59:41,763 nipype.workflow INFO:
	 [Node] Finished "fixhdr_unifize", elapsed time 0.076095s.
240417-16:59:41,816 nipype.workflow INFO:
	 [Node] Finished "first_mask", elapsed time 0.130328s.
240417-16:59:43,828 nipype.workflow INFO:
	 [Node] Setting-up "fmriprep_23_1_wf.single_subject_14_wf.func_preproc_ses_01_task_02a_run_2_wf.bold_std_trans_wf.bold_reference_wf.enhance_and_skullstrip_bold_wf.unifize" in "/work/fmriprep_23_1_wf/single_subject_14_wf/func_preproc_ses_01_task_02a_run_2_wf/bold_std_trans_wf/bold_reference_wf/enhance_and_skullstrip_bold_wf/_std_target_MNI152NLin2009cAsym.res2/unifize".
240417-16:59:43,829 nipype.workflow INFO:
	 [Node] Setting-up "fmriprep_23_1_wf.single_subject_14_wf.func_preproc_ses_01_task_02a_run_4_wf.bold_t1_trans_wf.bold_reference_wf.enhance_and_skullstrip_bold_wf.skullstrip_second_pass" in "/work/fmriprep_23_1_wf/single_subject_14_wf/func_preproc_ses_01_task_02a_run_4_wf/bold_t1_trans_wf/bold_reference_wf/enhance_and_skullstrip_bold_wf/skullstrip_second_pass".
240417-16:59:43,837 nipype.workflow INFO:
	 [Node] Setting-up "fmriprep_23_1_wf.single_subject_14_wf.func_preproc_ses_01_task_02a_run_3_wf.bold_t1_trans_wf.bold_reference_wf.enhance_and_skullstrip_bold_wf.apply_mask" in "/work/fmriprep_23_1_wf/single_subject_14_wf/func_preproc_ses_01_task_02a_run_3_wf/bold_t1_trans_wf/bold_reference_wf/enhance_and_skullstrip_bold_wf/apply_mask".
240417-16:59:43,853 nipype.workflow INFO:
	 [Node] Executing "unifize" <nipype.interfaces.afni.utils.Unifize>
240417-16:59:43,856 nipype.workflow INFO:
	 [Node] Executing "apply_mask" <niworkflows.interfaces.nibabel.ApplyMask>
240417-16:59:43,872 nipype.workflow INFO:
	 [Node] Executing "skullstrip_second_pass" <nipype.interfaces.afni.preprocess.Automask>
240417-16:59:43,935 nipype.workflow INFO:
	 [Node] Finished "apply_mask", elapsed time 0.077519s.
240417-16:59:44,234 nipype.workflow INFO:
	 [Node] Finished "skullstrip_second_pass", elapsed time 0.361297s.
240417-16:59:46,56 nipype.workflow INFO:
	 [Node] Setting-up "fmriprep_23_1_wf.single_subject_14_wf.func_preproc_ses_01_task_02a_run_4_wf.bold_t1_trans_wf.bold_reference_wf.enhance_and_skullstrip_bold_wf.fixhdr_skullstrip2" in "/work/fmriprep_23_1_wf/single_subject_14_wf/func_preproc_ses_01_task_02a_run_4_wf/bold_t1_trans_wf/bold_reference_wf/enhance_and_skullstrip_bold_wf/fixhdr_skullstrip2".
240417-16:59:46,78 nipype.workflow INFO:
	 [Node] Executing "fixhdr_skullstrip2" <niworkflows.interfaces.header.CopyXForm>
240417-16:59:46,98 nipype.workflow INFO:
	 [Node] Finished "fixhdr_skullstrip2", elapsed time 0.01965s.
240417-16:59:49,993 nipype.workflow INFO:
	 [Node] Finished "get_dummy", elapsed time 8.307942s.
240417-16:59:52,12 nipype.workflow INFO:
	 [Node] Setting-up "fmriprep_23_1_wf.single_subject_14_wf.func_preproc_ses_01_task_02a_run_4_wf.bold_t1_trans_wf.bold_reference_wf.enhance_and_skullstrip_bold_wf.combine_masks" in "/work/fmriprep_23_1_wf/single_subject_14_wf/func_preproc_ses_01_task_02a_run_4_wf/bold_t1_trans_wf/bold_reference_wf/enhance_and_skullstrip_bold_wf/combine_masks".
240417-16:59:52,39 nipype.workflow INFO:
	 [Node] Executing "combine_masks" <nipype.interfaces.fsl.maths.BinaryMaths>
240417-16:59:52,182 nipype.workflow INFO:
	 [Node] Finished "combine_masks", elapsed time 0.142885s.
240417-16:59:52,420 nipype.workflow INFO:
	 [Node] Setting-up "fmriprep_23_1_wf.single_subject_14_wf.func_preproc_ses_01_task_02a_run_1_wf.bold_std_trans_wf.bold_reference_wf.gen_avg" in "/work/fmriprep_23_1_wf/single_subject_14_wf/func_preproc_ses_01_task_02a_run_1_wf/bold_std_trans_wf/bold_reference_wf/_std_target_MNI152NLin2009cAsym.res2/gen_avg".
240417-16:59:52,453 nipype.workflow INFO:
	 [Node] Executing "gen_avg" <niworkflows.interfaces.images.RobustAverage>
240417-16:59:54,334 nipype.workflow INFO:
	 [Node] Finished "unifize", elapsed time 10.48055s.
240417-16:59:55,799 nipype.workflow INFO:
	 [Node] Setting-up "fmriprep_23_1_wf.single_subject_14_wf.func_preproc_ses_01_task_02a_run_2_wf.bold_std_trans_wf.bold_reference_wf.enhance_and_skullstrip_bold_wf.fixhdr_unifize" in "/work/fmriprep_23_1_wf/single_subject_14_wf/func_preproc_ses_01_task_02a_run_2_wf/bold_std_trans_wf/bold_reference_wf/enhance_and_skullstrip_bold_wf/_std_target_MNI152NLin2009cAsym.res2/fixhdr_unifize".
240417-16:59:55,799 nipype.workflow INFO:
	 [Node] Setting-up "fmriprep_23_1_wf.single_subject_14_wf.func_preproc_ses_01_task_02a_run_4_wf.bold_t1_trans_wf.bold_reference_wf.enhance_and_skullstrip_bold_wf.apply_mask" in "/work/fmriprep_23_1_wf/single_subject_14_wf/func_preproc_ses_01_task_02a_run_4_wf/bold_t1_trans_wf/bold_reference_wf/enhance_and_skullstrip_bold_wf/apply_mask".
240417-16:59:55,817 nipype.workflow INFO:
	 [Node] Executing "apply_mask" <niworkflows.interfaces.nibabel.ApplyMask>
240417-16:59:55,822 nipype.workflow INFO:
	 [Node] Executing "fixhdr_unifize" <niworkflows.interfaces.header.CopyXForm>
240417-16:59:55,895 nipype.workflow INFO:
	 [Node] Finished "apply_mask", elapsed time 0.077453s.
240417-16:59:55,965 nipype.workflow INFO:
	 [Node] Finished "fixhdr_unifize", elapsed time 0.14199s.
240417-16:59:56,878 nipype.workflow INFO:
	 [Node] Setting-up "fmriprep_23_1_wf.single_subject_14_wf.func_preproc_ses_01_task_02a_run_2_wf.bold_std_trans_wf.bold_reference_wf.enhance_and_skullstrip_bold_wf.skullstrip_second_pass" in "/work/fmriprep_23_1_wf/single_subject_14_wf/func_preproc_ses_01_task_02a_run_2_wf/bold_std_trans_wf/bold_reference_wf/enhance_and_skullstrip_bold_wf/_std_target_MNI152NLin2009cAsym.res2/skullstrip_second_pass".
240417-16:59:56,898 nipype.workflow INFO:
	 [Node] Executing "skullstrip_second_pass" <nipype.interfaces.afni.preprocess.Automask>
240417-16:59:57,700 nipype.workflow INFO:
	 [Node] Finished "skullstrip_second_pass", elapsed time 0.801588s.
240417-16:59:58,863 nipype.workflow INFO:
	 [Node] Setting-up "fmriprep_23_1_wf.single_subject_14_wf.func_preproc_ses_01_task_02a_run_2_wf.bold_std_trans_wf.bold_reference_wf.enhance_and_skullstrip_bold_wf.fixhdr_skullstrip2" in "/work/fmriprep_23_1_wf/single_subject_14_wf/func_preproc_ses_01_task_02a_run_2_wf/bold_std_trans_wf/bold_reference_wf/enhance_and_skullstrip_bold_wf/_std_target_MNI152NLin2009cAsym.res2/fixhdr_skullstrip2".
240417-16:59:58,886 nipype.workflow INFO:
	 [Node] Executing "fixhdr_skullstrip2" <niworkflows.interfaces.header.CopyXForm>
240417-16:59:58,940 nipype.workflow INFO:
	 [Node] Finished "fixhdr_skullstrip2", elapsed time 0.053808s.
240417-17:00:01,36 nipype.workflow INFO:
	 [Node] Setting-up "fmriprep_23_1_wf.single_subject_14_wf.func_preproc_ses_01_task_02a_run_2_wf.bold_std_trans_wf.bold_reference_wf.enhance_and_skullstrip_bold_wf.combine_masks" in "/work/fmriprep_23_1_wf/single_subject_14_wf/func_preproc_ses_01_task_02a_run_2_wf/bold_std_trans_wf/bold_reference_wf/enhance_and_skullstrip_bold_wf/_std_target_MNI152NLin2009cAsym.res2/combine_masks".
240417-17:00:01,56 nipype.workflow INFO:
	 [Node] Executing "combine_masks" <nipype.interfaces.fsl.maths.BinaryMaths>
240417-17:00:01,258 nipype.workflow INFO:
	 [Node] Finished "combine_masks", elapsed time 0.201055s.
240417-17:00:02,885 nipype.workflow INFO:
	 [Node] Setting-up "fmriprep_23_1_wf.single_subject_14_wf.func_preproc_ses_01_task_02a_run_2_wf.bold_std_trans_wf.bold_reference_wf.enhance_and_skullstrip_bold_wf.apply_mask" in "/work/fmriprep_23_1_wf/single_subject_14_wf/func_preproc_ses_01_task_02a_run_2_wf/bold_std_trans_wf/bold_reference_wf/enhance_and_skullstrip_bold_wf/_std_target_MNI152NLin2009cAsym.res2/apply_mask".
240417-17:00:02,907 nipype.workflow INFO:
	 [Node] Executing "apply_mask" <niworkflows.interfaces.nibabel.ApplyMask>
240417-17:00:02,969 nipype.interface INFO:
	 stderr 2024-04-17T17:00:02.969048:++ 3dvolreg: AFNI version=AFNI_23.1.07 (May 30 2023) [64-bit]
240417-17:00:02,969 nipype.interface INFO:
	 stderr 2024-04-17T17:00:02.969048:++ Authored by: RW Cox
240417-17:00:02,972 nipype.interface INFO:
	 stderr 2024-04-17T17:00:02.972361:** AFNI converts NIFTI_datatype=4 (INT16) in file /work/fmriprep_23_1_wf/single_subject_14_wf/func_preproc_ses_01_task_02a_run_1_wf/bold_std_trans_wf/bold_reference_wf/_std_target_MNI152NLin2009cAsym.res2/gen_avg/vol0000_xform-00000_clipped_merged_sliced.nii.gz to FLOAT32
240417-17:00:02,972 nipype.interface INFO:
	 stderr 2024-04-17T17:00:02.972815:     Warnings of this type will be muted for this session.
240417-17:00:02,972 nipype.interface INFO:
	 stderr 2024-04-17T17:00:02.972815:     Set AFNI_NIFTI_TYPE_WARN to YES to see them all, NO to see none.
240417-17:00:03,39 nipype.workflow INFO:
	 [Node] Finished "apply_mask", elapsed time 0.131747s.
240417-17:01:07,897 nipype.interface INFO:
	 stderr 2024-04-17T17:01:07.897246:++ Max displacement in automask = 0.21 (mm) at sub-brick 17
240417-17:01:07,897 nipype.interface INFO:
	 stderr 2024-04-17T17:01:07.897246:++ Max delta displ  in automask = 0.16 (mm) at sub-brick 17
240417-17:01:13,829 nipype.workflow INFO:
	 [Node] Finished "gen_avg", elapsed time 81.375636s.
240417-17:01:14,992 nipype.workflow INFO:
	 [Node] Setting-up "fmriprep_23_1_wf.single_subject_14_wf.func_preproc_ses_01_task_02a_run_1_wf.bold_std_trans_wf.bold_reference_wf.enhance_and_skullstrip_bold_wf.n4_correct" in "/work/fmriprep_23_1_wf/single_subject_14_wf/func_preproc_ses_01_task_02a_run_1_wf/bold_std_trans_wf/bold_reference_wf/enhance_and_skullstrip_bold_wf/_std_target_MNI152NLin2009cAsym.res2/n4_correct".
240417-17:01:15,33 nipype.workflow INFO:
	 [Node] Executing "n4_correct" <niworkflows.interfaces.fixes.FixN4BiasFieldCorrection>
240417-17:01:19,773 nipype.workflow INFO:
	 [Node] Finished "n4_correct", elapsed time 4.733706s.
240417-17:01:20,939 nipype.workflow INFO:
	 [Node] Setting-up "fmriprep_23_1_wf.single_subject_14_wf.func_preproc_ses_01_task_02a_run_1_wf.bold_std_trans_wf.bold_reference_wf.enhance_and_skullstrip_bold_wf.skullstrip_first_pass" in "/work/fmriprep_23_1_wf/single_subject_14_wf/func_preproc_ses_01_task_02a_run_1_wf/bold_std_trans_wf/bold_reference_wf/enhance_and_skullstrip_bold_wf/_std_target_MNI152NLin2009cAsym.res2/skullstrip_first_pass".
240417-17:01:20,940 nipype.workflow INFO:
	 [Node] Setting-up "fmriprep_23_1_wf.single_subject_14_wf.func_preproc_ses_01_task_02a_run_1_wf.bold_std_trans_wf.outputnode" in "/work/fmriprep_23_1_wf/single_subject_14_wf/func_preproc_ses_01_task_02a_run_1_wf/bold_std_trans_wf/outputnode".
240417-17:01:20,962 nipype.workflow INFO:
	 [Node] Executing "skullstrip_first_pass" <nipype.interfaces.fsl.preprocess.BET>
240417-17:01:22,858 nipype.workflow INFO:
	 [Node] Finished "skullstrip_first_pass", elapsed time 1.892947s.
240417-17:01:22,913 nipype.workflow INFO:
	 [Node] Executing "outputnode" <nipype.interfaces.utility.base.IdentityInterface>
240417-17:01:22,914 nipype.workflow INFO:
	 [Node] Finished "outputnode", elapsed time 0.000474s.
240417-17:01:24,945 nipype.workflow INFO:
	 [Node] Setting-up "fmriprep_23_1_wf.single_subject_14_wf.func_preproc_ses_01_task_02a_run_1_wf.bold_std_trans_wf.bold_reference_wf.enhance_and_skullstrip_bold_wf.first_dilate" in "/work/fmriprep_23_1_wf/single_subject_14_wf/func_preproc_ses_01_task_02a_run_1_wf/bold_std_trans_wf/bold_reference_wf/enhance_and_skullstrip_bold_wf/_std_target_MNI152NLin2009cAsym.res2/first_dilate".
240417-17:01:24,962 nipype.workflow INFO:
	 [Node] Executing "first_dilate" <niworkflows.interfaces.nibabel.BinaryDilation>
240417-17:01:25,854 nipype.workflow INFO:
	 [Node] Finished "first_dilate", elapsed time 0.891291s.
240417-17:01:26,944 nipype.workflow INFO:
	 [Node] Setting-up "fmriprep_23_1_wf.single_subject_14_wf.func_preproc_ses_01_task_02a_run_1_wf.bold_std_trans_wf.bold_reference_wf.enhance_and_skullstrip_bold_wf.first_mask" in "/work/fmriprep_23_1_wf/single_subject_14_wf/func_preproc_ses_01_task_02a_run_1_wf/bold_std_trans_wf/bold_reference_wf/enhance_and_skullstrip_bold_wf/_std_target_MNI152NLin2009cAsym.res2/first_mask".
240417-17:01:26,961 nipype.workflow INFO:
	 [Node] Executing "first_mask" <niworkflows.interfaces.nibabel.ApplyMask>
240417-17:01:27,30 nipype.interface WARNING:
	 Changing /out/sub-14/ses-01/func/sub-14_ses-01_task-02a_run-1_space-MNI152NLin2009cAsym_res-2_desc-aseg_dseg.nii.gz dtype from float64 to int16
240417-17:01:27,89 nipype.workflow INFO:
	 [Node] Finished "first_mask", elapsed time 0.127386s.
240417-17:01:27,547 nipype.interface WARNING:
	 Changing /out/sub-14/ses-01/func/sub-14_ses-01_task-02a_run-1_space-MNI152NLin2009cAsym_res-2_desc-aparcaseg_dseg.nii.gz dtype from float64 to int16
240417-17:02:48,474 nipype.interface WARNING:
	 Changing /out/sub-14/ses-01/func/sub-14_ses-01_task-02a_run-1_space-MNI152NLin2009cAsym_res-2_desc-brain_mask.nii.gz dtype from float64 to uint8
240417-17:02:48,951 nipype.workflow INFO:
	 [Node] Setting-up "fmriprep_23_1_wf.single_subject_14_wf.func_preproc_ses_01_task_02a_run_1_wf.bold_std_trans_wf.bold_reference_wf.enhance_and_skullstrip_bold_wf.unifize" in "/work/fmriprep_23_1_wf/single_subject_14_wf/func_preproc_ses_01_task_02a_run_1_wf/bold_std_trans_wf/bold_reference_wf/enhance_and_skullstrip_bold_wf/_std_target_MNI152NLin2009cAsym.res2/unifize".
240417-17:02:48,980 nipype.workflow INFO:
	 [Node] Executing "unifize" <nipype.interfaces.afni.utils.Unifize>
240417-17:02:59,426 nipype.workflow INFO:
	 [Node] Finished "unifize", elapsed time 10.445004s.
240417-17:03:00,964 nipype.workflow INFO:
	 [Node] Setting-up "fmriprep_23_1_wf.single_subject_14_wf.func_preproc_ses_01_task_02a_run_1_wf.bold_std_trans_wf.bold_reference_wf.enhance_and_skullstrip_bold_wf.fixhdr_unifize" in "/work/fmriprep_23_1_wf/single_subject_14_wf/func_preproc_ses_01_task_02a_run_1_wf/bold_std_trans_wf/bold_reference_wf/enhance_and_skullstrip_bold_wf/_std_target_MNI152NLin2009cAsym.res2/fixhdr_unifize".
240417-17:03:00,988 nipype.workflow INFO:
	 [Node] Executing "fixhdr_unifize" <niworkflows.interfaces.header.CopyXForm>
240417-17:03:01,131 nipype.workflow INFO:
	 [Node] Finished "fixhdr_unifize", elapsed time 0.142722s.
240417-17:03:02,978 nipype.workflow INFO:
	 [Node] Setting-up "fmriprep_23_1_wf.single_subject_14_wf.func_preproc_ses_01_task_02a_run_1_wf.bold_std_trans_wf.bold_reference_wf.enhance_and_skullstrip_bold_wf.skullstrip_second_pass" in "/work/fmriprep_23_1_wf/single_subject_14_wf/func_preproc_ses_01_task_02a_run_1_wf/bold_std_trans_wf/bold_reference_wf/enhance_and_skullstrip_bold_wf/_std_target_MNI152NLin2009cAsym.res2/skullstrip_second_pass".
240417-17:03:03,3 nipype.workflow INFO:
	 [Node] Executing "skullstrip_second_pass" <nipype.interfaces.afni.preprocess.Automask>
240417-17:03:03,630 nipype.workflow INFO:
	 [Node] Finished "skullstrip_second_pass", elapsed time 0.626193s.
240417-17:03:04,981 nipype.workflow INFO:
	 [Node] Setting-up "fmriprep_23_1_wf.single_subject_14_wf.func_preproc_ses_01_task_02a_run_1_wf.bold_std_trans_wf.bold_reference_wf.enhance_and_skullstrip_bold_wf.fixhdr_skullstrip2" in "/work/fmriprep_23_1_wf/single_subject_14_wf/func_preproc_ses_01_task_02a_run_1_wf/bold_std_trans_wf/bold_reference_wf/enhance_and_skullstrip_bold_wf/_std_target_MNI152NLin2009cAsym.res2/fixhdr_skullstrip2".
240417-17:03:04,999 nipype.workflow INFO:
	 [Node] Executing "fixhdr_skullstrip2" <niworkflows.interfaces.header.CopyXForm>
240417-17:03:05,52 nipype.workflow INFO:
	 [Node] Finished "fixhdr_skullstrip2", elapsed time 0.052416s.
240417-17:03:06,972 nipype.workflow INFO:
	 [Node] Setting-up "fmriprep_23_1_wf.single_subject_14_wf.func_preproc_ses_01_task_02a_run_1_wf.bold_std_trans_wf.bold_reference_wf.enhance_and_skullstrip_bold_wf.combine_masks" in "/work/fmriprep_23_1_wf/single_subject_14_wf/func_preproc_ses_01_task_02a_run_1_wf/bold_std_trans_wf/bold_reference_wf/enhance_and_skullstrip_bold_wf/_std_target_MNI152NLin2009cAsym.res2/combine_masks".
240417-17:03:06,993 nipype.workflow INFO:
	 [Node] Executing "combine_masks" <nipype.interfaces.fsl.maths.BinaryMaths>
240417-17:03:07,199 nipype.workflow INFO:
	 [Node] Finished "combine_masks", elapsed time 0.204831s.
240417-17:03:08,985 nipype.workflow INFO:
	 [Node] Setting-up "fmriprep_23_1_wf.single_subject_14_wf.func_preproc_ses_01_task_02a_run_1_wf.bold_std_trans_wf.bold_reference_wf.enhance_and_skullstrip_bold_wf.apply_mask" in "/work/fmriprep_23_1_wf/single_subject_14_wf/func_preproc_ses_01_task_02a_run_1_wf/bold_std_trans_wf/bold_reference_wf/enhance_and_skullstrip_bold_wf/_std_target_MNI152NLin2009cAsym.res2/apply_mask".
240417-17:03:09,10 nipype.workflow INFO:
	 [Node] Executing "apply_mask" <niworkflows.interfaces.nibabel.ApplyMask>
240417-17:03:09,143 nipype.workflow INFO:
	 [Node] Finished "apply_mask", elapsed time 0.131934s.
240417-17:03:12,825 nipype.workflow IMPORTANT:
	 fMRIPrep finished successfully!
240417-17:03:12,831 nipype.workflow IMPORTANT:
	 Works derived from this fMRIPrep execution should include the boilerplate text found in <OUTPUT_PATH>/logs/CITATION.md.
 
 ////////////////////////////////////////////////////////////////////////////// 
 /                                                                            / 
 /               STARTING efcd2c35-c66f-38e5-a581-078fef3f4489                / 
 /                                                                            / 
 ////////////////////////////////////////////////////////////////////////////// 
 executing: fmriprep
fmriPrep is done. Now deleting temporary files in work folder
Finished with job 15942336
