* ----------------------------------------------------------------
* Running PROLOG for mvpa-lsa-musicnoise on Thu Mar  7 22:15:52 WET 2024
*    JOB_NAME                : mvpa-lsa-musicnoise
*    JOB_ID                  : 15293921
*    JOB_PARTITION           : hpc
*    JOB_USER                : alexsayal
*    JOB_ACCOUNT             : uccibit
*    JOB_QOS                 : normal
*    NODE_LIST               : hpc068
*    SLURM_NNODES            : 1
*    SLURM_NPROCS            : 1
*    SLURM_NTASKS            : 1
*    SLURM_CPUS_ON_NODE      : 30
*    SLURM_TASKS_PER_NODE    : 1
*    SLURM_JOB_CPUS_PER_NODE : 30
*    SLURM_MEM_PER_NODE      : 262144
*    SUBMIT_HOST             : cirrus09.a.incd.pt
*    WORK_DIR                : /users3/uccibit/alexsayal/BIDS-BRAINPLAYBACK-TASK2/code
*    JOB_SCRIPT              : /users3/uccibit/alexsayal/BIDS-BRAINPLAYBACK-TASK2/code/mvpa/mvpa_lsa_musicnoise_batch.sh
* ----------------------------------------------------------------
Average accuracy = 86.88 percent

Accuracy per fold:
[0.86607143 0.88392857 0.875      0.91964286 0.90178571 0.85714286
 0.84821429 0.8125     0.875      0.88392857 0.8125     0.89285714
 0.86607143]
saved accuracy results to mvpa-musicnoise-confounds-results-1.csv
python script finished running.
Finished with job 15293921
