* ----------------------------------------------------------------
* Running PROLOG for mvpa-lsa-full on Thu Mar  7 21:46:13 WET 2024
*    JOB_NAME                : mvpa-lsa-full
*    JOB_ID                  : 15293608
*    JOB_PARTITION           : hpc
*    JOB_USER                : alexsayal
*    JOB_ACCOUNT             : uccibit
*    JOB_QOS                 : normal
*    NODE_LIST               : hpc071
*    SLURM_NNODES            : 1
*    SLURM_NPROCS            : 1
*    SLURM_NTASKS            : 1
*    SLURM_CPUS_ON_NODE      : 30
*    SLURM_TASKS_PER_NODE    : 1
*    SLURM_JOB_CPUS_PER_NODE : 30
*    SLURM_MEM_PER_NODE      : 262144
*    SUBMIT_HOST             : cirrus09.a.incd.pt
*    WORK_DIR                : /users3/uccibit/alexsayal/BIDS-BRAINPLAYBACK-TASK2/code
*    JOB_SCRIPT              : /users3/uccibit/alexsayal/BIDS-BRAINPLAYBACK-TASK2/code/mvpa/mvpa_lsa_full_batch.sh
* ----------------------------------------------------------------
Average accuracy = 34.34 percent

Accuracy per fold:
[0.33928571 0.33928571 0.375      0.35714286 0.34821429 0.375
 0.33035714 0.34821429 0.3125     0.33035714 0.38392857 0.32142857
 0.30357143]
saved accuracy results to mvpa-lsa-full-results-1.csv
python script finished running.
Finished with job 15293608
