* ----------------------------------------------------------------
* Running PROLOG for mvpa-lsa-full on Thu Mar  7 20:54:50 WET 2024
*    JOB_NAME                : mvpa-lsa-full
*    JOB_ID                  : 15293090
*    JOB_PARTITION           : hpc
*    JOB_USER                : alexsayal
*    JOB_ACCOUNT             : uccibit
*    JOB_QOS                 : normal
*    NODE_LIST               : hpc077
*    SLURM_NNODES            : 1
*    SLURM_NPROCS            : 1
*    SLURM_NTASKS            : 1
*    SLURM_CPUS_ON_NODE      : 30
*    SLURM_TASKS_PER_NODE    : 1
*    SLURM_JOB_CPUS_PER_NODE : 30
*    SLURM_MEM_PER_NODE      : 262144
*    SUBMIT_HOST             : cirrus09.a.incd.pt
*    WORK_DIR                : /users3/uccibit/alexsayal/BIDS-BRAINPLAYBACK-TASK2/code
*    JOB_SCRIPT              : /users3/uccibit/alexsayal/BIDS-BRAINPLAYBACK-TASK2/code/mvpa/mvpa_lsa_full_batch.sh
* ----------------------------------------------------------------
Average accuracy = 15.81 percent

Accuracy per fold:
[0.13888889 0.15277778 0.20833333 0.125      0.11111111 0.26388889
 0.13888889 0.15277778 0.15277778 0.13888889 0.11111111 0.23611111
 0.125     ]
saved accuracy results to mvpa-lsa-full-results-1.csv
python script finished running.
Finished with job 15293090
