/users3/uccibit/alexsayal/miniconda3/envs/mvpa/lib/python3.11/site-packages/nilearn/glm/contrasts.py:108: UserWarning: t contrasts should be of length P=35, but it has length 18. The rest of the contrast was padded with zeros.
  reg = regression_result[label_].Tcontrast(con_val)
/users3/uccibit/alexsayal/miniconda3/envs/mvpa/lib/python3.11/site-packages/nilearn/glm/contrasts.py:108: UserWarning: t contrasts should be of length P=35, but it has length 18. The rest of the contrast was padded with zeros.
  reg = regression_result[label_].Tcontrast(con_val)
/users3/uccibit/alexsayal/miniconda3/envs/mvpa/lib/python3.11/site-packages/nilearn/glm/contrasts.py:108: UserWarning: t contrasts should be of length P=35, but it has length 18. The rest of the contrast was padded with zeros.
  reg = regression_result[label_].Tcontrast(con_val)
/users3/uccibit/alexsayal/miniconda3/envs/mvpa/lib/python3.11/site-packages/nilearn/glm/contrasts.py:108: UserWarning: t contrasts should be of length P=35, but it has length 18. The rest of the contrast was padded with zeros.
  reg = regression_result[label_].Tcontrast(con_val)
/users3/uccibit/alexsayal/miniconda3/envs/mvpa/lib/python3.11/site-packages/nilearn/glm/contrasts.py:108: UserWarning: t contrasts should be of length P=35, but it has length 18. The rest of the contrast was padded with zeros.
  reg = regression_result[label_].Tcontrast(con_val)
/users3/uccibit/alexsayal/miniconda3/envs/mvpa/lib/python3.11/site-packages/nilearn/glm/contrasts.py:108: UserWarning: t contrasts should be of length P=35, but it has length 18. The rest of the contrast was padded with zeros.
  reg = regression_result[label_].Tcontrast(con_val)
/users3/uccibit/alexsayal/miniconda3/envs/mvpa/lib/python3.11/site-packages/nilearn/glm/contrasts.py:108: UserWarning: t contrasts should be of length P=35, but it has length 18. The rest of the contrast was padded with zeros.
  reg = regression_result[label_].Tcontrast(con_val)
/users3/uccibit/alexsayal/miniconda3/envs/mvpa/lib/python3.11/site-packages/nilearn/glm/contrasts.py:108: UserWarning: t contrasts should be of length P=35, but it has length 18. The rest of the contrast was padded with zeros.
  reg = regression_result[label_].Tcontrast(con_val)
/users3/uccibit/alexsayal/miniconda3/envs/mvpa/lib/python3.11/site-packages/nilearn/glm/contrasts.py:108: UserWarning: t contrasts should be of length P=35, but it has length 18. The rest of the contrast was padded with zeros.
  reg = regression_result[label_].Tcontrast(con_val)
/users3/uccibit/alexsayal/miniconda3/envs/mvpa/lib/python3.11/site-packages/nilearn/glm/contrasts.py:108: UserWarning: t contrasts should be of length P=35, but it has length 18. The rest of the contrast was padded with zeros.
  reg = regression_result[label_].Tcontrast(con_val)
/users3/uccibit/alexsayal/miniconda3/envs/mvpa/lib/python3.11/site-packages/nilearn/glm/contrasts.py:108: UserWarning: t contrasts should be of length P=35, but it has length 18. The rest of the contrast was padded with zeros.
  reg = regression_result[label_].Tcontrast(con_val)
/users3/uccibit/alexsayal/miniconda3/envs/mvpa/lib/python3.11/site-packages/nilearn/glm/contrasts.py:108: UserWarning: t contrasts should be of length P=35, but it has length 18. The rest of the contrast was padded with zeros.
  reg = regression_result[label_].Tcontrast(con_val)
/users3/uccibit/alexsayal/miniconda3/envs/mvpa/lib/python3.11/site-packages/nilearn/glm/contrasts.py:108: UserWarning: t contrasts should be of length P=35, but it has length 18. The rest of the contrast was padded with zeros.
  reg = regression_result[label_].Tcontrast(con_val)
/users3/uccibit/alexsayal/miniconda3/envs/mvpa/lib/python3.11/site-packages/nilearn/glm/first_level/first_level.py:702: UserWarning: Mean values of 0 observed.The data have probably been centered.Scaling might not work as expected
  Y, _ = mean_scaling(Y, self.signal_scaling)
/users3/uccibit/alexsayal/miniconda3/envs/mvpa/lib/python3.11/site-packages/nilearn/glm/contrasts.py:108: UserWarning: t contrasts should be of length P=35, but it has length 18. The rest of the contrast was padded with zeros.
  reg = regression_result[label_].Tcontrast(con_val)
/users3/uccibit/alexsayal/miniconda3/envs/mvpa/lib/python3.11/site-packages/nilearn/glm/contrasts.py:108: UserWarning: t contrasts should be of length P=35, but it has length 18. The rest of the contrast was padded with zeros.
  reg = regression_result[label_].Tcontrast(con_val)
/users3/uccibit/alexsayal/miniconda3/envs/mvpa/lib/python3.11/site-packages/nilearn/glm/contrasts.py:108: UserWarning: t contrasts should be of length P=35, but it has length 18. The rest of the contrast was padded with zeros.
  reg = regression_result[label_].Tcontrast(con_val)
/users3/uccibit/alexsayal/miniconda3/envs/mvpa/lib/python3.11/site-packages/nilearn/glm/first_level/first_level.py:702: UserWarning: Mean values of 0 observed.The data have probably been centered.Scaling might not work as expected
  Y, _ = mean_scaling(Y, self.signal_scaling)
/users3/uccibit/alexsayal/miniconda3/envs/mvpa/lib/python3.11/site-packages/nilearn/glm/contrasts.py:108: UserWarning: t contrasts should be of length P=35, but it has length 18. The rest of the contrast was padded with zeros.
  reg = regression_result[label_].Tcontrast(con_val)
/users3/uccibit/alexsayal/miniconda3/envs/mvpa/lib/python3.11/site-packages/joblib/externals/loky/process_executor.py:752: UserWarning: A worker stopped while some jobs were given to the executor. This can be caused by a too short worker timeout or by a memory leak.
  warnings.warn(
/users3/uccibit/alexsayal/miniconda3/envs/mvpa/lib/python3.11/site-packages/nilearn/glm/contrasts.py:108: UserWarning: t contrasts should be of length P=35, but it has length 18. The rest of the contrast was padded with zeros.
  reg = regression_result[label_].Tcontrast(con_val)
/users3/uccibit/alexsayal/miniconda3/envs/mvpa/lib/python3.11/site-packages/nilearn/glm/contrasts.py:108: UserWarning: t contrasts should be of length P=35, but it has length 18. The rest of the contrast was padded with zeros.
  reg = regression_result[label_].Tcontrast(con_val)
/users3/uccibit/alexsayal/miniconda3/envs/mvpa/lib/python3.11/site-packages/nilearn/glm/contrasts.py:108: UserWarning: t contrasts should be of length P=35, but it has length 18. The rest of the contrast was padded with zeros.
  reg = regression_result[label_].Tcontrast(con_val)
/users3/uccibit/alexsayal/miniconda3/envs/mvpa/lib/python3.11/site-packages/nilearn/glm/contrasts.py:108: UserWarning: t contrasts should be of length P=35, but it has length 18. The rest of the contrast was padded with zeros.
  reg = regression_result[label_].Tcontrast(con_val)
/users3/uccibit/alexsayal/miniconda3/envs/mvpa/lib/python3.11/site-packages/nilearn/glm/contrasts.py:108: UserWarning: t contrasts should be of length P=35, but it has length 18. The rest of the contrast was padded with zeros.
  reg = regression_result[label_].Tcontrast(con_val)
/users3/uccibit/alexsayal/miniconda3/envs/mvpa/lib/python3.11/site-packages/nilearn/glm/contrasts.py:108: UserWarning: t contrasts should be of length P=35, but it has length 18. The rest of the contrast was padded with zeros.
  reg = regression_result[label_].Tcontrast(con_val)
/users3/uccibit/alexsayal/miniconda3/envs/mvpa/lib/python3.11/site-packages/nilearn/glm/contrasts.py:108: UserWarning: t contrasts should be of length P=35, but it has length 18. The rest of the contrast was padded with zeros.
  reg = regression_result[label_].Tcontrast(con_val)
/users3/uccibit/alexsayal/miniconda3/envs/mvpa/lib/python3.11/site-packages/nilearn/glm/contrasts.py:108: UserWarning: t contrasts should be of length P=35, but it has length 18. The rest of the contrast was padded with zeros.
  reg = regression_result[label_].Tcontrast(con_val)
/users3/uccibit/alexsayal/miniconda3/envs/mvpa/lib/python3.11/site-packages/nilearn/glm/contrasts.py:108: UserWarning: t contrasts should be of length P=35, but it has length 18. The rest of the contrast was padded with zeros.
  reg = regression_result[label_].Tcontrast(con_val)
/users3/uccibit/alexsayal/miniconda3/envs/mvpa/lib/python3.11/site-packages/nilearn/glm/contrasts.py:108: UserWarning: t contrasts should be of length P=35, but it has length 18. The rest of the contrast was padded with zeros.
  reg = regression_result[label_].Tcontrast(con_val)
/users3/uccibit/alexsayal/miniconda3/envs/mvpa/lib/python3.11/site-packages/nilearn/glm/contrasts.py:108: UserWarning: t contrasts should be of length P=35, but it has length 18. The rest of the contrast was padded with zeros.
  reg = regression_result[label_].Tcontrast(con_val)
/users3/uccibit/alexsayal/miniconda3/envs/mvpa/lib/python3.11/site-packages/nilearn/glm/contrasts.py:108: UserWarning: t contrasts should be of length P=35, but it has length 18. The rest of the contrast was padded with zeros.
  reg = regression_result[label_].Tcontrast(con_val)
/users3/uccibit/alexsayal/miniconda3/envs/mvpa/lib/python3.11/site-packages/nilearn/glm/first_level/first_level.py:702: UserWarning: Mean values of 0 observed.The data have probably been centered.Scaling might not work as expected
  Y, _ = mean_scaling(Y, self.signal_scaling)
/users3/uccibit/alexsayal/miniconda3/envs/mvpa/lib/python3.11/site-packages/nilearn/glm/contrasts.py:108: UserWarning: t contrasts should be of length P=35, but it has length 18. The rest of the contrast was padded with zeros.
  reg = regression_result[label_].Tcontrast(con_val)
/users3/uccibit/alexsayal/miniconda3/envs/mvpa/lib/python3.11/site-packages/nilearn/glm/contrasts.py:108: UserWarning: t contrasts should be of length P=35, but it has length 18. The rest of the contrast was padded with zeros.
  reg = regression_result[label_].Tcontrast(con_val)
/users3/uccibit/alexsayal/miniconda3/envs/mvpa/lib/python3.11/site-packages/nilearn/glm/contrasts.py:108: UserWarning: t contrasts should be of length P=35, but it has length 18. The rest of the contrast was padded with zeros.
  reg = regression_result[label_].Tcontrast(con_val)
/users3/uccibit/alexsayal/miniconda3/envs/mvpa/lib/python3.11/site-packages/nilearn/glm/contrasts.py:108: UserWarning: t contrasts should be of length P=35, but it has length 18. The rest of the contrast was padded with zeros.
  reg = regression_result[label_].Tcontrast(con_val)
/users3/uccibit/alexsayal/miniconda3/envs/mvpa/lib/python3.11/site-packages/nilearn/glm/contrasts.py:108: UserWarning: t contrasts should be of length P=35, but it has length 18. The rest of the contrast was padded with zeros.
  reg = regression_result[label_].Tcontrast(con_val)
/users3/uccibit/alexsayal/miniconda3/envs/mvpa/lib/python3.11/site-packages/nilearn/glm/contrasts.py:108: UserWarning: t contrasts should be of length P=35, but it has length 18. The rest of the contrast was padded with zeros.
  reg = regression_result[label_].Tcontrast(con_val)
/users3/uccibit/alexsayal/miniconda3/envs/mvpa/lib/python3.11/site-packages/nilearn/glm/contrasts.py:108: UserWarning: t contrasts should be of length P=35, but it has length 18. The rest of the contrast was padded with zeros.
  reg = regression_result[label_].Tcontrast(con_val)
/users3/uccibit/alexsayal/miniconda3/envs/mvpa/lib/python3.11/site-packages/nilearn/glm/contrasts.py:108: UserWarning: t contrasts should be of length P=35, but it has length 18. The rest of the contrast was padded with zeros.
  reg = regression_result[label_].Tcontrast(con_val)
/users3/uccibit/alexsayal/miniconda3/envs/mvpa/lib/python3.11/site-packages/nilearn/glm/contrasts.py:108: UserWarning: t contrasts should be of length P=35, but it has length 18. The rest of the contrast was padded with zeros.
  reg = regression_result[label_].Tcontrast(con_val)
/users3/uccibit/alexsayal/miniconda3/envs/mvpa/lib/python3.11/site-packages/nilearn/glm/contrasts.py:108: UserWarning: t contrasts should be of length P=35, but it has length 18. The rest of the contrast was padded with zeros.
  reg = regression_result[label_].Tcontrast(con_val)
/users3/uccibit/alexsayal/miniconda3/envs/mvpa/lib/python3.11/site-packages/nilearn/glm/contrasts.py:108: UserWarning: t contrasts should be of length P=35, but it has length 18. The rest of the contrast was padded with zeros.
  reg = regression_result[label_].Tcontrast(con_val)
/users3/uccibit/alexsayal/miniconda3/envs/mvpa/lib/python3.11/site-packages/nilearn/glm/contrasts.py:108: UserWarning: t contrasts should be of length P=35, but it has length 18. The rest of the contrast was padded with zeros.
  reg = regression_result[label_].Tcontrast(con_val)
/users3/uccibit/alexsayal/miniconda3/envs/mvpa/lib/python3.11/site-packages/nilearn/glm/contrasts.py:108: UserWarning: t contrasts should be of length P=35, but it has length 18. The rest of the contrast was padded with zeros.
  reg = regression_result[label_].Tcontrast(con_val)
/users3/uccibit/alexsayal/miniconda3/envs/mvpa/lib/python3.11/site-packages/nilearn/glm/contrasts.py:108: UserWarning: t contrasts should be of length P=35, but it has length 18. The rest of the contrast was padded with zeros.
  reg = regression_result[label_].Tcontrast(con_val)
/users3/uccibit/alexsayal/miniconda3/envs/mvpa/lib/python3.11/site-packages/nilearn/glm/contrasts.py:108: UserWarning: t contrasts should be of length P=35, but it has length 18. The rest of the contrast was padded with zeros.
  reg = regression_result[label_].Tcontrast(con_val)
/users3/uccibit/alexsayal/miniconda3/envs/mvpa/lib/python3.11/site-packages/nilearn/glm/contrasts.py:108: UserWarning: t contrasts should be of length P=35, but it has length 18. The rest of the contrast was padded with zeros.
  reg = regression_result[label_].Tcontrast(con_val)
/users3/uccibit/alexsayal/miniconda3/envs/mvpa/lib/python3.11/site-packages/nilearn/glm/contrasts.py:108: UserWarning: t contrasts should be of length P=35, but it has length 18. The rest of the contrast was padded with zeros.
  reg = regression_result[label_].Tcontrast(con_val)
/users3/uccibit/alexsayal/miniconda3/envs/mvpa/lib/python3.11/site-packages/nilearn/glm/contrasts.py:108: UserWarning: t contrasts should be of length P=35, but it has length 18. The rest of the contrast was padded with zeros.
  reg = regression_result[label_].Tcontrast(con_val)
/users3/uccibit/alexsayal/miniconda3/envs/mvpa/lib/python3.11/site-packages/nilearn/glm/contrasts.py:108: UserWarning: t contrasts should be of length P=35, but it has length 18. The rest of the contrast was padded with zeros.
  reg = regression_result[label_].Tcontrast(con_val)
/users3/uccibit/alexsayal/miniconda3/envs/mvpa/lib/python3.11/site-packages/nilearn/glm/contrasts.py:108: UserWarning: t contrasts should be of length P=35, but it has length 18. The rest of the contrast was padded with zeros.
  reg = regression_result[label_].Tcontrast(con_val)
/users3/uccibit/alexsayal/miniconda3/envs/mvpa/lib/python3.11/site-packages/nilearn/glm/contrasts.py:108: UserWarning: t contrasts should be of length P=35, but it has length 18. The rest of the contrast was padded with zeros.
  reg = regression_result[label_].Tcontrast(con_val)
/users3/uccibit/alexsayal/miniconda3/envs/mvpa/lib/python3.11/site-packages/nilearn/glm/contrasts.py:108: UserWarning: t contrasts should be of length P=35, but it has length 18. The rest of the contrast was padded with zeros.
  reg = regression_result[label_].Tcontrast(con_val)
/users3/uccibit/alexsayal/miniconda3/envs/mvpa/lib/python3.11/site-packages/nilearn/glm/contrasts.py:108: UserWarning: t contrasts should be of length P=35, but it has length 18. The rest of the contrast was padded with zeros.
  reg = regression_result[label_].Tcontrast(con_val)
