/users3/uccibit/alexsayal/BIDS-BRAINPLAYBACK-TASK2/code/mvpa/mvpa-lsa-spacenet.py:100: UserWarning: Brain mask is bigger than the volume of a standard human brain. This object is probably not tuned to be used on such data.
  decoder.fit(X_train, y_train)
[Parallel(n_jobs=30)]: Using backend LokyBackend with 30 concurrent workers.
[Parallel(n_jobs=30)]: Done   2 out of  12 | elapsed: 11.4min remaining: 57.0min
[Parallel(n_jobs=30)]: Done   9 out of  12 | elapsed: 12.8min remaining:  4.3min
[Parallel(n_jobs=30)]: Done  12 out of  12 | elapsed: 15.0min finished
Traceback (most recent call last):
  File "/users3/uccibit/alexsayal/BIDS-BRAINPLAYBACK-TASK2/code/mvpa/mvpa-lsa-spacenet.py", line 111, in <module>
    results1 = pd.DataFrame({'accuracy': accuracy})
               ^^^^^^^^^^^^^^^^^^^^^^^^^^^^^^^^^^^^
  File "/users3/uccibit/alexsayal/miniconda3/envs/mvpa/lib/python3.11/site-packages/pandas/core/frame.py", line 664, in __init__
    mgr = dict_to_mgr(data, index, columns, dtype=dtype, copy=copy, typ=manager)
          ^^^^^^^^^^^^^^^^^^^^^^^^^^^^^^^^^^^^^^^^^^^^^^^^^^^^^^^^^^^^^^^^^^^^^^
  File "/users3/uccibit/alexsayal/miniconda3/envs/mvpa/lib/python3.11/site-packages/pandas/core/internals/construction.py", line 493, in dict_to_mgr
    return arrays_to_mgr(arrays, columns, index, dtype=dtype, typ=typ, consolidate=copy)
           ^^^^^^^^^^^^^^^^^^^^^^^^^^^^^^^^^^^^^^^^^^^^^^^^^^^^^^^^^^^^^^^^^^^^^^^^^^^^^
  File "/users3/uccibit/alexsayal/miniconda3/envs/mvpa/lib/python3.11/site-packages/pandas/core/internals/construction.py", line 118, in arrays_to_mgr
    index = _extract_index(arrays)
            ^^^^^^^^^^^^^^^^^^^^^^
  File "/users3/uccibit/alexsayal/miniconda3/envs/mvpa/lib/python3.11/site-packages/pandas/core/internals/construction.py", line 656, in _extract_index
    raise ValueError("If using all scalar values, you must pass an index")
ValueError: If using all scalar values, you must pass an index
..........................................................................................................