/users3/uccibit/alexsayal/miniconda3/envs/fmriprep/lib/python3.10/site-packages/sklearn/cluster/_kmeans.py:1412: FutureWarning: The default value of `n_init` will change from 10 to 'auto' in 1.4. Set the value of `n_init` explicitly to suppress the warning
  super()._check_params_vs_input(X, default_n_init=10)
/users3/uccibit/alexsayal/miniconda3/envs/fmriprep/lib/python3.10/site-packages/sklearn/cluster/_kmeans.py:1412: FutureWarning: The default value of `n_init` will change from 10 to 'auto' in 1.4. Set the value of `n_init` explicitly to suppress the warning
  super()._check_params_vs_input(X, default_n_init=10)
/users3/uccibit/alexsayal/miniconda3/envs/fmriprep/lib/python3.10/site-packages/sklearn/cluster/_kmeans.py:1412: FutureWarning: The default value of `n_init` will change from 10 to 'auto' in 1.4. Set the value of `n_init` explicitly to suppress the warning
  super()._check_params_vs_input(X, default_n_init=10)
/users3/uccibit/alexsayal/miniconda3/envs/fmriprep/lib/python3.10/site-packages/sklearn/cluster/_kmeans.py:1412: FutureWarning: The default value of `n_init` will change from 10 to 'auto' in 1.4. Set the value of `n_init` explicitly to suppress the warning
  super()._check_params_vs_input(X, default_n_init=10)
/users3/uccibit/alexsayal/miniconda3/envs/fmriprep/lib/python3.10/site-packages/sklearn/cluster/_kmeans.py:1412: FutureWarning: The default value of `n_init` will change from 10 to 'auto' in 1.4. Set the value of `n_init` explicitly to suppress the warning
  super()._check_params_vs_input(X, default_n_init=10)
/users3/uccibit/alexsayal/miniconda3/envs/fmriprep/lib/python3.10/site-packages/sklearn/cluster/_kmeans.py:1412: FutureWarning: The default value of `n_init` will change from 10 to 'auto' in 1.4. Set the value of `n_init` explicitly to suppress the warning
  super()._check_params_vs_input(X, default_n_init=10)
/users3/uccibit/alexsayal/miniconda3/envs/fmriprep/lib/python3.10/site-packages/sklearn/cluster/_kmeans.py:1412: FutureWarning: The default value of `n_init` will change from 10 to 'auto' in 1.4. Set the value of `n_init` explicitly to suppress the warning
  super()._check_params_vs_input(X, default_n_init=10)
/users3/uccibit/alexsayal/miniconda3/envs/fmriprep/lib/python3.10/site-packages/sklearn/cluster/_kmeans.py:1412: FutureWarning: The default value of `n_init` will change from 10 to 'auto' in 1.4. Set the value of `n_init` explicitly to suppress the warning
  super()._check_params_vs_input(X, default_n_init=10)
/users3/uccibit/alexsayal/miniconda3/envs/fmriprep/lib/python3.10/site-packages/sklearn/cluster/_kmeans.py:1412: FutureWarning: The default value of `n_init` will change from 10 to 'auto' in 1.4. Set the value of `n_init` explicitly to suppress the warning
  super()._check_params_vs_input(X, default_n_init=10)
/users3/uccibit/alexsayal/miniconda3/envs/fmriprep/lib/python3.10/site-packages/sklearn/cluster/_kmeans.py:1412: FutureWarning: The default value of `n_init` will change from 10 to 'auto' in 1.4. Set the value of `n_init` explicitly to suppress the warning
  super()._check_params_vs_input(X, default_n_init=10)
/users3/uccibit/alexsayal/miniconda3/envs/fmriprep/lib/python3.10/site-packages/sklearn/cluster/_kmeans.py:1412: FutureWarning: The default value of `n_init` will change from 10 to 'auto' in 1.4. Set the value of `n_init` explicitly to suppress the warning
  super()._check_params_vs_input(X, default_n_init=10)
/users3/uccibit/alexsayal/miniconda3/envs/fmriprep/lib/python3.10/site-packages/sklearn/cluster/_kmeans.py:1412: FutureWarning: The default value of `n_init` will change from 10 to 'auto' in 1.4. Set the value of `n_init` explicitly to suppress the warning
  super()._check_params_vs_input(X, default_n_init=10)
/users3/uccibit/alexsayal/miniconda3/envs/fmriprep/lib/python3.10/site-packages/sklearn/cluster/_kmeans.py:1412: FutureWarning: The default value of `n_init` will change from 10 to 'auto' in 1.4. Set the value of `n_init` explicitly to suppress the warning
  super()._check_params_vs_input(X, default_n_init=10)
/users3/uccibit/alexsayal/miniconda3/envs/fmriprep/lib/python3.10/site-packages/sklearn/cluster/_kmeans.py:1412: FutureWarning: The default value of `n_init` will change from 10 to 'auto' in 1.4. Set the value of `n_init` explicitly to suppress the warning
  super()._check_params_vs_input(X, default_n_init=10)
/users3/uccibit/alexsayal/miniconda3/envs/fmriprep/lib/python3.10/site-packages/sklearn/cluster/_kmeans.py:1412: FutureWarning: The default value of `n_init` will change from 10 to 'auto' in 1.4. Set the value of `n_init` explicitly to suppress the warning
  super()._check_params_vs_input(X, default_n_init=10)
/users3/uccibit/alexsayal/miniconda3/envs/fmriprep/lib/python3.10/site-packages/sklearn/cluster/_kmeans.py:1412: FutureWarning: The default value of `n_init` will change from 10 to 'auto' in 1.4. Set the value of `n_init` explicitly to suppress the warning
  super()._check_params_vs_input(X, default_n_init=10)
/users3/uccibit/alexsayal/miniconda3/envs/fmriprep/lib/python3.10/site-packages/sklearn/cluster/_kmeans.py:1412: FutureWarning: The default value of `n_init` will change from 10 to 'auto' in 1.4. Set the value of `n_init` explicitly to suppress the warning
  super()._check_params_vs_input(X, default_n_init=10)
/users3/uccibit/alexsayal/miniconda3/envs/fmriprep/lib/python3.10/site-packages/sklearn/cluster/_kmeans.py:1412: FutureWarning: The default value of `n_init` will change from 10 to 'auto' in 1.4. Set the value of `n_init` explicitly to suppress the warning
  super()._check_params_vs_input(X, default_n_init=10)
/users3/uccibit/alexsayal/miniconda3/envs/fmriprep/lib/python3.10/site-packages/sklearn/cluster/_kmeans.py:1412: FutureWarning: The default value of `n_init` will change from 10 to 'auto' in 1.4. Set the value of `n_init` explicitly to suppress the warning
  super()._check_params_vs_input(X, default_n_init=10)
/users3/uccibit/alexsayal/miniconda3/envs/fmriprep/lib/python3.10/site-packages/sklearn/cluster/_kmeans.py:1412: FutureWarning: The default value of `n_init` will change from 10 to 'auto' in 1.4. Set the value of `n_init` explicitly to suppress the warning
  super()._check_params_vs_input(X, default_n_init=10)
/users3/uccibit/alexsayal/miniconda3/envs/fmriprep/lib/python3.10/site-packages/sklearn/cluster/_kmeans.py:1412: FutureWarning: The default value of `n_init` will change from 10 to 'auto' in 1.4. Set the value of `n_init` explicitly to suppress the warning
  super()._check_params_vs_input(X, default_n_init=10)
/users3/uccibit/alexsayal/miniconda3/envs/fmriprep/lib/python3.10/site-packages/sklearn/cluster/_kmeans.py:1412: FutureWarning: The default value of `n_init` will change from 10 to 'auto' in 1.4. Set the value of `n_init` explicitly to suppress the warning
  super()._check_params_vs_input(X, default_n_init=10)
/users3/uccibit/alexsayal/miniconda3/envs/fmriprep/lib/python3.10/site-packages/nilearn/glm/first_level/first_level.py:706: UserWarning: One contrast given, assuming it for all 4 runs
  warn(f'One contrast given, assuming it for all {int(n_runs)} runs')
/users3/uccibit/alexsayal/miniconda3/envs/fmriprep/lib/python3.10/site-packages/sklearn/cluster/_kmeans.py:1412: FutureWarning: The default value of `n_init` will change from 10 to 'auto' in 1.4. Set the value of `n_init` explicitly to suppress the warning
  super()._check_params_vs_input(X, default_n_init=10)
/users3/uccibit/alexsayal/miniconda3/envs/fmriprep/lib/python3.10/site-packages/sklearn/cluster/_kmeans.py:1412: FutureWarning: The default value of `n_init` will change from 10 to 'auto' in 1.4. Set the value of `n_init` explicitly to suppress the warning
  super()._check_params_vs_input(X, default_n_init=10)
/users3/uccibit/alexsayal/miniconda3/envs/fmriprep/lib/python3.10/site-packages/nilearn/glm/first_level/first_level.py:706: UserWarning: One contrast given, assuming it for all 4 runs
  warn(f'One contrast given, assuming it for all {int(n_runs)} runs')
/users3/uccibit/alexsayal/miniconda3/envs/fmriprep/lib/python3.10/site-packages/nilearn/glm/first_level/first_level.py:706: UserWarning: One contrast given, assuming it for all 4 runs
  warn(f'One contrast given, assuming it for all {int(n_runs)} runs')
/users3/uccibit/alexsayal/miniconda3/envs/fmriprep/lib/python3.10/site-packages/nilearn/glm/first_level/first_level.py:706: UserWarning: One contrast given, assuming it for all 4 runs
  warn(f'One contrast given, assuming it for all {int(n_runs)} runs')
/users3/uccibit/alexsayal/miniconda3/envs/fmriprep/lib/python3.10/site-packages/nilearn/glm/first_level/first_level.py:706: UserWarning: One contrast given, assuming it for all 4 runs
  warn(f'One contrast given, assuming it for all {int(n_runs)} runs')
/users3/uccibit/alexsayal/miniconda3/envs/fmriprep/lib/python3.10/site-packages/nilearn/glm/first_level/first_level.py:706: UserWarning: One contrast given, assuming it for all 4 runs
  warn(f'One contrast given, assuming it for all {int(n_runs)} runs')
/users3/uccibit/alexsayal/miniconda3/envs/fmriprep/lib/python3.10/site-packages/nilearn/plotting/displays/_slicers.py:382: UserWarning: empty mask
  get_mask_bounds(new_img_like(img, not_mask, affine))
/users3/uccibit/alexsayal/miniconda3/envs/fmriprep/lib/python3.10/site-packages/nilearn/reporting/_get_clusters_table.py:338: UserWarning: Attention: No clusters with stat higher than 5.174735211457
  warnings.warn(
/users3/uccibit/alexsayal/miniconda3/envs/fmriprep/lib/python3.10/site-packages/nilearn/glm/first_level/first_level.py:706: UserWarning: One contrast given, assuming it for all 4 runs
  warn(f'One contrast given, assuming it for all {int(n_runs)} runs')
/users3/uccibit/alexsayal/miniconda3/envs/fmriprep/lib/python3.10/site-packages/nilearn/reporting/_get_clusters_table.py:338: UserWarning: Attention: No clusters with stat higher than 5.181711187872166
  warnings.warn(
/users3/uccibit/alexsayal/miniconda3/envs/fmriprep/lib/python3.10/site-packages/nilearn/glm/first_level/first_level.py:706: UserWarning: One contrast given, assuming it for all 4 runs
  warn(f'One contrast given, assuming it for all {int(n_runs)} runs')
/users3/uccibit/alexsayal/miniconda3/envs/fmriprep/lib/python3.10/site-packages/nilearn/plotting/displays/_slicers.py:382: UserWarning: empty mask
  get_mask_bounds(new_img_like(img, not_mask, affine))
/users3/uccibit/alexsayal/miniconda3/envs/fmriprep/lib/python3.10/site-packages/nilearn/reporting/_get_clusters_table.py:338: UserWarning: Attention: No clusters with stat higher than 5.174735211457
  warnings.warn(
/users3/uccibit/alexsayal/miniconda3/envs/fmriprep/lib/python3.10/site-packages/nilearn/glm/first_level/first_level.py:706: UserWarning: One contrast given, assuming it for all 4 runs
  warn(f'One contrast given, assuming it for all {int(n_runs)} runs')
/users3/uccibit/alexsayal/miniconda3/envs/fmriprep/lib/python3.10/site-packages/nilearn/reporting/_get_clusters_table.py:338: UserWarning: Attention: No clusters with stat higher than 5.1858774776532295
  warnings.warn(
/users3/uccibit/alexsayal/miniconda3/envs/fmriprep/lib/python3.10/site-packages/nilearn/glm/first_level/first_level.py:706: UserWarning: One contrast given, assuming it for all 4 runs
  warn(f'One contrast given, assuming it for all {int(n_runs)} runs')
/users3/uccibit/alexsayal/miniconda3/envs/fmriprep/lib/python3.10/site-packages/nilearn/reporting/_get_clusters_table.py:338: UserWarning: Attention: No clusters with stat higher than 5.179826869676446
  warnings.warn(
/users3/uccibit/alexsayal/miniconda3/envs/fmriprep/lib/python3.10/site-packages/nilearn/glm/first_level/first_level.py:706: UserWarning: One contrast given, assuming it for all 4 runs
  warn(f'One contrast given, assuming it for all {int(n_runs)} runs')
/users3/uccibit/alexsayal/miniconda3/envs/fmriprep/lib/python3.10/site-packages/nilearn/plotting/displays/_slicers.py:382: UserWarning: empty mask
  get_mask_bounds(new_img_like(img, not_mask, affine))
/users3/uccibit/alexsayal/miniconda3/envs/fmriprep/lib/python3.10/site-packages/nilearn/reporting/_get_clusters_table.py:338: UserWarning: Attention: No clusters with stat higher than 5.174735211457
  warnings.warn(
/users3/uccibit/alexsayal/miniconda3/envs/fmriprep/lib/python3.10/site-packages/nilearn/plotting/displays/_slicers.py:382: UserWarning: empty mask
  get_mask_bounds(new_img_like(img, not_mask, affine))
/users3/uccibit/alexsayal/miniconda3/envs/fmriprep/lib/python3.10/site-packages/nilearn/plotting/displays/_slicers.py:382: UserWarning: empty mask
  get_mask_bounds(new_img_like(img, not_mask, affine))
/users3/uccibit/alexsayal/miniconda3/envs/fmriprep/lib/python3.10/site-packages/nilearn/reporting/_get_clusters_table.py:338: UserWarning: Attention: No clusters with stat higher than 5.181711187872166
  warnings.warn(
/users3/uccibit/alexsayal/miniconda3/envs/fmriprep/lib/python3.10/site-packages/nilearn/reporting/_get_clusters_table.py:338: UserWarning: Attention: No clusters with stat higher than 5.185000360868464
  warnings.warn(
/users3/uccibit/alexsayal/miniconda3/envs/fmriprep/lib/python3.10/site-packages/nilearn/glm/first_level/first_level.py:706: UserWarning: One contrast given, assuming it for all 4 runs
  warn(f'One contrast given, assuming it for all {int(n_runs)} runs')
/users3/uccibit/alexsayal/miniconda3/envs/fmriprep/lib/python3.10/site-packages/nilearn/plotting/displays/_slicers.py:382: UserWarning: empty mask
  get_mask_bounds(new_img_like(img, not_mask, affine))
/users3/uccibit/alexsayal/miniconda3/envs/fmriprep/lib/python3.10/site-packages/nilearn/plotting/displays/_slicers.py:382: UserWarning: empty mask
  get_mask_bounds(new_img_like(img, not_mask, affine))
/users3/uccibit/alexsayal/miniconda3/envs/fmriprep/lib/python3.10/site-packages/nilearn/reporting/_get_clusters_table.py:338: UserWarning: Attention: No clusters with stat higher than 5.176498520998668
  warnings.warn(
/users3/uccibit/alexsayal/miniconda3/envs/fmriprep/lib/python3.10/site-packages/nilearn/glm/first_level/first_level.py:706: UserWarning: One contrast given, assuming it for all 4 runs
  warn(f'One contrast given, assuming it for all {int(n_runs)} runs')
/users3/uccibit/alexsayal/miniconda3/envs/fmriprep/lib/python3.10/site-packages/nilearn/reporting/_get_clusters_table.py:338: UserWarning: Attention: No clusters with stat higher than 5.1858774776532295
  warnings.warn(
/users3/uccibit/alexsayal/miniconda3/envs/fmriprep/lib/python3.10/site-packages/nilearn/plotting/displays/_slicers.py:382: UserWarning: empty mask
  get_mask_bounds(new_img_like(img, not_mask, affine))
/users3/uccibit/alexsayal/miniconda3/envs/fmriprep/lib/python3.10/site-packages/nilearn/reporting/_get_clusters_table.py:338: UserWarning: Attention: No clusters with stat higher than 5.179826869676446
  warnings.warn(
/users3/uccibit/alexsayal/miniconda3/envs/fmriprep/lib/python3.10/site-packages/nilearn/reporting/_get_clusters_table.py:338: UserWarning: Attention: No clusters with stat higher than 5.185000360868464
  warnings.warn(
/users3/uccibit/alexsayal/miniconda3/envs/fmriprep/lib/python3.10/site-packages/nilearn/glm/first_level/first_level.py:706: UserWarning: One contrast given, assuming it for all 4 runs
  warn(f'One contrast given, assuming it for all {int(n_runs)} runs')
/users3/uccibit/alexsayal/miniconda3/envs/fmriprep/lib/python3.10/site-packages/nilearn/plotting/displays/_slicers.py:382: UserWarning: empty mask
  get_mask_bounds(new_img_like(img, not_mask, affine))
/users3/uccibit/alexsayal/miniconda3/envs/fmriprep/lib/python3.10/site-packages/nilearn/reporting/_get_clusters_table.py:338: UserWarning: Attention: No clusters with stat higher than 5.176498520998668
  warnings.warn(
/users3/uccibit/alexsayal/miniconda3/envs/fmriprep/lib/python3.10/site-packages/nilearn/glm/first_level/first_level.py:706: UserWarning: One contrast given, assuming it for all 4 runs
  warn(f'One contrast given, assuming it for all {int(n_runs)} runs')
/users3/uccibit/alexsayal/miniconda3/envs/fmriprep/lib/python3.10/site-packages/nilearn/reporting/_get_clusters_table.py:338: UserWarning: Attention: No clusters with stat higher than 5.185000360868464
  warnings.warn(
/users3/uccibit/alexsayal/miniconda3/envs/fmriprep/lib/python3.10/site-packages/nilearn/plotting/displays/_slicers.py:382: UserWarning: empty mask
  get_mask_bounds(new_img_like(img, not_mask, affine))
/users3/uccibit/alexsayal/miniconda3/envs/fmriprep/lib/python3.10/site-packages/nilearn/reporting/_get_clusters_table.py:338: UserWarning: Attention: No clusters with stat higher than 5.176498520998668
  warnings.warn(
/users3/uccibit/alexsayal/miniconda3/envs/fmriprep/lib/python3.10/site-packages/sklearn/cluster/_kmeans.py:1412: FutureWarning: The default value of `n_init` will change from 10 to 'auto' in 1.4. Set the value of `n_init` explicitly to suppress the warning
  super()._check_params_vs_input(X, default_n_init=10)
/users3/uccibit/alexsayal/miniconda3/envs/fmriprep/lib/python3.10/site-packages/sklearn/cluster/_kmeans.py:1412: FutureWarning: The default value of `n_init` will change from 10 to 'auto' in 1.4. Set the value of `n_init` explicitly to suppress the warning
  super()._check_params_vs_input(X, default_n_init=10)
/users3/uccibit/alexsayal/miniconda3/envs/fmriprep/lib/python3.10/site-packages/sklearn/cluster/_kmeans.py:1412: FutureWarning: The default value of `n_init` will change from 10 to 'auto' in 1.4. Set the value of `n_init` explicitly to suppress the warning
  super()._check_params_vs_input(X, default_n_init=10)
/users3/uccibit/alexsayal/miniconda3/envs/fmriprep/lib/python3.10/site-packages/sklearn/cluster/_kmeans.py:1412: FutureWarning: The default value of `n_init` will change from 10 to 'auto' in 1.4. Set the value of `n_init` explicitly to suppress the warning
  super()._check_params_vs_input(X, default_n_init=10)
/users3/uccibit/alexsayal/miniconda3/envs/fmriprep/lib/python3.10/site-packages/sklearn/cluster/_kmeans.py:1412: FutureWarning: The default value of `n_init` will change from 10 to 'auto' in 1.4. Set the value of `n_init` explicitly to suppress the warning
  super()._check_params_vs_input(X, default_n_init=10)
/users3/uccibit/alexsayal/miniconda3/envs/fmriprep/lib/python3.10/site-packages/sklearn/cluster/_kmeans.py:1412: FutureWarning: The default value of `n_init` will change from 10 to 'auto' in 1.4. Set the value of `n_init` explicitly to suppress the warning
  super()._check_params_vs_input(X, default_n_init=10)
/users3/uccibit/alexsayal/miniconda3/envs/fmriprep/lib/python3.10/site-packages/sklearn/cluster/_kmeans.py:1412: FutureWarning: The default value of `n_init` will change from 10 to 'auto' in 1.4. Set the value of `n_init` explicitly to suppress the warning
  super()._check_params_vs_input(X, default_n_init=10)
/users3/uccibit/alexsayal/miniconda3/envs/fmriprep/lib/python3.10/site-packages/sklearn/cluster/_kmeans.py:1412: FutureWarning: The default value of `n_init` will change from 10 to 'auto' in 1.4. Set the value of `n_init` explicitly to suppress the warning
  super()._check_params_vs_input(X, default_n_init=10)
/users3/uccibit/alexsayal/miniconda3/envs/fmriprep/lib/python3.10/site-packages/sklearn/cluster/_kmeans.py:1412: FutureWarning: The default value of `n_init` will change from 10 to 'auto' in 1.4. Set the value of `n_init` explicitly to suppress the warning
  super()._check_params_vs_input(X, default_n_init=10)
/users3/uccibit/alexsayal/miniconda3/envs/fmriprep/lib/python3.10/site-packages/sklearn/cluster/_kmeans.py:1412: FutureWarning: The default value of `n_init` will change from 10 to 'auto' in 1.4. Set the value of `n_init` explicitly to suppress the warning
  super()._check_params_vs_input(X, default_n_init=10)
/users3/uccibit/alexsayal/miniconda3/envs/fmriprep/lib/python3.10/site-packages/sklearn/cluster/_kmeans.py:1412: FutureWarning: The default value of `n_init` will change from 10 to 'auto' in 1.4. Set the value of `n_init` explicitly to suppress the warning
  super()._check_params_vs_input(X, default_n_init=10)
/users3/uccibit/alexsayal/miniconda3/envs/fmriprep/lib/python3.10/site-packages/sklearn/cluster/_kmeans.py:1412: FutureWarning: The default value of `n_init` will change from 10 to 'auto' in 1.4. Set the value of `n_init` explicitly to suppress the warning
  super()._check_params_vs_input(X, default_n_init=10)
/users3/uccibit/alexsayal/miniconda3/envs/fmriprep/lib/python3.10/site-packages/sklearn/cluster/_kmeans.py:1412: FutureWarning: The default value of `n_init` will change from 10 to 'auto' in 1.4. Set the value of `n_init` explicitly to suppress the warning
  super()._check_params_vs_input(X, default_n_init=10)
/users3/uccibit/alexsayal/miniconda3/envs/fmriprep/lib/python3.10/site-packages/sklearn/cluster/_kmeans.py:1412: FutureWarning: The default value of `n_init` will change from 10 to 'auto' in 1.4. Set the value of `n_init` explicitly to suppress the warning
  super()._check_params_vs_input(X, default_n_init=10)
/users3/uccibit/alexsayal/miniconda3/envs/fmriprep/lib/python3.10/site-packages/sklearn/cluster/_kmeans.py:1412: FutureWarning: The default value of `n_init` will change from 10 to 'auto' in 1.4. Set the value of `n_init` explicitly to suppress the warning
  super()._check_params_vs_input(X, default_n_init=10)
/users3/uccibit/alexsayal/miniconda3/envs/fmriprep/lib/python3.10/site-packages/sklearn/cluster/_kmeans.py:1412: FutureWarning: The default value of `n_init` will change from 10 to 'auto' in 1.4. Set the value of `n_init` explicitly to suppress the warning
  super()._check_params_vs_input(X, default_n_init=10)
/users3/uccibit/alexsayal/miniconda3/envs/fmriprep/lib/python3.10/site-packages/sklearn/cluster/_kmeans.py:1412: FutureWarning: The default value of `n_init` will change from 10 to 'auto' in 1.4. Set the value of `n_init` explicitly to suppress the warning
  super()._check_params_vs_input(X, default_n_init=10)
/users3/uccibit/alexsayal/miniconda3/envs/fmriprep/lib/python3.10/site-packages/sklearn/cluster/_kmeans.py:1412: FutureWarning: The default value of `n_init` will change from 10 to 'auto' in 1.4. Set the value of `n_init` explicitly to suppress the warning
  super()._check_params_vs_input(X, default_n_init=10)
/users3/uccibit/alexsayal/miniconda3/envs/fmriprep/lib/python3.10/site-packages/sklearn/cluster/_kmeans.py:1412: FutureWarning: The default value of `n_init` will change from 10 to 'auto' in 1.4. Set the value of `n_init` explicitly to suppress the warning
  super()._check_params_vs_input(X, default_n_init=10)
/users3/uccibit/alexsayal/miniconda3/envs/fmriprep/lib/python3.10/site-packages/sklearn/cluster/_kmeans.py:1412: FutureWarning: The default value of `n_init` will change from 10 to 'auto' in 1.4. Set the value of `n_init` explicitly to suppress the warning
  super()._check_params_vs_input(X, default_n_init=10)
/users3/uccibit/alexsayal/miniconda3/envs/fmriprep/lib/python3.10/site-packages/sklearn/cluster/_kmeans.py:1412: FutureWarning: The default value of `n_init` will change from 10 to 'auto' in 1.4. Set the value of `n_init` explicitly to suppress the warning
  super()._check_params_vs_input(X, default_n_init=10)
/users3/uccibit/alexsayal/miniconda3/envs/fmriprep/lib/python3.10/site-packages/nilearn/glm/first_level/first_level.py:706: UserWarning: One contrast given, assuming it for all 4 runs
  warn(f'One contrast given, assuming it for all {int(n_runs)} runs')
/users3/uccibit/alexsayal/miniconda3/envs/fmriprep/lib/python3.10/site-packages/nilearn/glm/first_level/first_level.py:706: UserWarning: One contrast given, assuming it for all 4 runs
  warn(f'One contrast given, assuming it for all {int(n_runs)} runs')
/users3/uccibit/alexsayal/miniconda3/envs/fmriprep/lib/python3.10/site-packages/sklearn/cluster/_kmeans.py:1412: FutureWarning: The default value of `n_init` will change from 10 to 'auto' in 1.4. Set the value of `n_init` explicitly to suppress the warning
  super()._check_params_vs_input(X, default_n_init=10)
/users3/uccibit/alexsayal/miniconda3/envs/fmriprep/lib/python3.10/site-packages/sklearn/cluster/_kmeans.py:1412: FutureWarning: The default value of `n_init` will change from 10 to 'auto' in 1.4. Set the value of `n_init` explicitly to suppress the warning
  super()._check_params_vs_input(X, default_n_init=10)
/users3/uccibit/alexsayal/miniconda3/envs/fmriprep/lib/python3.10/site-packages/sklearn/cluster/_kmeans.py:1412: FutureWarning: The default value of `n_init` will change from 10 to 'auto' in 1.4. Set the value of `n_init` explicitly to suppress the warning
  super()._check_params_vs_input(X, default_n_init=10)
/users3/uccibit/alexsayal/miniconda3/envs/fmriprep/lib/python3.10/site-packages/nilearn/glm/first_level/first_level.py:706: UserWarning: One contrast given, assuming it for all 4 runs
  warn(f'One contrast given, assuming it for all {int(n_runs)} runs')
/users3/uccibit/alexsayal/miniconda3/envs/fmriprep/lib/python3.10/site-packages/nilearn/glm/first_level/first_level.py:706: UserWarning: One contrast given, assuming it for all 4 runs
  warn(f'One contrast given, assuming it for all {int(n_runs)} runs')
/users3/uccibit/alexsayal/miniconda3/envs/fmriprep/lib/python3.10/site-packages/nilearn/glm/first_level/first_level.py:706: UserWarning: One contrast given, assuming it for all 4 runs
  warn(f'One contrast given, assuming it for all {int(n_runs)} runs')
/users3/uccibit/alexsayal/miniconda3/envs/fmriprep/lib/python3.10/site-packages/nilearn/glm/first_level/first_level.py:706: UserWarning: One contrast given, assuming it for all 4 runs
  warn(f'One contrast given, assuming it for all {int(n_runs)} runs')
/users3/uccibit/alexsayal/BIDS-BRAINPLAYBACK-TASK2/code/nilearn-python.py:161: RuntimeWarning: More than 20 figures have been opened. Figures created through the pyplot interface (`matplotlib.pyplot.figure`) are retained until explicitly closed and may consume too much memory. (To control this warning, see the rcParam `figure.max_open_warning`). Consider using `matplotlib.pyplot.close()`.
  figure=plt.figure(figsize=(10, 4)),
/users3/uccibit/alexsayal/BIDS-BRAINPLAYBACK-TASK2/code/nilearn-python.py:161: RuntimeWarning: More than 20 figures have been opened. Figures created through the pyplot interface (`matplotlib.pyplot.figure`) are retained until explicitly closed and may consume too much memory. (To control this warning, see the rcParam `figure.max_open_warning`). Consider using `matplotlib.pyplot.close()`.
  figure=plt.figure(figsize=(10, 4)),
/users3/uccibit/alexsayal/BIDS-BRAINPLAYBACK-TASK2/code/nilearn-python.py:161: RuntimeWarning: More than 20 figures have been opened. Figures created through the pyplot interface (`matplotlib.pyplot.figure`) are retained until explicitly closed and may consume too much memory. (To control this warning, see the rcParam `figure.max_open_warning`). Consider using `matplotlib.pyplot.close()`.
  figure=plt.figure(figsize=(10, 4)),
/users3/uccibit/alexsayal/BIDS-BRAINPLAYBACK-TASK2/code/nilearn-python.py:161: RuntimeWarning: More than 20 figures have been opened. Figures created through the pyplot interface (`matplotlib.pyplot.figure`) are retained until explicitly closed and may consume too much memory. (To control this warning, see the rcParam `figure.max_open_warning`). Consider using `matplotlib.pyplot.close()`.
  figure=plt.figure(figsize=(10, 4)),
/users3/uccibit/alexsayal/BIDS-BRAINPLAYBACK-TASK2/code/nilearn-python.py:161: RuntimeWarning: More than 20 figures have been opened. Figures created through the pyplot interface (`matplotlib.pyplot.figure`) are retained until explicitly closed and may consume too much memory. (To control this warning, see the rcParam `figure.max_open_warning`). Consider using `matplotlib.pyplot.close()`.
  figure=plt.figure(figsize=(10, 4)),
/users3/uccibit/alexsayal/BIDS-BRAINPLAYBACK-TASK2/code/nilearn-python.py:161: RuntimeWarning: More than 20 figures have been opened. Figures created through the pyplot interface (`matplotlib.pyplot.figure`) are retained until explicitly closed and may consume too much memory. (To control this warning, see the rcParam `figure.max_open_warning`). Consider using `matplotlib.pyplot.close()`.
  figure=plt.figure(figsize=(10, 4)),
/users3/uccibit/alexsayal/miniconda3/envs/fmriprep/lib/python3.10/site-packages/nilearn/plotting/displays/_slicers.py:382: UserWarning: empty mask
  get_mask_bounds(new_img_like(img, not_mask, affine))
/users3/uccibit/alexsayal/miniconda3/envs/fmriprep/lib/python3.10/site-packages/nilearn/reporting/_get_clusters_table.py:338: UserWarning: Attention: No clusters with stat higher than 5.1793423143137876
  warnings.warn(
/users3/uccibit/alexsayal/miniconda3/envs/fmriprep/lib/python3.10/site-packages/nilearn/glm/first_level/first_level.py:706: UserWarning: One contrast given, assuming it for all 4 runs
  warn(f'One contrast given, assuming it for all {int(n_runs)} runs')
/users3/uccibit/alexsayal/miniconda3/envs/fmriprep/lib/python3.10/site-packages/nilearn/reporting/_get_clusters_table.py:338: UserWarning: Attention: No clusters with stat higher than 5.180328307076265
  warnings.warn(
/users3/uccibit/alexsayal/miniconda3/envs/fmriprep/lib/python3.10/site-packages/nilearn/glm/first_level/first_level.py:706: UserWarning: One contrast given, assuming it for all 4 runs
  warn(f'One contrast given, assuming it for all {int(n_runs)} runs')
/users3/uccibit/alexsayal/miniconda3/envs/fmriprep/lib/python3.10/site-packages/nilearn/plotting/displays/_slicers.py:382: UserWarning: empty mask
  get_mask_bounds(new_img_like(img, not_mask, affine))
/users3/uccibit/alexsayal/miniconda3/envs/fmriprep/lib/python3.10/site-packages/nilearn/plotting/displays/_slicers.py:382: UserWarning: empty mask
  get_mask_bounds(new_img_like(img, not_mask, affine))
/users3/uccibit/alexsayal/miniconda3/envs/fmriprep/lib/python3.10/site-packages/nilearn/reporting/_get_clusters_table.py:338: UserWarning: Attention: No clusters with stat higher than 5.1861761037895775
  warnings.warn(
/users3/uccibit/alexsayal/miniconda3/envs/fmriprep/lib/python3.10/site-packages/nilearn/glm/first_level/first_level.py:706: UserWarning: One contrast given, assuming it for all 4 runs
  warn(f'One contrast given, assuming it for all {int(n_runs)} runs')
/users3/uccibit/alexsayal/miniconda3/envs/fmriprep/lib/python3.10/site-packages/nilearn/reporting/_get_clusters_table.py:338: UserWarning: Attention: No clusters with stat higher than 5.1793423143137876
  warnings.warn(
/users3/uccibit/alexsayal/miniconda3/envs/fmriprep/lib/python3.10/site-packages/nilearn/glm/first_level/first_level.py:706: UserWarning: One contrast given, assuming it for all 4 runs
  warn(f'One contrast given, assuming it for all {int(n_runs)} runs')
/users3/uccibit/alexsayal/miniconda3/envs/fmriprep/lib/python3.10/site-packages/nilearn/plotting/displays/_slicers.py:382: UserWarning: empty mask
  get_mask_bounds(new_img_like(img, not_mask, affine))
/users3/uccibit/alexsayal/miniconda3/envs/fmriprep/lib/python3.10/site-packages/nilearn/plotting/displays/_slicers.py:382: UserWarning: empty mask
  get_mask_bounds(new_img_like(img, not_mask, affine))
/users3/uccibit/alexsayal/miniconda3/envs/fmriprep/lib/python3.10/site-packages/nilearn/reporting/_get_clusters_table.py:338: UserWarning: Attention: No clusters with stat higher than 5.1861761037895775
  warnings.warn(
/users3/uccibit/alexsayal/miniconda3/envs/fmriprep/lib/python3.10/site-packages/nilearn/glm/first_level/first_level.py:706: UserWarning: One contrast given, assuming it for all 4 runs
  warn(f'One contrast given, assuming it for all {int(n_runs)} runs')
/users3/uccibit/alexsayal/miniconda3/envs/fmriprep/lib/python3.10/site-packages/nilearn/reporting/_get_clusters_table.py:338: UserWarning: Attention: No clusters with stat higher than 5.1793423143137876
  warnings.warn(
/users3/uccibit/alexsayal/miniconda3/envs/fmriprep/lib/python3.10/site-packages/nilearn/reporting/_get_clusters_table.py:338: UserWarning: Attention: No clusters with stat higher than 5.182869397025119
  warnings.warn(
/users3/uccibit/alexsayal/miniconda3/envs/fmriprep/lib/python3.10/site-packages/nilearn/glm/first_level/first_level.py:706: UserWarning: One contrast given, assuming it for all 4 runs
  warn(f'One contrast given, assuming it for all {int(n_runs)} runs')
/users3/uccibit/alexsayal/miniconda3/envs/fmriprep/lib/python3.10/site-packages/nilearn/reporting/_get_clusters_table.py:338: UserWarning: Attention: No clusters with stat higher than 5.177942764364008
  warnings.warn(
/users3/uccibit/alexsayal/miniconda3/envs/fmriprep/lib/python3.10/site-packages/nilearn/glm/first_level/first_level.py:706: UserWarning: One contrast given, assuming it for all 4 runs
  warn(f'One contrast given, assuming it for all {int(n_runs)} runs')
/users3/uccibit/alexsayal/miniconda3/envs/fmriprep/lib/python3.10/site-packages/nilearn/plotting/displays/_slicers.py:382: UserWarning: empty mask
  get_mask_bounds(new_img_like(img, not_mask, affine))
/users3/uccibit/alexsayal/miniconda3/envs/fmriprep/lib/python3.10/site-packages/nilearn/reporting/_get_clusters_table.py:338: UserWarning: Attention: No clusters with stat higher than 5.1861761037895775
  warnings.warn(
/users3/uccibit/alexsayal/miniconda3/envs/fmriprep/lib/python3.10/site-packages/nilearn/reporting/_get_clusters_table.py:338: UserWarning: Attention: No clusters with stat higher than 5.180328307076265
  warnings.warn(
/users3/uccibit/alexsayal/miniconda3/envs/fmriprep/lib/python3.10/site-packages/nilearn/plotting/displays/_slicers.py:382: UserWarning: empty mask
  get_mask_bounds(new_img_like(img, not_mask, affine))
/users3/uccibit/alexsayal/miniconda3/envs/fmriprep/lib/python3.10/site-packages/nilearn/plotting/displays/_slicers.py:382: UserWarning: empty mask
  get_mask_bounds(new_img_like(img, not_mask, affine))
/users3/uccibit/alexsayal/miniconda3/envs/fmriprep/lib/python3.10/site-packages/nilearn/reporting/_get_clusters_table.py:338: UserWarning: Attention: No clusters with stat higher than 5.177764331257191
  warnings.warn(
/users3/uccibit/alexsayal/miniconda3/envs/fmriprep/lib/python3.10/site-packages/nilearn/glm/first_level/first_level.py:706: UserWarning: One contrast given, assuming it for all 4 runs
  warn(f'One contrast given, assuming it for all {int(n_runs)} runs')
/users3/uccibit/alexsayal/miniconda3/envs/fmriprep/lib/python3.10/site-packages/nilearn/reporting/_get_clusters_table.py:338: UserWarning: Attention: No clusters with stat higher than 5.182869397025119
  warnings.warn(
/users3/uccibit/alexsayal/miniconda3/envs/fmriprep/lib/python3.10/site-packages/nilearn/glm/first_level/first_level.py:706: UserWarning: One contrast given, assuming it for all 4 runs
  warn(f'One contrast given, assuming it for all {int(n_runs)} runs')
/users3/uccibit/alexsayal/miniconda3/envs/fmriprep/lib/python3.10/site-packages/nilearn/plotting/displays/_slicers.py:382: UserWarning: empty mask
  get_mask_bounds(new_img_like(img, not_mask, affine))
/users3/uccibit/alexsayal/miniconda3/envs/fmriprep/lib/python3.10/site-packages/nilearn/reporting/_get_clusters_table.py:338: UserWarning: Attention: No clusters with stat higher than 5.177764331257191
  warnings.warn(
/users3/uccibit/alexsayal/miniconda3/envs/fmriprep/lib/python3.10/site-packages/sklearn/cluster/_kmeans.py:1412: FutureWarning: The default value of `n_init` will change from 10 to 'auto' in 1.4. Set the value of `n_init` explicitly to suppress the warning
  super()._check_params_vs_input(X, default_n_init=10)
/users3/uccibit/alexsayal/miniconda3/envs/fmriprep/lib/python3.10/site-packages/nilearn/plotting/displays/_slicers.py:382: UserWarning: empty mask
  get_mask_bounds(new_img_like(img, not_mask, affine))
/users3/uccibit/alexsayal/miniconda3/envs/fmriprep/lib/python3.10/site-packages/nilearn/reporting/_get_clusters_table.py:338: UserWarning: Attention: No clusters with stat higher than 5.177942764364008
  warnings.warn(
/users3/uccibit/alexsayal/miniconda3/envs/fmriprep/lib/python3.10/site-packages/sklearn/cluster/_kmeans.py:1412: FutureWarning: The default value of `n_init` will change from 10 to 'auto' in 1.4. Set the value of `n_init` explicitly to suppress the warning
  super()._check_params_vs_input(X, default_n_init=10)
/users3/uccibit/alexsayal/miniconda3/envs/fmriprep/lib/python3.10/site-packages/sklearn/cluster/_kmeans.py:1412: FutureWarning: The default value of `n_init` will change from 10 to 'auto' in 1.4. Set the value of `n_init` explicitly to suppress the warning
  super()._check_params_vs_input(X, default_n_init=10)
/users3/uccibit/alexsayal/miniconda3/envs/fmriprep/lib/python3.10/site-packages/sklearn/cluster/_kmeans.py:1412: FutureWarning: The default value of `n_init` will change from 10 to 'auto' in 1.4. Set the value of `n_init` explicitly to suppress the warning
  super()._check_params_vs_input(X, default_n_init=10)
/users3/uccibit/alexsayal/miniconda3/envs/fmriprep/lib/python3.10/site-packages/nilearn/glm/first_level/first_level.py:706: UserWarning: One contrast given, assuming it for all 4 runs
  warn(f'One contrast given, assuming it for all {int(n_runs)} runs')
/users3/uccibit/alexsayal/miniconda3/envs/fmriprep/lib/python3.10/site-packages/nilearn/plotting/displays/_slicers.py:382: UserWarning: empty mask
  get_mask_bounds(new_img_like(img, not_mask, affine))
/users3/uccibit/alexsayal/miniconda3/envs/fmriprep/lib/python3.10/site-packages/nilearn/reporting/_get_clusters_table.py:338: UserWarning: Attention: No clusters with stat higher than 5.1880169409099945
  warnings.warn(
/users3/uccibit/alexsayal/miniconda3/envs/fmriprep/lib/python3.10/site-packages/nilearn/glm/first_level/first_level.py:706: UserWarning: One contrast given, assuming it for all 4 runs
  warn(f'One contrast given, assuming it for all {int(n_runs)} runs')
/users3/uccibit/alexsayal/miniconda3/envs/fmriprep/lib/python3.10/site-packages/nilearn/plotting/displays/_slicers.py:382: UserWarning: empty mask
  get_mask_bounds(new_img_like(img, not_mask, affine))
/users3/uccibit/alexsayal/miniconda3/envs/fmriprep/lib/python3.10/site-packages/nilearn/reporting/_get_clusters_table.py:338: UserWarning: Attention: No clusters with stat higher than 5.1880169409099945
  warnings.warn(
/users3/uccibit/alexsayal/miniconda3/envs/fmriprep/lib/python3.10/site-packages/nilearn/glm/first_level/first_level.py:706: UserWarning: One contrast given, assuming it for all 4 runs
  warn(f'One contrast given, assuming it for all {int(n_runs)} runs')
/users3/uccibit/alexsayal/miniconda3/envs/fmriprep/lib/python3.10/site-packages/nilearn/reporting/_get_clusters_table.py:338: UserWarning: Attention: No clusters with stat higher than 5.1880169409099945
  warnings.warn(
